

Build and version information

Build number 6.0.11
Build date   20231121
Built:       
      by     jordivilla
      on     P-0515
      git id d993af2a20623fcf9dc867341fb6902d395c0ec9
      with   GNU Fortran Ubuntu 12.3.0-1ubuntu1~23.04 12.3.0
Qdyn version 6.0.11 , git id=d993af2a20623fcf9dc867341fb6902d395c0ec9 initialising
Current date 2024- 1- 3 and time 18:40:49

Welcome in qdyn modification date 20231121

 Q6, Copyright © 2017 Johan Åqvist, John Marelius, Shina Caroline Lynn Kamerlin and Paul Bauer
 Q6 comes with ABSOLUTELY NO WARRANTY.  This is free software, and you are welcome
 to redistribute it under certain conditions. For details, add the --help flag.

----------------------- Reading input from relax_008.inp ----------------------
Build and version information

Build number 6.0.11
Build date   20231121
Built:       
      by     jordivilla
      on     P-0515
      git id d993af2a20623fcf9dc867341fb6902d395c0ec9
      with   GNU Fortran Ubuntu 12.3.0-1ubuntu1~23.04 12.3.0
Qdyn version 6.0.11 , git id=d993af2a20623fcf9dc867341fb6902d395c0ec9 initialising
Build and version information
Current date 2024- 1- 3 and time 18:40:49

Welcome in qdyn modification date 20231121

 Q6, Copyright © 2017 Johan Åqvist, John Marelius, Shina Caroline Lynn Kamerlin and Paul Bauer
 Q6 comes with ABSOLUTELY NO WARRANTY.  This is free software, and you are welcome
 to redistribute it under certain conditions. For details, add the --help flag.

Build and version information
----------------------- Reading input from relax_008.inp ----------------------


Build number 6.0.11
Build number 6.0.11
Build date   20231121
Built:       
Build date   20231121
      by     jordivilla
      on     P-0515
      git id d993af2a20623fcf9dc867341fb6902d395c0ec9
      with   GNU Fortran Ubuntu 12.3.0-1ubuntu1~23.04 12.3.0
Built:       
Number of MD steps =       200  Stepsize (fs)    =     1.000
 Not being verbose in temperature print out
Qdyn version 6.0.11 , git id=d993af2a20623fcf9dc867341fb6902d395c0ec9 initialising
      by     jordivilla
      on     P-0515
      git id d993af2a20623fcf9dc867341fb6902d395c0ec9
      with   GNU Fortran Ubuntu 12.3.0-1ubuntu1~23.04 12.3.0
Qdyn version 6.0.11 , git id=d993af2a20623fcf9dc867341fb6902d395c0ec9 initialising
Target temperature =    300.00  T-relax time     =    100.00
 No thermostat chosen. Berendsen thermostat will be used.

 Leap frog integrator used by default.
Solute and solvent atoms coupled separately to heat bath.
May redefine groups in later section
Current date 2024- 1- 3 and time 18:40:49

Current date 2024- 1- 3 and time 18:40:49
 Using Shake as the constraint algorithm
Shake constraints on solvent bonds to hydrogens : on 
Shake constraints on solute bonds to any atoms : off
Nonbonded method   = LRF Taylor expansion outside cut-off
Welcome in qdyn modification date 20231121

 Q6, Copyright © 2017 Johan Åqvist, John Marelius, Shina Caroline Lynn Kamerlin and Paul Bauer
 Q6 comes with ABSOLUTELY NO WARRANTY.  This is free software, and you are welcome
 to redistribute it under certain conditions. For details, add the --help flag.
Using default temperature coupling groups
Boundary: sphere
----------------------- Reading input from relax_008.inp ----------------------

Welcome in qdyn modification date 20231121

 Q6, Copyright © 2017 Johan Åqvist, John Marelius, Shina Caroline Lynn Kamerlin and Paul Bauer
 Q6 comes with ABSOLUTELY NO WARRANTY.  This is free software, and you are welcome
 to redistribute it under certain conditions. For details, add the --help flag.
Cut-off radii for non-bonded interactions:
----------------------- Reading input from relax_008.inp ----------------------
Solute-solute:     10.00
Solvent-solvent:   10.00
Solute-solvent:    10.00
Q-atom-non-Q-atom: 99.00
LRF:               99.00
Number of MD steps =       200  Stepsize (fs)    =     1.000
 Not being verbose in temperature print out
 Radius of inner restrained shell set to 85% of exclusion shell radius.
Target temperature =    300.00  T-relax time     =    100.00
Number of MD steps =       200  Stepsize (fs)    =     1.000
 Not being verbose in temperature print out
Radius of inner restrained shell       =       0.850
Polarization force update at default 10/ps
Update every  100 steps
temperature print-out interval set to default.
Build and version information

Non-bonded pair list update interval   =      30
Energy summary print-out interval      =     200
Temperature print-out interval         =      10
Target temperature =    300.00  T-relax time     =    100.00
 No thermostat chosen. Berendsen thermostat will be used.
Trajectory write interval              =     200
No energy file written.
All atoms will be included in the trajectory.
Topology file      = RRDiol.top
Initial coord. file= relax_007.re
Final coord. file  = relax_008.re
Trajectory file    = relax_008.dcd
 Leap frog integrator used by default.
FEP input file     = RRD_Diol.fep

Solute and solvent atoms coupled separately to heat bath.
May redefine groups in later section
 No thermostat chosen. Berendsen thermostat will be used.
lambda-values      =  0.90000 0.10000
 Using Shake as the constraint algorithm
Shake constraints on solvent bonds to hydrogens : on 
Shake constraints on solute bonds to any atoms : off
 Leap frog integrator used by default.
Nonbonded method   = LRF Taylor expansion outside cut-off
Using default temperature coupling groups
Boundary: sphere
Solute and solvent atoms coupled separately to heat bath.
May redefine groups in later section
Cut-off radii for non-bonded interactions:

List of excluded atom groups
No QCP section found, will not try to use RPMD.

Listing of restraining data:

 Using Shake as the constraint algorithm
Shake constraints on solvent bonds to hydrogens : on 
Shake constraints on solute bonds to any atoms : off
Build and version information

Build number 6.0.11
Nonbonded method   = LRF Taylor expansion outside cut-off
Using default temperature coupling groups
Boundary: sphere
Build date   20231121
Built:       
      by     jordivilla
      on     P-0515
      git id d993af2a20623fcf9dc867341fb6902d395c0ec9
      with   GNU Fortran Ubuntu 12.3.0-1ubuntu1~23.04 12.3.0
Qdyn version 6.0.11 , git id=d993af2a20623fcf9dc867341fb6902d395c0ec9 initialising
Cut-off radii for non-bonded interactions:
Solute-solute:     10.00
Solvent-solvent:   10.00
Solute-solvent:    10.00
Q-atom-non-Q-atom: 99.00
LRF:               99.00
 Radius of inner restrained shell set to 85% of exclusion shell radius.
Radius of inner restrained shell       =       0.850
Polarization force update at default 10/ps
Update every  100 steps
---------------------------- Reading topology file ---------------------------
temperature print-out interval set to default.
Current date 2024- 1- 3 and time 18:40:49

Non-bonded pair list update interval   =      30
Welcome in qdyn modification date 20231121

 Q6, Copyright © 2017 Johan Åqvist, John Marelius, Shina Caroline Lynn Kamerlin and Paul Bauer
 Q6 comes with ABSOLUTELY NO WARRANTY.  This is free software, and you are welcome
 to redistribute it under certain conditions. For details, add the --help flag.
Energy summary print-out interval      =     200
Temperature print-out interval         =      10
Trajectory write interval              =     200
No energy file written.
All atoms will be included in the trajectory.
Topology file      = RRDiol.top
Initial coord. file= relax_007.re
./RRDiol/RRDiol.top                                                             

----------------------- Reading input from relax_008.inp ----------------------
Final coord. file  = relax_008.re
Trajectory file    = relax_008.dcd
FEP input file     = RRD_Diol.fep

No. of solute atoms     =       4755
No. of solvent atoms    =       1269
Solvent dielectric*1000 =     80100
lambda-values      =  0.90000 0.10000
Solute-solute:     10.00

List of excluded atom groups
No QCP section found, will not try to use RPMD.

Listing of restraining data:
Solvent-solvent:   10.00
Solute-solvent:    10.00
Q-atom-non-Q-atom: 99.00
---------------------------- Reading topology file ---------------------------
LRF:               99.00
 Radius of inner restrained shell set to 85% of exclusion shell radius.
Number of MD steps =       200  Stepsize (fs)    =     1.000
Build number 6.0.11
Build date   20231121
Built:       
      by     jordivilla
      on     P-0515
      git id d993af2a20623fcf9dc867341fb6902d395c0ec9
      with   GNU Fortran Ubuntu 12.3.0-1ubuntu1~23.04 12.3.0
Radius of inner restrained shell       =       0.850
Polarization force update at default 10/ps
Update every  100 steps
temperature print-out interval set to default.
./RRDiol/RRDiol.top                                                             

Non-bonded pair list update interval   =      30
Energy summary print-out interval      =     200
No. of solute atoms     =       4755
No. of solvent atoms    =       1269
Temperature print-out interval         =      10
Trajectory write interval              =     200
No energy file written.
All atoms will be included in the trajectory.
Solvent dielectric*1000 =     80100
Topology file      = RRDiol.top
Initial coord. file= relax_007.re
Final coord. file  = relax_008.re
Trajectory file    = relax_008.dcd
FEP input file     = RRD_Diol.fep

 Not being verbose in temperature print out
lambda-values      =  0.90000 0.10000

List of excluded atom groups
No QCP section found, will not try to use RPMD.

Listing of restraining data:
Target temperature =    300.00  T-relax time     =    100.00
 No thermostat chosen. Berendsen thermostat will be used.
Qdyn version 6.0.11 , git id=d993af2a20623fcf9dc867341fb6902d395c0ec9 initialising
---------------------------- Reading topology file ---------------------------
 Leap frog integrator used by default.
Solute and solvent atoms coupled separately to heat bath.
May redefine groups in later section
 Using Shake as the constraint algorithm
./RRDiol/RRDiol.top                                                             
Shake constraints on solvent bonds to hydrogens : on 
Shake constraints on solute bonds to any atoms : off
Nonbonded method   = LRF Taylor expansion outside cut-off
Using default temperature coupling groups
Boundary: sphere
Cut-off radii for non-bonded interactions:
Solute-solute:     10.00
Number of MD steps =       200  Stepsize (fs)    =     1.000
 Not being verbose in temperature print out
Target temperature =    300.00  T-relax time     =    100.00
 No thermostat chosen. Berendsen thermostat will be used.
 Leap frog integrator used by default.
Solute and solvent atoms coupled separately to heat bath.
May redefine groups in later section
 Using Shake as the constraint algorithm
Shake constraints on solvent bonds to hydrogens : on 
Shake constraints on solute bonds to any atoms : off
Nonbonded method   = LRF Taylor expansion outside cut-off
Using default temperature coupling groups
Boundary: sphere
Cut-off radii for non-bonded interactions:
Solute-solute:     10.00
Solvent-solvent:   10.00
Solute-solvent:    10.00
Q-atom-non-Q-atom: 99.00
LRF:               99.00
 Radius of inner restrained shell set to 85% of exclusion shell radius.
Radius of inner restrained shell       =       0.850
Polarization force update at default 10/ps
Update every  100 steps
temperature print-out interval set to default.
Non-bonded pair list update interval   =      30
Energy summary print-out interval      =     200
Temperature print-out interval         =      10
Trajectory write interval              =     200
No energy file written.
All atoms will be included in the trajectory.
Topology file      = RRDiol.top
Initial coord. file= relax_007.re

No. of solute atoms     =       4755
No. of solvent atoms    =       1269
Solvent dielectric*1000 =     80100
Current date 2024- 1- 3 and time 18:40:49

Welcome in qdyn modification date 20231121

 Q6, Copyright © 2017 Johan Åqvist, John Marelius, Shina Caroline Lynn Kamerlin and Paul Bauer
 Q6 comes with ABSOLUTELY NO WARRANTY.  This is free software, and you are welcome
 to redistribute it under certain conditions. For details, add the --help flag.
----------------------- Reading input from relax_008.inp ----------------------
Number of MD steps =       200  Stepsize (fs)    =     1.000
 Not being verbose in temperature print out
Target temperature =    300.00  T-relax time     =    100.00
 No thermostat chosen. Berendsen thermostat will be used.
 Leap frog integrator used by default.
Solute and solvent atoms coupled separately to heat bath.
May redefine groups in later section
Final coord. file  = relax_008.re
Trajectory file    = relax_008.dcd
FEP input file     = RRD_Diol.fep

lambda-values      =  0.90000 0.10000
Solvent-solvent:   10.00

List of excluded atom groups
No QCP section found, will not try to use RPMD.

Listing of restraining data:
Solute-solvent:    10.00
Q-atom-non-Q-atom: 99.00
LRF:               99.00
 Using Shake as the constraint algorithm
---------------------------- Reading topology file ---------------------------
 Radius of inner restrained shell set to 85% of exclusion shell radius.
Shake constraints on solvent bonds to hydrogens : on 
Shake constraints on solute bonds to any atoms : off
./RRDiol/RRDiol.top                                                             
Radius of inner restrained shell       =       0.850
Polarization force update at default 10/ps
Update every  100 steps
temperature print-out interval set to default.
Nonbonded method   = LRF Taylor expansion outside cut-off
Using default temperature coupling groups
Boundary: sphere
Non-bonded pair list update interval   =      30
Energy summary print-out interval      =     200
Temperature print-out interval         =      10
Trajectory write interval              =     200
No energy file written.
All atoms will be included in the trajectory.
Topology file      = RRDiol.top
Initial coord. file= relax_007.re
Final coord. file  = relax_008.re
Trajectory file    = relax_008.dcd
FEP input file     = RRD_Diol.fep


lambda-values      =  0.90000 0.10000

List of excluded atom groups
No QCP section found, will not try to use RPMD.

Listing of restraining data:
No. of solute atoms     =       4755
No. of solvent atoms    =       1269
Solvent dielectric*1000 =     80100
Cut-off radii for non-bonded interactions:
---------------------------- Reading topology file ---------------------------
Solute-solute:     10.00
Solvent-solvent:   10.00
Solute-solvent:    10.00
Q-atom-non-Q-atom: 99.00
LRF:               99.00
./RRDiol/RRDiol.top                                                             
 Radius of inner restrained shell set to 85% of exclusion shell radius.
Radius of inner restrained shell       =       0.850
Polarization force update at default 10/ps
Update every  100 steps
temperature print-out interval set to default.
Non-bonded pair list update interval   =      30

No. of solute atoms     =       4755
No. of solvent atoms    =       1269
Solvent dielectric*1000 =     80100
Energy summary print-out interval      =     200
Temperature print-out interval         =      10
Trajectory write interval              =     200
No energy file written.
All atoms will be included in the trajectory.
Topology file      = RRDiol.top
Initial coord. file= relax_007.re
Final coord. file  = relax_008.re
Trajectory file    = relax_008.dcd
FEP input file     = RRD_Diol.fep

lambda-values      =  0.90000 0.10000

List of excluded atom groups
No QCP section found, will not try to use RPMD.

Listing of restraining data:
---------------------------- Reading topology file ---------------------------
./RRDiol/RRDiol.top                                                             

No. of solute atoms     =       4755
No. of solvent atoms    =       1269
Solvent dielectric*1000 =     80100
No. of coordinates      =      18072
No. of atom type codes  =       6024
No. of solute bonds     =       4810
No. of solvent bonds    =       1269
No. of solute angles    =       8715
No. of solvent angles   =        423
No. of coordinates      =      18072
No. of coordinates      =      18072
No. of coordinates      =      18072
No. of coordinates      =      18072
No. of atom type codes  =       6024
No. of solute bonds     =       4810
No. of solvent bonds    =       1269
No. of atom type codes  =       6024
No. of solute bonds     =       4810
No. of solvent bonds    =       1269
No. of atom type codes  =       6024
No. of solute bonds     =       4810
No. of solvent bonds    =       1269
No. of coordinates      =      18072
No. of atom type codes  =       6024
No. of solute bonds     =       4810
No. of solvent bonds    =       1269
No. of atom type codes  =       6024
No. of solute bonds     =       4810
No. of solvent bonds    =       1269
No. of solute angles    =       8715
No. of solvent angles   =        423
No. of solute torsions  =      16781
No. of solvent torsions =          0
No. of solute angles    =       8715
No. of solvent angles   =        423
No. of solute angles    =       8715
No. of solvent angles   =        423
No. of solute angles    =       8715
No. of solvent angles   =        423
No. of solute angles    =       8715
No. of solvent angles   =        423
No. of solute torsions  =      16781
No. of solvent torsions =          0
No. of solute torsions  =      16781
No. of solvent torsions =          0
No. of solute torsions  =      16781
No. of solvent torsions =          0
No. of solute torsions  =      16781
No. of solvent torsions =          0
No. of solute torsions  =      16781
No. of solvent torsions =          0
No. of solute impropers =        951
No. of solvent impropers=          0
No. of atomic charges   =       6024
No. of solute chargegrps=        675
No. of solvent chargegps=        423
Charge group cut-off    : Switching atoms
vdW  rule [ 1=G / 2=A ] =          1
El-static 1-4 damping   =      0.500
Coulomb constant        =   332.0000
No. of atom types       =        111
No. of LJ type 2 pairs  =          0
No. of heavy atoms      =       2803
No. of 1-4 neighbours   =      12665
No. of solute impropers =        951
No. of solvent impropers=          0
No. of solute impropers =        951
No. of solvent impropers=          0
No. of solute impropers =        951
No. of solvent impropers=          0
No. of solute impropers =        951
No. of solvent impropers=          0
No. of solute impropers =        951
No. of solvent impropers=          0
No. of atomic charges   =       6024
No. of solute chargegrps=        675
No. of solvent chargegps=        423
No. long-range 1-4 nbrs =          6
No. of nbor exclusions  =      15217
No. of atomic charges   =       6024
No. of solute chargegrps=        675
No. of solvent chargegps=        423
Charge group cut-off    : Switching atoms
vdW  rule [ 1=G / 2=A ] =          1
El-static 1-4 damping   =      0.500
Coulomb constant        =   332.0000
No. of atom types       =        111
No. of LJ type 2 pairs  =          0
No. of heavy atoms      =       2803
No. of 1-4 neighbours   =      12665
No. of atomic charges   =       6024
No. of solute chargegrps=        675
Charge group cut-off    : Switching atoms
vdW  rule [ 1=G / 2=A ] =          1
No. of solvent chargegps=        423
El-static 1-4 damping   =      0.500
Coulomb constant        =   332.0000
No. of atomic charges   =       6024
No. of solute chargegrps=        675
No. of solvent chargegps=        423
No. of atom types       =        111
No. of LJ type 2 pairs  =          0
No. of heavy atoms      =       2803
No. of 1-4 neighbours   =      12665
No. of atomic charges   =       6024
No. of solute chargegrps=        675
No. of solvent chargegps=        423
Charge group cut-off    : Switching atoms
vdW  rule [ 1=G / 2=A ] =          1
El-static 1-4 damping   =      0.500
Coulomb constant        =   332.0000
Charge group cut-off    : Switching atoms
vdW  rule [ 1=G / 2=A ] =          1
El-static 1-4 damping   =      0.500
Coulomb constant        =   332.0000
No. of atom types       =        111
No. of LJ type 2 pairs  =          0
No. of heavy atoms      =       2803
No. of 1-4 neighbours   =      12665
No. of atom types       =        111
No. of LJ type 2 pairs  =          0
No. of heavy atoms      =       2803
No. of 1-4 neighbours   =      12665
Charge group cut-off    : Switching atoms
vdW  rule [ 1=G / 2=A ] =          1
El-static 1-4 damping   =      0.500
Coulomb constant        =   332.0000
No. of atom types       =        111
No. of LJ type 2 pairs  =          0
No. of heavy atoms      =       2803
No. of 1-4 neighbours   =      12665
No. of long-range excls =          0
No. of residues         =        725
No of solute residues   =        302
No. of molecules        =        428
Atom type names         =        111
SYBYL atom types        =        111
Boundary: sphere
Exclusion radius        =     20.000
Eff. solvent radius     =     19.620
Solvent density         =   0.03350000
Solute centre           =      8.301    -6.381    -2.992
Solvent centre          =      8.301    -6.381    -2.992
No. of excluded atoms   =       2491
Molecular topology read successfully.

Found      539 solute atoms in the restrained shell region ( 17.00 to  20.00)
----------------------------- Reading restart file ----------------------------
No. long-range 1-4 nbrs =          6
No. of nbor exclusions  =      15217
Total number of atoms        =    6024
Number of waters encountered =     423

----------------------------- Reading Q atom list ----------------------------
No. long-range 1-4 nbrs =          6
No. of nbor exclusions  =      15217
No. of fep/evb states    =     2
No. of fep/evb atoms     =    43
Atom nos.:  4699  4700  4701  4702  4703  4704  4705  4706  4707  4708
Atom nos.:  4709  4710  4711  4712  4713  4714  4715  4716  4717  4718
Atom nos.:  4719  4720  4721  4722  4723  4724  4725  4754  4753  4755
Atom nos.:  1490  1491  1492  1493  1487  1488  1489  1984  1985  1986
Atom nos.:  1981  1982  1983
--------------------------- Reading fep/evb strategy --------------------------

No. of changing charges  =    43
Effective Q-atom charges for all Q-atoms
Q atom    charge in state 1 state 2
     1               -0.249  -0.708
     2               -0.109   0.369
     3                0.228  -0.046
     4               -0.215  -0.148
     5               -0.124  -0.158
     6               -0.175  -0.123
     7               -0.124  -0.158
     8               -0.215  -0.148
     9               -0.109   0.368
    10                0.227  -0.046
    11               -0.215  -0.148
    12               -0.124  -0.158
    13               -0.175  -0.123
    14               -0.124  -0.158
    15               -0.215  -0.148
    16                0.133  -0.002
    17                0.147   0.150
    18                0.143   0.138
    19                0.146   0.133
    20                0.143   0.138
    21                0.147   0.150
    22                0.133  -0.003
    23                0.147   0.150
    24                0.143   0.138
    25                0.146   0.133
    26                0.143   0.138
    27                0.147   0.150
    28                0.417   0.450
    29               -0.834  -0.709
    30                0.417   0.414
    31                0.520   0.700
    32               -0.530  -0.800
    33               -0.440  -0.800
    34                0.450   0.415
    35               -0.120  -0.220
    36                0.060   0.060
    37                0.060   0.060
    38                0.700   0.520
    39               -0.800  -0.530
    40               -0.800  -0.440
    41               -0.220  -0.120
    42                0.060   0.060
    43                0.060   0.060

   SUM               -1.000  -1.000

No. of Q-atom types  =    66
Name            Ai      Bi      Ci     ai Ai(1-4) Bi(1-4)    Mass
sto.O99     445.12   18.25    1.00  2.50   314.75   12.91   16.00
rrd.O99     760.64   25.04    1.00  2.50   537.86   17.71   16.00
sto.C98     944.52   22.03    1.00  2.50   667.88   15.58   12.01
rrd.C98     944.52   22.03    1.00  2.50   667.88   15.58   12.01
sto.C96    1059.13   23.67    1.00  2.50   748.92   16.74   12.01
rrd.C96    1059.13   23.67    1.00  2.50   748.92   16.74   12.01
sto.C1     1059.13   23.67    1.00  2.50   748.92   16.74   12.01
rrd.C1     1059.13   23.67    1.00  2.50   748.92   16.74   12.01
sto.C2     1059.13   23.67    1.00  2.50   748.92   16.74   12.01
rrd.C2     1059.13   23.67    1.00  2.50   748.92   16.74   12.01
sto.C3     1059.13   23.67    1.00  2.50   748.92   16.74   12.01
rrd.C3     1059.13   23.67    1.00  2.50   748.92   16.74   12.01
sto.C4     1059.13   23.67    1.00  2.50   748.92   16.74   12.01
rrd.C4     1059.13   23.67    1.00  2.50   748.92   16.74   12.01
sto.C5     1059.13   23.67    1.00  2.50   748.92   16.74   12.01
rrd.C5     1059.13   23.67    1.00  2.50   748.92   16.74   12.01
sto.C99     944.52   22.03    1.00  2.50   667.88   15.58   12.01
rrd.C99     944.52   22.03    1.00  2.50   667.88   15.58   12.01
sto.C97    1059.13   23.67    1.00  2.50   748.92   16.74   12.01
rrd.C97    1059.13   23.67    1.00  2.50   748.92   16.74   12.01
sto.C10    1059.13   23.67    1.00  2.50   748.92   16.74   12.01
rrd.C10    1059.13   23.67    1.00  2.50   748.92   16.74   12.01
sto.C11    1059.13   23.67    1.00  2.50   748.92   16.74   12.01
rrd.C11    1059.13   23.67    1.00  2.50   748.92   16.74   12.01
sto.C12    1059.13   23.67    1.00  2.50   748.92   16.74   12.01
rrd.C12    1059.13   23.67    1.00  2.50   748.92   16.74   12.01
sto.C13    1059.13   23.67    1.00  2.50   748.92   16.74   12.01
rrd.C13    1059.13   23.67    1.00  2.50   748.92   16.74   12.01
sto.C14    1059.13   23.67    1.00  2.50   748.92   16.74   12.01
rrd.C14    1059.13   23.67    1.00  2.50   748.92   16.74   12.01
sto.H98      84.57    5.41    1.00  2.50    59.80    3.83    1.01
rrd.H98      84.57    5.41    1.00  2.50    59.80    3.83    1.01
sto.H1       69.58    4.91    1.00  2.50    49.20    3.47    1.01
rrd.H1       69.58    4.91    1.00  2.50    49.20    3.47    1.01
sto.H2       69.58    4.91    1.00  2.50    49.20    3.47    1.01
rrd.H2       69.58    4.91    1.00  2.50    49.20    3.47    1.01
sto.H3       69.58    4.91    1.00  2.50    49.20    3.47    1.01
rrd.H3       69.58    4.91    1.00  2.50    49.20    3.47    1.01
sto.H4       69.58    4.91    1.00  2.50    49.20    3.47    1.01
rrd.H4       69.58    4.91    1.00  2.50    49.20    3.47    1.01
sto.H5       69.58    4.91    1.00  2.50    49.20    3.47    1.01
rrd.H5       69.58    4.91    1.00  2.50    49.20    3.47    1.01
sto.H99      84.57    5.41    1.00  2.50    59.80    3.83    1.01
rrd.H99      84.57    5.41    1.00  2.50    59.80    3.83    1.01
sto.H10      69.58    4.91    1.00  2.50    49.20    3.47    1.01
rrd.H10      69.58    4.91    1.00  2.50    49.20    3.47    1.01
sto.H11      69.58    4.91    1.00  2.50    49.20    3.47    1.01
rrd.H11      69.58    4.91    1.00  2.50    49.20    3.47    1.01
sto.H12      69.58    4.91    1.00  2.50    49.20    3.47    1.01
rrd.H12      69.58    4.91    1.00  2.50    49.20    3.47    1.01
sto.H13      69.58    4.91    1.00  2.50    49.20    3.47    1.01
rrd.H13      69.58    4.91    1.00  2.50    49.20    3.47    1.01
sto.H14      69.58    4.91    1.00  2.50    49.20    3.47    1.01
rrd.H14      69.58    4.91    1.00  2.50    49.20    3.47    1.01
HW            0.00    0.00    1.00  2.50     0.00    0.00    1.01
HO            0.00    0.00    1.00  2.50     0.00    0.00    1.01
OW          762.89   24.39    1.00  2.50   539.44   17.25   16.00
rrd.O88     760.64   25.04    1.00  2.50   537.86   17.71   16.00
rrd.H88       0.01    0.04    1.00  2.50     0.00    0.03    1.01
C2         1802.24   34.18    1.00  2.50  1274.38   24.17   12.01
ODE         601.15   22.27    1.00  2.50   425.08   15.75   16.00
No. long-range 1-4 nbrs =          6
No. of nbor exclusions  =      15217
O2          616.44   23.77    1.00  2.50   435.89   16.81   16.00
O1          616.44   23.77    1.00  2.50   435.89   16.81   16.00
rrd.H89       0.01    0.04    1.00  2.50     0.00    0.03    1.01
CT          944.52   22.03    1.00  2.50   667.88   15.58   12.01
HC           84.57    5.41    1.00  2.50    59.80    3.83    1.01

Assigning Q-atom types to all Q atoms:
Q atom    atom type in  state 1  state 2
     1                  sto.O99  rrd.O99 
     2                  sto.C98  rrd.C98 
     3                  sto.C96  rrd.C96 
     4                  sto.C1   rrd.C1  
     5                  sto.C2   rrd.C2  
     6                  sto.C3   rrd.C3  
     7                  sto.C4   rrd.C4  
     8                  sto.C5   rrd.C5  
     9                  sto.C99  rrd.C99 
    10                  sto.C97  rrd.C97 
    11                  sto.C10  rrd.C10 
    12                  sto.C11  rrd.C11 
No. long-range 1-4 nbrs =          6
No. of nbor exclusions  =      15217
    13                  sto.C12  rrd.C12 
    14                  sto.C13  rrd.C13 
    15                  sto.C14  rrd.C14 
    16                  sto.H98  rrd.H98 
    17                  sto.H1   rrd.H1  
    18                  sto.H2   rrd.H2  
    19                  sto.H3   rrd.H3  
    20                  sto.H4   rrd.H4  
    21                  sto.H5   rrd.H5  
    22                  sto.H99  rrd.H99 
    23                  sto.H10  rrd.H10 
    24                  sto.H11  rrd.H11 
    25                  sto.H12  rrd.H12 
    26                  sto.H13  rrd.H13 
    27                  sto.H14  rrd.H14 
    28                  HW       HO      
    29                  OW       rrd.O88 
    30                  HW       rrd.H88 
No. long-range 1-4 nbrs =          6
    31                  C2       C2      
No. of nbor exclusions  =      15217
    32                  ODE      O2      
    33                  O1       O2      
    34                  HO       rrd.H89 
    35                  CT       CT      
    36                  HC       HC      
    37                  HC       HC      
    38                  C2       C2      
    39                  O2       ODE     
    40                  O2       O1      
    41                  CT       CT      
    42                  HC       HC      
    43                  HC       HC      

No. of soft repulsion non-bonded pairs =     7
q-atom_i q-atom_j
       1        2
      28       30
      29       28
      32       34
      39       28
       2       29
       1       34

Q-bond types:
type #  Morse E_diss    alpha       b0  Harmonic force_k 
>>>>> ERROR: Read error at line  1 of section [bond_types                              ]

!!!!!!!!!!!!!!!!!!!!!!!!!!!!! ABNORMAL TERMINATION !!!!!!!!!!!!!!!!!!!!!!!!!!!!
 restart file written at step           0
!!!!!!!!!!!!!!!!!!!!!!!!!!!!!!!!!!!!!!!!!!!!!!!!!!!!!!!!!!!!!!!!!!!!!!!!!!!!!!!
ABNORMAL TERMINATION of Q
Terminating due to failure to load FEP file.
!!!!!!!!!!!!!!!!!!!!!!!!!!!!!!!!!!!!!!!!!!!!!!!!!!!!!!!!!!!!!!!!!!!!!!!!!!!!!!!
No. of long-range excls =          0
No. of residues         =        725
No of solute residues   =        302
No. of molecules        =        428
Atom type names         =        111
SYBYL atom types        =        111
Boundary: sphere
Exclusion radius        =     20.000
Eff. solvent radius     =     19.620
Solvent density         =   0.03350000
Solute centre           =      8.301    -6.381    -2.992
Solvent centre          =      8.301    -6.381    -2.992
No. of long-range excls =          0
No. of excluded atoms   =       2491
Molecular topology read successfully.

Found      539 solute atoms in the restrained shell region ( 17.00 to  20.00)
No. of residues         =        725
No of solute residues   =        302
No. of molecules        =        428
Atom type names         =        111
SYBYL atom types        =        111
Boundary: sphere
Exclusion radius        =     20.000
Eff. solvent radius     =     19.620
Solvent density         =   0.03350000
Solute centre           =      8.301    -6.381    -2.992
Solvent centre          =      8.301    -6.381    -2.992
----------------------------- Reading restart file ----------------------------
No. of excluded atoms   =       2491
Molecular topology read successfully.

Found      539 solute atoms in the restrained shell region ( 17.00 to  20.00)
----------------------------- Reading restart file ----------------------------
Total number of atoms        =    6024
Number of waters encountered =     423

----------------------------- Reading Q atom list ----------------------------
Total number of atoms        =    6024
Number of waters encountered =     423

----------------------------- Reading Q atom list ----------------------------
No. of fep/evb states    =     2
No. of fep/evb atoms     =    43
No. of long-range excls =          0
Atom nos.:  4699  4700  4701  4702  4703  4704  4705  4706  4707  4708
Atom nos.:  4709  4710  4711  4712  4713  4714  4715  4716  4717  4718
Atom nos.:  4719  4720  4721  4722  4723  4724  4725  4754  4753  4755
Atom nos.:  1490  1491  1492  1493  1487  1488  1489  1984  1985  1986
Atom nos.:  1981  1982  1983
No. of long-range excls =          0
No. of residues         =        725
No of solute residues   =        302
No. of molecules        =        428
Atom type names         =        111
SYBYL atom types        =        111
Boundary: sphere
Exclusion radius        =     20.000
Eff. solvent radius     =     19.620
Solvent density         =   0.03350000
Solute centre           =      8.301    -6.381    -2.992
Solvent centre          =      8.301    -6.381    -2.992
No. of residues         =        725
No of solute residues   =        302
No. of fep/evb states    =     2
--------------------------- Reading fep/evb strategy --------------------------

No. of changing charges  =    43
No. of molecules        =        428
No. of fep/evb atoms     =    43
Atom nos.:  4699  4700  4701  4702  4703  4704  4705  4706  4707  4708
Atom nos.:  4709  4710  4711  4712  4713  4714  4715  4716  4717  4718
Atom nos.:  4719  4720  4721  4722  4723  4724  4725  4754  4753  4755
Atom nos.:  1490  1491  1492  1493  1487  1488  1489  1984  1985  1986
Atom nos.:  1981  1982  1983
Atom type names         =        111
SYBYL atom types        =        111
Boundary: sphere
Exclusion radius        =     20.000
Eff. solvent radius     =     19.620
Solvent density         =   0.03350000
Solute centre           =      8.301    -6.381    -2.992
Solvent centre          =      8.301    -6.381    -2.992
No. of long-range excls =          0
Effective Q-atom charges for all Q-atoms
Q atom    charge in state 1 state 2
     1               -0.249  -0.708
     2               -0.109   0.369
     3                0.228  -0.046
     4               -0.215  -0.148
     5               -0.124  -0.158
     6               -0.175  -0.123
     7               -0.124  -0.158
     8               -0.215  -0.148
     9               -0.109   0.368
    10                0.227  -0.046
    11               -0.215  -0.148
    12               -0.124  -0.158
    13               -0.175  -0.123
    14               -0.124  -0.158
    15               -0.215  -0.148
    16                0.133  -0.002
    17                0.147   0.150
    18                0.143   0.138
    19                0.146   0.133
    20                0.143   0.138
    21                0.147   0.150
    22                0.133  -0.003
    23                0.147   0.150
    24                0.143   0.138
    25                0.146   0.133
    26                0.143   0.138
    27                0.147   0.150
    28                0.417   0.450
No. of excluded atoms   =       2491
Molecular topology read successfully.

    29               -0.834  -0.709
    30                0.417   0.414
    31                0.520   0.700
    32               -0.530  -0.800
    33               -0.440  -0.800
    34                0.450   0.415
    35               -0.120  -0.220
    36                0.060   0.060
    37                0.060   0.060
    38                0.700   0.520
    39               -0.800  -0.530
    40               -0.800  -0.440
    41               -0.220  -0.120
    42                0.060   0.060
    43                0.060   0.060

   SUM               -1.000  -1.000

No. of Q-atom types  =    66
Name            Ai      Bi      Ci     ai Ai(1-4) Bi(1-4)    Mass
sto.O99     445.12   18.25    1.00  2.50   314.75   12.91   16.00
rrd.O99     760.64   25.04    1.00  2.50   537.86   17.71   16.00
sto.C98     944.52   22.03    1.00  2.50   667.88   15.58   12.01
Found      539 solute atoms in the restrained shell region ( 17.00 to  20.00)
rrd.C98     944.52   22.03    1.00  2.50   667.88   15.58   12.01
sto.C96    1059.13   23.67    1.00  2.50   748.92   16.74   12.01
rrd.C96    1059.13   23.67    1.00  2.50   748.92   16.74   12.01
sto.C1     1059.13   23.67    1.00  2.50   748.92   16.74   12.01
rrd.C1     1059.13   23.67    1.00  2.50   748.92   16.74   12.01
sto.C2     1059.13   23.67    1.00  2.50   748.92   16.74   12.01
rrd.C2     1059.13   23.67    1.00  2.50   748.92   16.74   12.01
No. of excluded atoms   =       2491
Molecular topology read successfully.

No. of residues         =        725
No of solute residues   =        302
Found      539 solute atoms in the restrained shell region ( 17.00 to  20.00)
No. of molecules        =        428
----------------------------- Reading restart file ----------------------------
Atom type names         =        111
--------------------------- Reading fep/evb strategy --------------------------

No. of changing charges  =    43
SYBYL atom types        =        111
Boundary: sphere
Exclusion radius        =     20.000
Eff. solvent radius     =     19.620
Solvent density         =   0.03350000
Solute centre           =      8.301    -6.381    -2.992
Solvent centre          =      8.301    -6.381    -2.992
Effective Q-atom charges for all Q-atoms
Q atom    charge in state 1 state 2
     1               -0.249  -0.708
     2               -0.109   0.369
     3                0.228  -0.046
     4               -0.215  -0.148
     5               -0.124  -0.158
     6               -0.175  -0.123
     7               -0.124  -0.158
     8               -0.215  -0.148
     9               -0.109   0.368
    10                0.227  -0.046
    11               -0.215  -0.148
    12               -0.124  -0.158
    13               -0.175  -0.123
    14               -0.124  -0.158
    15               -0.215  -0.148
    16                0.133  -0.002
    17                0.147   0.150
    18                0.143   0.138
    19                0.146   0.133
    20                0.143   0.138
    21                0.147   0.150
    22                0.133  -0.003
    23                0.147   0.150
    24                0.143   0.138
    25                0.146   0.133
    26                0.143   0.138
    27                0.147   0.150
    28                0.417   0.450
    29               -0.834  -0.709
    30                0.417   0.414
    31                0.520   0.700
    32               -0.530  -0.800
    33               -0.440  -0.800
    34                0.450   0.415
    35               -0.120  -0.220
    36                0.060   0.060
    37                0.060   0.060
    38                0.700   0.520
    39               -0.800  -0.530
    40               -0.800  -0.440
    41               -0.220  -0.120
    42                0.060   0.060
    43                0.060   0.060

   SUM               -1.000  -1.000

No. of Q-atom types  =    66
Name            Ai      Bi      Ci     ai Ai(1-4) Bi(1-4)    Mass
sto.O99     445.12   18.25    1.00  2.50   314.75   12.91   16.00
rrd.O99     760.64   25.04    1.00  2.50   537.86   17.71   16.00
sto.C98     944.52   22.03    1.00  2.50   667.88   15.58   12.01
rrd.C98     944.52   22.03    1.00  2.50   667.88   15.58   12.01
sto.C96    1059.13   23.67    1.00  2.50   748.92   16.74   12.01
rrd.C96    1059.13   23.67    1.00  2.50   748.92   16.74   12.01
No. of excluded atoms   =       2491
Molecular topology read successfully.

sto.C3     1059.13   23.67    1.00  2.50   748.92   16.74   12.01
rrd.C3     1059.13   23.67    1.00  2.50   748.92   16.74   12.01
sto.C4     1059.13   23.67    1.00  2.50   748.92   16.74   12.01
rrd.C4     1059.13   23.67    1.00  2.50   748.92   16.74   12.01
sto.C5     1059.13   23.67    1.00  2.50   748.92   16.74   12.01
rrd.C5     1059.13   23.67    1.00  2.50   748.92   16.74   12.01
sto.C99     944.52   22.03    1.00  2.50   667.88   15.58   12.01
rrd.C99     944.52   22.03    1.00  2.50   667.88   15.58   12.01
sto.C97    1059.13   23.67    1.00  2.50   748.92   16.74   12.01
rrd.C97    1059.13   23.67    1.00  2.50   748.92   16.74   12.01
sto.C10    1059.13   23.67    1.00  2.50   748.92   16.74   12.01
----------------------------- Reading restart file ----------------------------
sto.C1     1059.13   23.67    1.00  2.50   748.92   16.74   12.01
rrd.C1     1059.13   23.67    1.00  2.50   748.92   16.74   12.01
rrd.C10    1059.13   23.67    1.00  2.50   748.92   16.74   12.01
sto.C11    1059.13   23.67    1.00  2.50   748.92   16.74   12.01
sto.C2     1059.13   23.67    1.00  2.50   748.92   16.74   12.01
rrd.C11    1059.13   23.67    1.00  2.50   748.92   16.74   12.01
rrd.C2     1059.13   23.67    1.00  2.50   748.92   16.74   12.01
sto.C12    1059.13   23.67    1.00  2.50   748.92   16.74   12.01
sto.C3     1059.13   23.67    1.00  2.50   748.92   16.74   12.01
rrd.C12    1059.13   23.67    1.00  2.50   748.92   16.74   12.01
rrd.C3     1059.13   23.67    1.00  2.50   748.92   16.74   12.01
sto.C13    1059.13   23.67    1.00  2.50   748.92   16.74   12.01
sto.C4     1059.13   23.67    1.00  2.50   748.92   16.74   12.01
rrd.C13    1059.13   23.67    1.00  2.50   748.92   16.74   12.01
rrd.C4     1059.13   23.67    1.00  2.50   748.92   16.74   12.01
Found      539 solute atoms in the restrained shell region ( 17.00 to  20.00)
sto.C14    1059.13   23.67    1.00  2.50   748.92   16.74   12.01
sto.C5     1059.13   23.67    1.00  2.50   748.92   16.74   12.01
rrd.C14    1059.13   23.67    1.00  2.50   748.92   16.74   12.01
rrd.C5     1059.13   23.67    1.00  2.50   748.92   16.74   12.01
sto.H98      84.57    5.41    1.00  2.50    59.80    3.83    1.01
sto.C99     944.52   22.03    1.00  2.50   667.88   15.58   12.01
rrd.C99     944.52   22.03    1.00  2.50   667.88   15.58   12.01
rrd.H98      84.57    5.41    1.00  2.50    59.80    3.83    1.01
sto.H1       69.58    4.91    1.00  2.50    49.20    3.47    1.01
sto.C97    1059.13   23.67    1.00  2.50   748.92   16.74   12.01
rrd.H1       69.58    4.91    1.00  2.50    49.20    3.47    1.01
rrd.C97    1059.13   23.67    1.00  2.50   748.92   16.74   12.01
sto.H2       69.58    4.91    1.00  2.50    49.20    3.47    1.01
sto.C10    1059.13   23.67    1.00  2.50   748.92   16.74   12.01
rrd.H2       69.58    4.91    1.00  2.50    49.20    3.47    1.01
rrd.C10    1059.13   23.67    1.00  2.50   748.92   16.74   12.01
sto.H3       69.58    4.91    1.00  2.50    49.20    3.47    1.01
sto.C11    1059.13   23.67    1.00  2.50   748.92   16.74   12.01
rrd.H3       69.58    4.91    1.00  2.50    49.20    3.47    1.01
rrd.C11    1059.13   23.67    1.00  2.50   748.92   16.74   12.01
sto.H4       69.58    4.91    1.00  2.50    49.20    3.47    1.01
sto.C12    1059.13   23.67    1.00  2.50   748.92   16.74   12.01
rrd.H4       69.58    4.91    1.00  2.50    49.20    3.47    1.01
rrd.C12    1059.13   23.67    1.00  2.50   748.92   16.74   12.01
sto.H5       69.58    4.91    1.00  2.50    49.20    3.47    1.01
sto.C13    1059.13   23.67    1.00  2.50   748.92   16.74   12.01
rrd.H5       69.58    4.91    1.00  2.50    49.20    3.47    1.01
rrd.C13    1059.13   23.67    1.00  2.50   748.92   16.74   12.01
sto.H99      84.57    5.41    1.00  2.50    59.80    3.83    1.01
sto.C14    1059.13   23.67    1.00  2.50   748.92   16.74   12.01
rrd.H99      84.57    5.41    1.00  2.50    59.80    3.83    1.01
rrd.C14    1059.13   23.67    1.00  2.50   748.92   16.74   12.01
sto.H10      69.58    4.91    1.00  2.50    49.20    3.47    1.01
sto.H98      84.57    5.41    1.00  2.50    59.80    3.83    1.01
rrd.H10      69.58    4.91    1.00  2.50    49.20    3.47    1.01
rrd.H98      84.57    5.41    1.00  2.50    59.80    3.83    1.01
sto.H11      69.58    4.91    1.00  2.50    49.20    3.47    1.01
sto.H1       69.58    4.91    1.00  2.50    49.20    3.47    1.01
rrd.H11      69.58    4.91    1.00  2.50    49.20    3.47    1.01
rrd.H1       69.58    4.91    1.00  2.50    49.20    3.47    1.01
sto.H12      69.58    4.91    1.00  2.50    49.20    3.47    1.01
sto.H2       69.58    4.91    1.00  2.50    49.20    3.47    1.01
rrd.H12      69.58    4.91    1.00  2.50    49.20    3.47    1.01
rrd.H2       69.58    4.91    1.00  2.50    49.20    3.47    1.01
sto.H13      69.58    4.91    1.00  2.50    49.20    3.47    1.01
sto.H3       69.58    4.91    1.00  2.50    49.20    3.47    1.01
rrd.H13      69.58    4.91    1.00  2.50    49.20    3.47    1.01
sto.H14      69.58    4.91    1.00  2.50    49.20    3.47    1.01
rrd.H3       69.58    4.91    1.00  2.50    49.20    3.47    1.01
----------------------------- Reading restart file ----------------------------
sto.H4       69.58    4.91    1.00  2.50    49.20    3.47    1.01
rrd.H14      69.58    4.91    1.00  2.50    49.20    3.47    1.01
HW            0.00    0.00    1.00  2.50     0.00    0.00    1.01
rrd.H4       69.58    4.91    1.00  2.50    49.20    3.47    1.01
HO            0.00    0.00    1.00  2.50     0.00    0.00    1.01
sto.H5       69.58    4.91    1.00  2.50    49.20    3.47    1.01
OW          762.89   24.39    1.00  2.50   539.44   17.25   16.00
rrd.H5       69.58    4.91    1.00  2.50    49.20    3.47    1.01
rrd.O88     760.64   25.04    1.00  2.50   537.86   17.71   16.00
sto.H99      84.57    5.41    1.00  2.50    59.80    3.83    1.01
rrd.H88       0.01    0.04    1.00  2.50     0.00    0.03    1.01
rrd.H99      84.57    5.41    1.00  2.50    59.80    3.83    1.01
C2         1802.24   34.18    1.00  2.50  1274.38   24.17   12.01
sto.H10      69.58    4.91    1.00  2.50    49.20    3.47    1.01
rrd.H10      69.58    4.91    1.00  2.50    49.20    3.47    1.01
ODE         601.15   22.27    1.00  2.50   425.08   15.75   16.00
sto.H11      69.58    4.91    1.00  2.50    49.20    3.47    1.01
O2          616.44   23.77    1.00  2.50   435.89   16.81   16.00
rrd.H11      69.58    4.91    1.00  2.50    49.20    3.47    1.01
O1          616.44   23.77    1.00  2.50   435.89   16.81   16.00
sto.H12      69.58    4.91    1.00  2.50    49.20    3.47    1.01
rrd.H89       0.01    0.04    1.00  2.50     0.00    0.03    1.01
rrd.H12      69.58    4.91    1.00  2.50    49.20    3.47    1.01
CT          944.52   22.03    1.00  2.50   667.88   15.58   12.01
sto.H13      69.58    4.91    1.00  2.50    49.20    3.47    1.01
HC           84.57    5.41    1.00  2.50    59.80    3.83    1.01
rrd.H13      69.58    4.91    1.00  2.50    49.20    3.47    1.01
sto.H14      69.58    4.91    1.00  2.50    49.20    3.47    1.01
rrd.H14      69.58    4.91    1.00  2.50    49.20    3.47    1.01
HW            0.00    0.00    1.00  2.50     0.00    0.00    1.01

Assigning Q-atom types to all Q atoms:
HO            0.00    0.00    1.00  2.50     0.00    0.00    1.01
Q atom    atom type in  state 1  state 2
     1                  sto.O99  rrd.O99 
OW          762.89   24.39    1.00  2.50   539.44   17.25   16.00
     2                  sto.C98  rrd.C98 
     3                  sto.C96  rrd.C96 
     4                  sto.C1   rrd.C1  
     5                  sto.C2   rrd.C2  
rrd.O88     760.64   25.04    1.00  2.50   537.86   17.71   16.00
     6                  sto.C3   rrd.C3  
     7                  sto.C4   rrd.C4  
     8                  sto.C5   rrd.C5  
rrd.H88       0.01    0.04    1.00  2.50     0.00    0.03    1.01
     9                  sto.C99  rrd.C99 
    10                  sto.C97  rrd.C97 
    11                  sto.C10  rrd.C10 
    12                  sto.C11  rrd.C11 
C2         1802.24   34.18    1.00  2.50  1274.38   24.17   12.01
    13                  sto.C12  rrd.C12 
    14                  sto.C13  rrd.C13 
    15                  sto.C14  rrd.C14 
ODE         601.15   22.27    1.00  2.50   425.08   15.75   16.00
    16                  sto.H98  rrd.H98 
    17                  sto.H1   rrd.H1  
O2          616.44   23.77    1.00  2.50   435.89   16.81   16.00
    18                  sto.H2   rrd.H2  
    19                  sto.H3   rrd.H3  
    20                  sto.H4   rrd.H4  
    21                  sto.H5   rrd.H5  
O1          616.44   23.77    1.00  2.50   435.89   16.81   16.00
    22                  sto.H99  rrd.H99 
    23                  sto.H10  rrd.H10 
    24                  sto.H11  rrd.H11 
rrd.H89       0.01    0.04    1.00  2.50     0.00    0.03    1.01
    25                  sto.H12  rrd.H12 
    26                  sto.H13  rrd.H13 
    27                  sto.H14  rrd.H14 
CT          944.52   22.03    1.00  2.50   667.88   15.58   12.01
    28                  HW       HO      
    29                  OW       rrd.O88 
Total number of atoms        =    6024
Number of waters encountered =     423

----------------------------- Reading Q atom list ----------------------------
HC           84.57    5.41    1.00  2.50    59.80    3.83    1.01
    30                  HW       rrd.H88 
    31                  C2       C2      
    32                  ODE      O2      
    33                  O1       O2      
    34                  HO       rrd.H89 
    35                  CT       CT      
    36                  HC       HC      
    37                  HC       HC      
    38                  C2       C2      
    39                  O2       ODE     
    40                  O2       O1      
    41                  CT       CT      
    42                  HC       HC      

Assigning Q-atom types to all Q atoms:
Q atom    atom type in  state 1  state 2
    43                  HC       HC      

No. of soft repulsion non-bonded pairs =     7
q-atom_i q-atom_j
     1                  sto.O99  rrd.O99 
     2                  sto.C98  rrd.C98 
     3                  sto.C96  rrd.C96 
       1        2
      28       30
      29       28
      32       34
     4                  sto.C1   rrd.C1  
     5                  sto.C2   rrd.C2  
      39       28
       2       29
       1       34
     6                  sto.C3   rrd.C3  
     7                  sto.C4   rrd.C4  
     8                  sto.C5   rrd.C5  
     9                  sto.C99  rrd.C99 
    10                  sto.C97  rrd.C97 
    11                  sto.C10  rrd.C10 
    12                  sto.C11  rrd.C11 
    13                  sto.C12  rrd.C12 
    14                  sto.C13  rrd.C13 
    15                  sto.C14  rrd.C14 
    16                  sto.H98  rrd.H98 

Q-bond types:
type #  Morse E_diss    alpha       b0  Harmonic force_k 
    17                  sto.H1   rrd.H1  
    18                  sto.H2   rrd.H2  
    19                  sto.H3   rrd.H3  
    20                  sto.H4   rrd.H4  
>>>>> ERROR: Read error at line  1 of section [bond_types                              ]
    21                  sto.H5   rrd.H5  
    22                  sto.H99  rrd.H99 
    23                  sto.H10  rrd.H10 
    24                  sto.H11  rrd.H11 
    25                  sto.H12  rrd.H12 
    26                  sto.H13  rrd.H13 
    27                  sto.H14  rrd.H14 
    28                  HW       HO      

!!!!!!!!!!!!!!!!!!!!!!!!!!!!! ABNORMAL TERMINATION !!!!!!!!!!!!!!!!!!!!!!!!!!!!
    29                  OW       rrd.O88 
    30                  HW       rrd.H88 
    31                  C2       C2      
 restart file written at step           0
    32                  ODE      O2      
    33                  O1       O2      
    34                  HO       rrd.H89 
    35                  CT       CT      
    36                  HC       HC      
    37                  HC       HC      
    38                  C2       C2      
    39                  O2       ODE     
    40                  O2       O1      
    41                  CT       CT      
    42                  HC       HC      
    43                  HC       HC      
Total number of atoms        =    6024
Number of waters encountered =     423


No. of soft repulsion non-bonded pairs =     7
q-atom_i q-atom_j
----------------------------- Reading Q atom list ----------------------------
       1        2
      28       30
      29       28
      32       34
      39       28
       2       29
       1       34

Q-bond types:
type #  Morse E_diss    alpha       b0  Harmonic force_k 
>>>>> ERROR: Read error at line  1 of section [bond_types                              ]

!!!!!!!!!!!!!!!!!!!!!!!!!!!!! ABNORMAL TERMINATION !!!!!!!!!!!!!!!!!!!!!!!!!!!!
 restart file written at step           0
Total number of atoms        =    6024
Number of waters encountered =     423

No. of fep/evb states    =     2
----------------------------- Reading Q atom list ----------------------------
No. of fep/evb atoms     =    43
Atom nos.:  4699  4700  4701  4702  4703  4704  4705  4706  4707  4708
Atom nos.:  4709  4710  4711  4712  4713  4714  4715  4716  4717  4718
Atom nos.:  4719  4720  4721  4722  4723  4724  4725  4754  4753  4755
Atom nos.:  1490  1491  1492  1493  1487  1488  1489  1984  1985  1986
Atom nos.:  1981  1982  1983
No. of fep/evb states    =     2
No. of fep/evb atoms     =    43
Atom nos.:  4699  4700  4701  4702  4703  4704  4705  4706  4707  4708
Atom nos.:  4709  4710  4711  4712  4713  4714  4715  4716  4717  4718
Atom nos.:  4719  4720  4721  4722  4723  4724  4725  4754  4753  4755
Atom nos.:  1490  1491  1492  1493  1487  1488  1489  1984  1985  1986
Atom nos.:  1981  1982  1983
No. of fep/evb states    =     2
--------------------------- Reading fep/evb strategy --------------------------

No. of changing charges  =    43
No. of fep/evb atoms     =    43
Atom nos.:  4699  4700  4701  4702  4703  4704  4705  4706  4707  4708
Atom nos.:  4709  4710  4711  4712  4713  4714  4715  4716  4717  4718
Atom nos.:  4719  4720  4721  4722  4723  4724  4725  4754  4753  4755
Atom nos.:  1490  1491  1492  1493  1487  1488  1489  1984  1985  1986
Atom nos.:  1981  1982  1983
Effective Q-atom charges for all Q-atoms
Q atom    charge in state 1 state 2
     1               -0.249  -0.708
     2               -0.109   0.369
     3                0.228  -0.046
     4               -0.215  -0.148
     5               -0.124  -0.158
     6               -0.175  -0.123
     7               -0.124  -0.158
     8               -0.215  -0.148
     9               -0.109   0.368
    10                0.227  -0.046
    11               -0.215  -0.148
    12               -0.124  -0.158
    13               -0.175  -0.123
    14               -0.124  -0.158
    15               -0.215  -0.148
    16                0.133  -0.002
    17                0.147   0.150
    18                0.143   0.138
    19                0.146   0.133
    20                0.143   0.138
    21                0.147   0.150
    22                0.133  -0.003
--------------------------- Reading fep/evb strategy --------------------------

    23                0.147   0.150
    24                0.143   0.138
    25                0.146   0.133
    26                0.143   0.138
!!!!!!!!!!!!!!!!!!!!!!!!!!!!!!!!!!!!!!!!!!!!!!!!!!!!!!!!!!!!!!!!!!!!!!!!!!!!!!!
No. of changing charges  =    43
    27                0.147   0.150
    28                0.417   0.450
    29               -0.834  -0.709
    30                0.417   0.414
    31                0.520   0.700
    32               -0.530  -0.800
    33               -0.440  -0.800
    34                0.450   0.415
!!!!!!!!!!!!!!!!!!!!!!!!!!!!!!!!!!!!!!!!!!!!!!!!!!!!!!!!!!!!!!!!!!!!!!!!!!!!!!!
    35               -0.120  -0.220
    36                0.060   0.060
    37                0.060   0.060
    38                0.700   0.520
    39               -0.800  -0.530
    40               -0.800  -0.440
    41               -0.220  -0.120
    42                0.060   0.060
    43                0.060   0.060

ABNORMAL TERMINATION of Q
Terminating due to failure to load FEP file.
   SUM               -1.000  -1.000

No. of Q-atom types  =    66
Name            Ai      Bi      Ci     ai Ai(1-4) Bi(1-4)    Mass
!!!!!!!!!!!!!!!!!!!!!!!!!!!!!!!!!!!!!!!!!!!!!!!!!!!!!!!!!!!!!!!!!!!!!!!!!!!!!!!
ABNORMAL TERMINATION of Q
Terminating due to failure to load FEP file.
!!!!!!!!!!!!!!!!!!!!!!!!!!!!!!!!!!!!!!!!!!!!!!!!!!!!!!!!!!!!!!!!!!!!!!!!!!!!!!!
sto.O99     445.12   18.25    1.00  2.50   314.75   12.91   16.00
rrd.O99     760.64   25.04    1.00  2.50   537.86   17.71   16.00
sto.C98     944.52   22.03    1.00  2.50   667.88   15.58   12.01
rrd.C98     944.52   22.03    1.00  2.50   667.88   15.58   12.01
sto.C96    1059.13   23.67    1.00  2.50   748.92   16.74   12.01
rrd.C96    1059.13   23.67    1.00  2.50   748.92   16.74   12.01
sto.C1     1059.13   23.67    1.00  2.50   748.92   16.74   12.01
rrd.C1     1059.13   23.67    1.00  2.50   748.92   16.74   12.01
Effective Q-atom charges for all Q-atoms
sto.C2     1059.13   23.67    1.00  2.50   748.92   16.74   12.01
Q atom    charge in state 1 state 2
     1               -0.249  -0.708
rrd.C2     1059.13   23.67    1.00  2.50   748.92   16.74   12.01
     2               -0.109   0.369
     3                0.228  -0.046
     4               -0.215  -0.148
     5               -0.124  -0.158
     6               -0.175  -0.123
     7               -0.124  -0.158
     8               -0.215  -0.148
sto.C3     1059.13   23.67    1.00  2.50   748.92   16.74   12.01
     9               -0.109   0.368
    10                0.227  -0.046
    11               -0.215  -0.148
    12               -0.124  -0.158
    13               -0.175  -0.123
rrd.C3     1059.13   23.67    1.00  2.50   748.92   16.74   12.01
    14               -0.124  -0.158
    15               -0.215  -0.148
    16                0.133  -0.002
    17                0.147   0.150
    18                0.143   0.138
sto.C4     1059.13   23.67    1.00  2.50   748.92   16.74   12.01
    19                0.146   0.133
    20                0.143   0.138
    21                0.147   0.150
    22                0.133  -0.003
    23                0.147   0.150
rrd.C4     1059.13   23.67    1.00  2.50   748.92   16.74   12.01
    24                0.143   0.138
    25                0.146   0.133
    26                0.143   0.138
    27                0.147   0.150
    28                0.417   0.450
sto.C5     1059.13   23.67    1.00  2.50   748.92   16.74   12.01
    29               -0.834  -0.709
    30                0.417   0.414
    31                0.520   0.700
    32               -0.530  -0.800
    33               -0.440  -0.800
    34                0.450   0.415
    35               -0.120  -0.220
    36                0.060   0.060
rrd.C5     1059.13   23.67    1.00  2.50   748.92   16.74   12.01
    37                0.060   0.060
    38                0.700   0.520
    39               -0.800  -0.530
    40               -0.800  -0.440
    41               -0.220  -0.120
sto.C99     944.52   22.03    1.00  2.50   667.88   15.58   12.01
    42                0.060   0.060
    43                0.060   0.060

   SUM               -1.000  -1.000

rrd.C99     944.52   22.03    1.00  2.50   667.88   15.58   12.01
No. of Q-atom types  =    66
Name            Ai      Bi      Ci     ai Ai(1-4) Bi(1-4)    Mass
sto.C97    1059.13   23.67    1.00  2.50   748.92   16.74   12.01
rrd.C97    1059.13   23.67    1.00  2.50   748.92   16.74   12.01
sto.O99     445.12   18.25    1.00  2.50   314.75   12.91   16.00
sto.C10    1059.13   23.67    1.00  2.50   748.92   16.74   12.01
rrd.O99     760.64   25.04    1.00  2.50   537.86   17.71   16.00
rrd.C10    1059.13   23.67    1.00  2.50   748.92   16.74   12.01
sto.C98     944.52   22.03    1.00  2.50   667.88   15.58   12.01
sto.C11    1059.13   23.67    1.00  2.50   748.92   16.74   12.01
rrd.C98     944.52   22.03    1.00  2.50   667.88   15.58   12.01
sto.C96    1059.13   23.67    1.00  2.50   748.92   16.74   12.01
rrd.C11    1059.13   23.67    1.00  2.50   748.92   16.74   12.01
sto.C12    1059.13   23.67    1.00  2.50   748.92   16.74   12.01
rrd.C96    1059.13   23.67    1.00  2.50   748.92   16.74   12.01
rrd.C12    1059.13   23.67    1.00  2.50   748.92   16.74   12.01
sto.C1     1059.13   23.67    1.00  2.50   748.92   16.74   12.01
rrd.C1     1059.13   23.67    1.00  2.50   748.92   16.74   12.01
sto.C13    1059.13   23.67    1.00  2.50   748.92   16.74   12.01
rrd.C13    1059.13   23.67    1.00  2.50   748.92   16.74   12.01
sto.C2     1059.13   23.67    1.00  2.50   748.92   16.74   12.01
rrd.C2     1059.13   23.67    1.00  2.50   748.92   16.74   12.01
sto.C14    1059.13   23.67    1.00  2.50   748.92   16.74   12.01
sto.C3     1059.13   23.67    1.00  2.50   748.92   16.74   12.01
rrd.C14    1059.13   23.67    1.00  2.50   748.92   16.74   12.01
sto.H98      84.57    5.41    1.00  2.50    59.80    3.83    1.01
rrd.C3     1059.13   23.67    1.00  2.50   748.92   16.74   12.01
sto.C4     1059.13   23.67    1.00  2.50   748.92   16.74   12.01
rrd.H98      84.57    5.41    1.00  2.50    59.80    3.83    1.01
sto.H1       69.58    4.91    1.00  2.50    49.20    3.47    1.01
rrd.C4     1059.13   23.67    1.00  2.50   748.92   16.74   12.01
rrd.H1       69.58    4.91    1.00  2.50    49.20    3.47    1.01
sto.C5     1059.13   23.67    1.00  2.50   748.92   16.74   12.01
sto.H2       69.58    4.91    1.00  2.50    49.20    3.47    1.01
rrd.C5     1059.13   23.67    1.00  2.50   748.92   16.74   12.01
rrd.H2       69.58    4.91    1.00  2.50    49.20    3.47    1.01
sto.C99     944.52   22.03    1.00  2.50   667.88   15.58   12.01
sto.H3       69.58    4.91    1.00  2.50    49.20    3.47    1.01
rrd.C99     944.52   22.03    1.00  2.50   667.88   15.58   12.01
rrd.H3       69.58    4.91    1.00  2.50    49.20    3.47    1.01
sto.C97    1059.13   23.67    1.00  2.50   748.92   16.74   12.01
sto.H4       69.58    4.91    1.00  2.50    49.20    3.47    1.01
rrd.C97    1059.13   23.67    1.00  2.50   748.92   16.74   12.01
rrd.H4       69.58    4.91    1.00  2.50    49.20    3.47    1.01
sto.C10    1059.13   23.67    1.00  2.50   748.92   16.74   12.01
sto.H5       69.58    4.91    1.00  2.50    49.20    3.47    1.01
rrd.C10    1059.13   23.67    1.00  2.50   748.92   16.74   12.01
rrd.H5       69.58    4.91    1.00  2.50    49.20    3.47    1.01
sto.C11    1059.13   23.67    1.00  2.50   748.92   16.74   12.01
sto.H99      84.57    5.41    1.00  2.50    59.80    3.83    1.01
rrd.C11    1059.13   23.67    1.00  2.50   748.92   16.74   12.01
rrd.H99      84.57    5.41    1.00  2.50    59.80    3.83    1.01
sto.C12    1059.13   23.67    1.00  2.50   748.92   16.74   12.01
sto.H10      69.58    4.91    1.00  2.50    49.20    3.47    1.01
rrd.C12    1059.13   23.67    1.00  2.50   748.92   16.74   12.01
rrd.H10      69.58    4.91    1.00  2.50    49.20    3.47    1.01
sto.C13    1059.13   23.67    1.00  2.50   748.92   16.74   12.01
sto.H11      69.58    4.91    1.00  2.50    49.20    3.47    1.01
--------------------------- Reading fep/evb strategy --------------------------
rrd.C13    1059.13   23.67    1.00  2.50   748.92   16.74   12.01
rrd.H11      69.58    4.91    1.00  2.50    49.20    3.47    1.01

No. of changing charges  =    43
sto.C14    1059.13   23.67    1.00  2.50   748.92   16.74   12.01
sto.H12      69.58    4.91    1.00  2.50    49.20    3.47    1.01
rrd.C14    1059.13   23.67    1.00  2.50   748.92   16.74   12.01
rrd.H12      69.58    4.91    1.00  2.50    49.20    3.47    1.01
sto.H98      84.57    5.41    1.00  2.50    59.80    3.83    1.01
sto.H13      69.58    4.91    1.00  2.50    49.20    3.47    1.01
rrd.H98      84.57    5.41    1.00  2.50    59.80    3.83    1.01
rrd.H13      69.58    4.91    1.00  2.50    49.20    3.47    1.01
sto.H1       69.58    4.91    1.00  2.50    49.20    3.47    1.01
sto.H14      69.58    4.91    1.00  2.50    49.20    3.47    1.01
rrd.H1       69.58    4.91    1.00  2.50    49.20    3.47    1.01
rrd.H14      69.58    4.91    1.00  2.50    49.20    3.47    1.01
sto.H2       69.58    4.91    1.00  2.50    49.20    3.47    1.01
HW            0.00    0.00    1.00  2.50     0.00    0.00    1.01
rrd.H2       69.58    4.91    1.00  2.50    49.20    3.47    1.01
HO            0.00    0.00    1.00  2.50     0.00    0.00    1.01
sto.H3       69.58    4.91    1.00  2.50    49.20    3.47    1.01
OW          762.89   24.39    1.00  2.50   539.44   17.25   16.00
rrd.H3       69.58    4.91    1.00  2.50    49.20    3.47    1.01
rrd.O88     760.64   25.04    1.00  2.50   537.86   17.71   16.00
sto.H4       69.58    4.91    1.00  2.50    49.20    3.47    1.01
rrd.H88       0.01    0.04    1.00  2.50     0.00    0.03    1.01
rrd.H4       69.58    4.91    1.00  2.50    49.20    3.47    1.01
C2         1802.24   34.18    1.00  2.50  1274.38   24.17   12.01
sto.H5       69.58    4.91    1.00  2.50    49.20    3.47    1.01
rrd.H5       69.58    4.91    1.00  2.50    49.20    3.47    1.01
ODE         601.15   22.27    1.00  2.50   425.08   15.75   16.00
O2          616.44   23.77    1.00  2.50   435.89   16.81   16.00
Effective Q-atom charges for all Q-atoms
sto.H99      84.57    5.41    1.00  2.50    59.80    3.83    1.01
rrd.H99      84.57    5.41    1.00  2.50    59.80    3.83    1.01
sto.H10      69.58    4.91    1.00  2.50    49.20    3.47    1.01
rrd.H10      69.58    4.91    1.00  2.50    49.20    3.47    1.01
O1          616.44   23.77    1.00  2.50   435.89   16.81   16.00
rrd.H89       0.01    0.04    1.00  2.50     0.00    0.03    1.01
CT          944.52   22.03    1.00  2.50   667.88   15.58   12.01
HC           84.57    5.41    1.00  2.50    59.80    3.83    1.01
Q atom    charge in state 1 state 2
     1               -0.249  -0.708
     2               -0.109   0.369
     3                0.228  -0.046
     4               -0.215  -0.148
     5               -0.124  -0.158
sto.H11      69.58    4.91    1.00  2.50    49.20    3.47    1.01
rrd.H11      69.58    4.91    1.00  2.50    49.20    3.47    1.01
sto.H12      69.58    4.91    1.00  2.50    49.20    3.47    1.01
     6               -0.175  -0.123
     7               -0.124  -0.158
     8               -0.215  -0.148
     9               -0.109   0.368
    10                0.227  -0.046
rrd.H12      69.58    4.91    1.00  2.50    49.20    3.47    1.01
    11               -0.215  -0.148
    12               -0.124  -0.158
    13               -0.175  -0.123
    14               -0.124  -0.158
sto.H13      69.58    4.91    1.00  2.50    49.20    3.47    1.01
rrd.H13      69.58    4.91    1.00  2.50    49.20    3.47    1.01

Assigning Q-atom types to all Q atoms:
Q atom    atom type in  state 1  state 2
     1                  sto.O99  rrd.O99 
     2                  sto.C98  rrd.C98 
     3                  sto.C96  rrd.C96 
    15               -0.215  -0.148
    16                0.133  -0.002
    17                0.147   0.150
    18                0.143   0.138
    19                0.146   0.133
sto.H14      69.58    4.91    1.00  2.50    49.20    3.47    1.01
rrd.H14      69.58    4.91    1.00  2.50    49.20    3.47    1.01
     4                  sto.C1   rrd.C1  
     5                  sto.C2   rrd.C2  
     6                  sto.C3   rrd.C3  
     7                  sto.C4   rrd.C4  
     8                  sto.C5   rrd.C5  
    20                0.143   0.138
    21                0.147   0.150
    22                0.133  -0.003
    23                0.147   0.150
    24                0.143   0.138
    25                0.146   0.133
HW            0.00    0.00    1.00  2.50     0.00    0.00    1.01
HO            0.00    0.00    1.00  2.50     0.00    0.00    1.01
     9                  sto.C99  rrd.C99 
    10                  sto.C97  rrd.C97 
    11                  sto.C10  rrd.C10 
    12                  sto.C11  rrd.C11 
    13                  sto.C12  rrd.C12 
    14                  sto.C13  rrd.C13 
    26                0.143   0.138
    27                0.147   0.150
    28                0.417   0.450
    29               -0.834  -0.709
    30                0.417   0.414
OW          762.89   24.39    1.00  2.50   539.44   17.25   16.00
rrd.O88     760.64   25.04    1.00  2.50   537.86   17.71   16.00
    15                  sto.C14  rrd.C14 
    16                  sto.H98  rrd.H98 
    17                  sto.H1   rrd.H1  
    18                  sto.H2   rrd.H2  
    19                  sto.H3   rrd.H3  
    20                  sto.H4   rrd.H4  
    31                0.520   0.700
    32               -0.530  -0.800
    33               -0.440  -0.800
    34                0.450   0.415
    35               -0.120  -0.220
    36                0.060   0.060
rrd.H88       0.01    0.04    1.00  2.50     0.00    0.03    1.01
C2         1802.24   34.18    1.00  2.50  1274.38   24.17   12.01
    21                  sto.H5   rrd.H5  
    22                  sto.H99  rrd.H99 
    23                  sto.H10  rrd.H10 
    24                  sto.H11  rrd.H11 
    25                  sto.H12  rrd.H12 
    26                  sto.H13  rrd.H13 
    37                0.060   0.060
    38                0.700   0.520
    39               -0.800  -0.530
    40               -0.800  -0.440
    41               -0.220  -0.120
    42                0.060   0.060
ODE         601.15   22.27    1.00  2.50   425.08   15.75   16.00
O2          616.44   23.77    1.00  2.50   435.89   16.81   16.00
    27                  sto.H14  rrd.H14 
    28                  HW       HO      
    29                  OW       rrd.O88 
    30                  HW       rrd.H88 
    31                  C2       C2      
    32                  ODE      O2      
    43                0.060   0.060

   SUM               -1.000  -1.000

No. of Q-atom types  =    66
O1          616.44   23.77    1.00  2.50   435.89   16.81   16.00
    33                  O1       O2      
    34                  HO       rrd.H89 
    35                  CT       CT      
    36                  HC       HC      
    37                  HC       HC      
    38                  C2       C2      
Name            Ai      Bi      Ci     ai Ai(1-4) Bi(1-4)    Mass
rrd.H89       0.01    0.04    1.00  2.50     0.00    0.03    1.01
CT          944.52   22.03    1.00  2.50   667.88   15.58   12.01
    39                  O2       ODE     
    40                  O2       O1      
    41                  CT       CT      
    42                  HC       HC      
    43                  HC       HC      

No. of soft repulsion non-bonded pairs =     7
sto.O99     445.12   18.25    1.00  2.50   314.75   12.91   16.00
HC           84.57    5.41    1.00  2.50    59.80    3.83    1.01
q-atom_i q-atom_j
       1        2
      28       30
      29       28
      32       34
      39       28
       2       29
       1       34
rrd.O99     760.64   25.04    1.00  2.50   537.86   17.71   16.00

Assigning Q-atom types to all Q atoms:
Q atom    atom type in  state 1  state 2
     1                  sto.O99  rrd.O99 
sto.C98     944.52   22.03    1.00  2.50   667.88   15.58   12.01
     2                  sto.C98  rrd.C98 
     3                  sto.C96  rrd.C96 
     4                  sto.C1   rrd.C1  
     5                  sto.C2   rrd.C2  

Q-bond types:
type #  Morse E_diss    alpha       b0  Harmonic force_k 
>>>>> ERROR: Read error at line  1 of section [bond_types                              ]
rrd.C98     944.52   22.03    1.00  2.50   667.88   15.58   12.01
     6                  sto.C3   rrd.C3  
     7                  sto.C4   rrd.C4  
     8                  sto.C5   rrd.C5  
     9                  sto.C99  rrd.C99 
    10                  sto.C97  rrd.C97 
    11                  sto.C10  rrd.C10 
sto.C96    1059.13   23.67    1.00  2.50   748.92   16.74   12.01
    12                  sto.C11  rrd.C11 
    13                  sto.C12  rrd.C12 
    14                  sto.C13  rrd.C13 
    15                  sto.C14  rrd.C14 
    16                  sto.H98  rrd.H98 
    17                  sto.H1   rrd.H1  
    18                  sto.H2   rrd.H2  
    19                  sto.H3   rrd.H3  

!!!!!!!!!!!!!!!!!!!!!!!!!!!!! ABNORMAL TERMINATION !!!!!!!!!!!!!!!!!!!!!!!!!!!!
 restart file written at step           0
rrd.C96    1059.13   23.67    1.00  2.50   748.92   16.74   12.01
    20                  sto.H4   rrd.H4  
    21                  sto.H5   rrd.H5  
    22                  sto.H99  rrd.H99 
    23                  sto.H10  rrd.H10 
    24                  sto.H11  rrd.H11 
    25                  sto.H12  rrd.H12 
sto.C1     1059.13   23.67    1.00  2.50   748.92   16.74   12.01
    26                  sto.H13  rrd.H13 
    27                  sto.H14  rrd.H14 
    28                  HW       HO      
    29                  OW       rrd.O88 
rrd.C1     1059.13   23.67    1.00  2.50   748.92   16.74   12.01
    30                  HW       rrd.H88 
    31                  C2       C2      
    32                  ODE      O2      
    33                  O1       O2      
    34                  HO       rrd.H89 
    35                  CT       CT      
    36                  HC       HC      
    37                  HC       HC      
sto.C2     1059.13   23.67    1.00  2.50   748.92   16.74   12.01
    38                  C2       C2      
    39                  O2       ODE     
    40                  O2       O1      
    41                  CT       CT      
rrd.C2     1059.13   23.67    1.00  2.50   748.92   16.74   12.01
    42                  HC       HC      
    43                  HC       HC      

No. of soft repulsion non-bonded pairs =     7
q-atom_i q-atom_j
       1        2
sto.C3     1059.13   23.67    1.00  2.50   748.92   16.74   12.01
      28       30
      29       28
      32       34
      39       28
       2       29
       1       34
rrd.C3     1059.13   23.67    1.00  2.50   748.92   16.74   12.01

Q-bond types:
type #  Morse E_diss    alpha       b0  Harmonic force_k 
sto.C4     1059.13   23.67    1.00  2.50   748.92   16.74   12.01
>>>>> ERROR: Read error at line  1 of section [bond_types                              ]
rrd.C4     1059.13   23.67    1.00  2.50   748.92   16.74   12.01

!!!!!!!!!!!!!!!!!!!!!!!!!!!!! ABNORMAL TERMINATION !!!!!!!!!!!!!!!!!!!!!!!!!!!!
sto.C5     1059.13   23.67    1.00  2.50   748.92   16.74   12.01
 restart file written at step           0
rrd.C5     1059.13   23.67    1.00  2.50   748.92   16.74   12.01
sto.C99     944.52   22.03    1.00  2.50   667.88   15.58   12.01
rrd.C99     944.52   22.03    1.00  2.50   667.88   15.58   12.01
sto.C97    1059.13   23.67    1.00  2.50   748.92   16.74   12.01
rrd.C97    1059.13   23.67    1.00  2.50   748.92   16.74   12.01
sto.C10    1059.13   23.67    1.00  2.50   748.92   16.74   12.01
rrd.C10    1059.13   23.67    1.00  2.50   748.92   16.74   12.01
sto.C11    1059.13   23.67    1.00  2.50   748.92   16.74   12.01
rrd.C11    1059.13   23.67    1.00  2.50   748.92   16.74   12.01
sto.C12    1059.13   23.67    1.00  2.50   748.92   16.74   12.01
rrd.C12    1059.13   23.67    1.00  2.50   748.92   16.74   12.01
sto.C13    1059.13   23.67    1.00  2.50   748.92   16.74   12.01
rrd.C13    1059.13   23.67    1.00  2.50   748.92   16.74   12.01
sto.C14    1059.13   23.67    1.00  2.50   748.92   16.74   12.01
rrd.C14    1059.13   23.67    1.00  2.50   748.92   16.74   12.01
sto.H98      84.57    5.41    1.00  2.50    59.80    3.83    1.01
rrd.H98      84.57    5.41    1.00  2.50    59.80    3.83    1.01
sto.H1       69.58    4.91    1.00  2.50    49.20    3.47    1.01
rrd.H1       69.58    4.91    1.00  2.50    49.20    3.47    1.01
sto.H2       69.58    4.91    1.00  2.50    49.20    3.47    1.01
rrd.H2       69.58    4.91    1.00  2.50    49.20    3.47    1.01
sto.H3       69.58    4.91    1.00  2.50    49.20    3.47    1.01
rrd.H3       69.58    4.91    1.00  2.50    49.20    3.47    1.01
sto.H4       69.58    4.91    1.00  2.50    49.20    3.47    1.01
rrd.H4       69.58    4.91    1.00  2.50    49.20    3.47    1.01
sto.H5       69.58    4.91    1.00  2.50    49.20    3.47    1.01
rrd.H5       69.58    4.91    1.00  2.50    49.20    3.47    1.01
sto.H99      84.57    5.41    1.00  2.50    59.80    3.83    1.01
rrd.H99      84.57    5.41    1.00  2.50    59.80    3.83    1.01
sto.H10      69.58    4.91    1.00  2.50    49.20    3.47    1.01
rrd.H10      69.58    4.91    1.00  2.50    49.20    3.47    1.01
sto.H11      69.58    4.91    1.00  2.50    49.20    3.47    1.01
rrd.H11      69.58    4.91    1.00  2.50    49.20    3.47    1.01
sto.H12      69.58    4.91    1.00  2.50    49.20    3.47    1.01
rrd.H12      69.58    4.91    1.00  2.50    49.20    3.47    1.01
sto.H13      69.58    4.91    1.00  2.50    49.20    3.47    1.01
rrd.H13      69.58    4.91    1.00  2.50    49.20    3.47    1.01
sto.H14      69.58    4.91    1.00  2.50    49.20    3.47    1.01
rrd.H14      69.58    4.91    1.00  2.50    49.20    3.47    1.01
HW            0.00    0.00    1.00  2.50     0.00    0.00    1.01
HO            0.00    0.00    1.00  2.50     0.00    0.00    1.01
OW          762.89   24.39    1.00  2.50   539.44   17.25   16.00
rrd.O88     760.64   25.04    1.00  2.50   537.86   17.71   16.00
rrd.H88       0.01    0.04    1.00  2.50     0.00    0.03    1.01
C2         1802.24   34.18    1.00  2.50  1274.38   24.17   12.01
ODE         601.15   22.27    1.00  2.50   425.08   15.75   16.00
O2          616.44   23.77    1.00  2.50   435.89   16.81   16.00
O1          616.44   23.77    1.00  2.50   435.89   16.81   16.00
rrd.H89       0.01    0.04    1.00  2.50     0.00    0.03    1.01
CT          944.52   22.03    1.00  2.50   667.88   15.58   12.01
HC           84.57    5.41    1.00  2.50    59.80    3.83    1.01

Assigning Q-atom types to all Q atoms:
Q atom    atom type in  state 1  state 2
     1                  sto.O99  rrd.O99 
     2                  sto.C98  rrd.C98 
     3                  sto.C96  rrd.C96 
     4                  sto.C1   rrd.C1  
     5                  sto.C2   rrd.C2  
     6                  sto.C3   rrd.C3  
     7                  sto.C4   rrd.C4  
     8                  sto.C5   rrd.C5  
     9                  sto.C99  rrd.C99 
    10                  sto.C97  rrd.C97 
    11                  sto.C10  rrd.C10 
    12                  sto.C11  rrd.C11 
    13                  sto.C12  rrd.C12 
    14                  sto.C13  rrd.C13 
    15                  sto.C14  rrd.C14 
    16                  sto.H98  rrd.H98 
    17                  sto.H1   rrd.H1  
    18                  sto.H2   rrd.H2  
    19                  sto.H3   rrd.H3  
    20                  sto.H4   rrd.H4  
    21                  sto.H5   rrd.H5  
    22                  sto.H99  rrd.H99 
    23                  sto.H10  rrd.H10 
    24                  sto.H11  rrd.H11 
    25                  sto.H12  rrd.H12 
    26                  sto.H13  rrd.H13 
    27                  sto.H14  rrd.H14 
    28                  HW       HO      
    29                  OW       rrd.O88 
    30                  HW       rrd.H88 
!!!!!!!!!!!!!!!!!!!!!!!!!!!!!!!!!!!!!!!!!!!!!!!!!!!!!!!!!!!!!!!!!!!!!!!!!!!!!!!
    31                  C2       C2      
    32                  ODE      O2      
    33                  O1       O2      
    34                  HO       rrd.H89 
    35                  CT       CT      
!!!!!!!!!!!!!!!!!!!!!!!!!!!!!!!!!!!!!!!!!!!!!!!!!!!!!!!!!!!!!!!!!!!!!!!!!!!!!!!
    36                  HC       HC      
    37                  HC       HC      
ABNORMAL TERMINATION of Q
Terminating due to failure to load FEP file.
!!!!!!!!!!!!!!!!!!!!!!!!!!!!!!!!!!!!!!!!!!!!!!!!!!!!!!!!!!!!!!!!!!!!!!!!!!!!!!!
    38                  C2       C2      
    39                  O2       ODE     
    40                  O2       O1      
    41                  CT       CT      
    42                  HC       HC      
ABNORMAL TERMINATION of Q
Terminating due to failure to load FEP file.
!!!!!!!!!!!!!!!!!!!!!!!!!!!!!!!!!!!!!!!!!!!!!!!!!!!!!!!!!!!!!!!!!!!!!!!!!!!!!!!
    43                  HC       HC      

No. of soft repulsion non-bonded pairs =     7
q-atom_i q-atom_j
       1        2
      28       30
      29       28
      32       34
      39       28
       2       29
       1       34

Q-bond types:
type #  Morse E_diss    alpha       b0  Harmonic force_k 
>>>>> ERROR: Read error at line  1 of section [bond_types                              ]

!!!!!!!!!!!!!!!!!!!!!!!!!!!!! ABNORMAL TERMINATION !!!!!!!!!!!!!!!!!!!!!!!!!!!!
 restart file written at step           0
!!!!!!!!!!!!!!!!!!!!!!!!!!!!!!!!!!!!!!!!!!!!!!!!!!!!!!!!!!!!!!!!!!!!!!!!!!!!!!!
ABNORMAL TERMINATION of Q
Terminating due to failure to load FEP file.
!!!!!!!!!!!!!!!!!!!!!!!!!!!!!!!!!!!!!!!!!!!!!!!!!!!!!!!!!!!!!!!!!!!!!!!!!!!!!!!
