
Build and version information

Build number 6.0.11
Build date   20231121
Built:       
      by     jordivilla
      on     P-0515
      git id d993af2a20623fcf9dc867341fb6902d395c0ec9
      with   GNU Fortran Ubuntu 12.3.0-1ubuntu1~23.04 12.3.0
Qdyn version 6.0.11 , git id=d993af2a20623fcf9dc867341fb6902d395c0ec9 initialising

Build and version information

Build number 6.0.11
Build date   20231121
Built:       
      by     jordivilla
      on     P-0515
      git id d993af2a20623fcf9dc867341fb6902d395c0ec9
      with   GNU Fortran Ubuntu 12.3.0-1ubuntu1~23.04 12.3.0
Qdyn version 6.0.11 , git id=d993af2a20623fcf9dc867341fb6902d395c0ec9 initialising
Current date 2024- 1- 3 and time 18:40:49

Welcome in qdyn modification date 20231121

 Q6, Copyright © 2017 Johan Åqvist, John Marelius, Shina Caroline Lynn Kamerlin and Paul Bauer
 Q6 comes with ABSOLUTELY NO WARRANTY.  This is free software, and you are welcome
 to redistribute it under certain conditions. For details, add the --help flag.
Current date 2024- 1- 3 and time 18:40:49

----------------------- Reading input from relax_007.inp ----------------------
Welcome in qdyn modification date 20231121

 Q6, Copyright © 2017 Johan Åqvist, John Marelius, Shina Caroline Lynn Kamerlin and Paul Bauer
 Q6 comes with ABSOLUTELY NO WARRANTY.  This is free software, and you are welcome
 to redistribute it under certain conditions. For details, add the --help flag.
----------------------- Reading input from relax_007.inp ----------------------
Number of MD steps =       200  Stepsize (fs)    =     1.000
 Not being verbose in temperature print out
Target temperature =    300.00  T-relax time     =    100.00
 No thermostat chosen. Berendsen thermostat will be used.
 Leap frog integrator used by default.
Solute and solvent atoms coupled separately to heat bath.
May redefine groups in later section
 Using Shake as the constraint algorithm
Shake constraints on solvent bonds to hydrogens : on 
Shake constraints on solute bonds to any atoms : off
Nonbonded method   = LRF Taylor expansion outside cut-off
Using default temperature coupling groups
Boundary: sphere
Cut-off radii for non-bonded interactions:
Solute-solute:     10.00
Solvent-solvent:   10.00
Solute-solvent:    10.00
Q-atom-non-Q-atom: 99.00
LRF:               99.00
Number of MD steps =       200  Stepsize (fs)    =     1.000
 Not being verbose in temperature print out
Target temperature =    300.00  T-relax time     =    100.00
 No thermostat chosen. Berendsen thermostat will be used.
 Leap frog integrator used by default.
Solute and solvent atoms coupled separately to heat bath.
May redefine groups in later section
 Using Shake as the constraint algorithm
Shake constraints on solvent bonds to hydrogens : on 
Shake constraints on solute bonds to any atoms : off
Nonbonded method   = LRF Taylor expansion outside cut-off
Using default temperature coupling groups
Boundary: sphere
Cut-off radii for non-bonded interactions:
Solute-solute:     10.00
Solvent-solvent:   10.00
Solute-solvent:    10.00
Q-atom-non-Q-atom: 99.00
LRF:               99.00
 Radius of inner restrained shell set to 85% of exclusion shell radius.
Radius of inner restrained shell       =       0.850
Polarization force update at default 10/ps
Update every  100 steps
temperature print-out interval set to default.
Non-bonded pair list update interval   =      30
Energy summary print-out interval      =     200
Temperature print-out interval         =      10
Trajectory write interval              =     200
No energy file written.
All atoms will be included in the trajectory.
Topology file      = RRDiol.top
Initial coord. file= relax_006.re
Final coord. file  = relax_007.re
Trajectory file    = relax_007.dcd
FEP input file     = RRD_Diol.fep


Build and version information

Build number 6.0.11
Build date   20231121
Built:       
      by     jordivilla
      on     P-0515
      git id d993af2a20623fcf9dc867341fb6902d395c0ec9
      with   GNU Fortran Ubuntu 12.3.0-1ubuntu1~23.04 12.3.0
Qdyn version 6.0.11 , git id=d993af2a20623fcf9dc867341fb6902d395c0ec9 initialising
Current date 2024- 1- 3 and time 18:40:49

Welcome in qdyn modification date 20231121

 Q6, Copyright © 2017 Johan Åqvist, John Marelius, Shina Caroline Lynn Kamerlin and Paul Bauer
 Q6 comes with ABSOLUTELY NO WARRANTY.  This is free software, and you are welcome
 to redistribute it under certain conditions. For details, add the --help flag.
----------------------- Reading input from relax_007.inp ----------------------

Build and version information

Build number 6.0.11
Build date   20231121
Built:       
      by     jordivilla
      on     P-0515
      git id d993af2a20623fcf9dc867341fb6902d395c0ec9
      with   GNU Fortran Ubuntu 12.3.0-1ubuntu1~23.04 12.3.0
Qdyn version 6.0.11 , git id=d993af2a20623fcf9dc867341fb6902d395c0ec9 initialising
Current date 2024- 1- 3 and time 18:40:49

Welcome in qdyn modification date 20231121

 Q6, Copyright © 2017 Johan Åqvist, John Marelius, Shina Caroline Lynn Kamerlin and Paul Bauer
 Q6 comes with ABSOLUTELY NO WARRANTY.  This is free software, and you are welcome
 to redistribute it under certain conditions. For details, add the --help flag.
----------------------- Reading input from relax_007.inp ----------------------
Number of MD steps =       200  Stepsize (fs)    =     1.000
 Not being verbose in temperature print out
Target temperature =    300.00  T-relax time     =    100.00
 No thermostat chosen. Berendsen thermostat will be used.
lambda-values      =  0.90000 0.10000

List of excluded atom groups
No QCP section found, will not try to use RPMD.
Number of MD steps =       200  Stepsize (fs)    =     1.000
 Not being verbose in temperature print out
 Leap frog integrator used by default.
Solute and solvent atoms coupled separately to heat bath.
May redefine groups in later section

Listing of restraining data:
Target temperature =    300.00  T-relax time     =    100.00
 No thermostat chosen. Berendsen thermostat will be used.
 Radius of inner restrained shell set to 85% of exclusion shell radius.
Radius of inner restrained shell       =       0.850
Polarization force update at default 10/ps
 Using Shake as the constraint algorithm
Shake constraints on solvent bonds to hydrogens : on 
Shake constraints on solute bonds to any atoms : off
Update every  100 steps
 Leap frog integrator used by default.
Nonbonded method   = LRF Taylor expansion outside cut-off
Using default temperature coupling groups
Boundary: sphere

Build and version information
temperature print-out interval set to default.
Non-bonded pair list update interval   =      30
---------------------------- Reading topology file ---------------------------
Solute and solvent atoms coupled separately to heat bath.
May redefine groups in later section
Cut-off radii for non-bonded interactions:
Solute-solute:     10.00
Solvent-solvent:   10.00
Solute-solvent:    10.00
Q-atom-non-Q-atom: 99.00
LRF:               99.00

Build number 6.0.11
Build date   20231121
Built:       
      by     jordivilla
      on     P-0515
      git id d993af2a20623fcf9dc867341fb6902d395c0ec9
      with   GNU Fortran Ubuntu 12.3.0-1ubuntu1~23.04 12.3.0
Qdyn version 6.0.11 , git id=d993af2a20623fcf9dc867341fb6902d395c0ec9 initialising
Energy summary print-out interval      =     200
Temperature print-out interval         =      10
Trajectory write interval              =     200
No energy file written.
All atoms will be included in the trajectory.
Topology file      = RRDiol.top
Initial coord. file= relax_006.re
 Radius of inner restrained shell set to 85% of exclusion shell radius.
Radius of inner restrained shell       =       0.850
Polarization force update at default 10/ps
Update every  100 steps
Final coord. file  = relax_007.re
Trajectory file    = relax_007.dcd
 Using Shake as the constraint algorithm
Shake constraints on solvent bonds to hydrogens : on 
Shake constraints on solute bonds to any atoms : off
Nonbonded method   = LRF Taylor expansion outside cut-off
Using default temperature coupling groups
FEP input file     = RRD_Diol.fep

Boundary: sphere
temperature print-out interval set to default.
Non-bonded pair list update interval   =      30
Energy summary print-out interval      =     200
./RRDiol/RRDiol.top                                                             

Cut-off radii for non-bonded interactions:
Solute-solute:     10.00
Solvent-solvent:   10.00
Solute-solvent:    10.00
Q-atom-non-Q-atom: 99.00
Temperature print-out interval         =      10
Trajectory write interval              =     200
No energy file written.
All atoms will be included in the trajectory.
Topology file      = RRDiol.top
lambda-values      =  0.90000 0.10000

List of excluded atom groups
No QCP section found, will not try to use RPMD.

No. of solute atoms     =       4755
No. of solvent atoms    =       1269
Solvent dielectric*1000 =     80100
LRF:               99.00
 Radius of inner restrained shell set to 85% of exclusion shell radius.
Radius of inner restrained shell       =       0.850
Polarization force update at default 10/ps
Update every  100 steps
Initial coord. file= relax_006.re
Final coord. file  = relax_007.re
Trajectory file    = relax_007.dcd
FEP input file     = RRD_Diol.fep
Current date 2024- 1- 3 and time 18:40:49

Welcome in qdyn modification date 20231121

 Q6, Copyright © 2017 Johan Åqvist, John Marelius, Shina Caroline Lynn Kamerlin and Paul Bauer
 Q6 comes with ABSOLUTELY NO WARRANTY.  This is free software, and you are welcome
 to redistribute it under certain conditions. For details, add the --help flag.
Listing of restraining data:
temperature print-out interval set to default.

----------------------- Reading input from relax_007.inp ----------------------
Non-bonded pair list update interval   =      30
Energy summary print-out interval      =     200
Temperature print-out interval         =      10
Trajectory write interval              =     200
No energy file written.
All atoms will be included in the trajectory.
Topology file      = RRDiol.top
lambda-values      =  0.90000 0.10000

List of excluded atom groups
No QCP section found, will not try to use RPMD.

Listing of restraining data:
Initial coord. file= relax_006.re
Final coord. file  = relax_007.re
Trajectory file    = relax_007.dcd

FEP input file     = RRD_Diol.fep

Build and version information

Build number 6.0.11
Build date   20231121
---------------------------- Reading topology file ---------------------------
Built:       
      by     jordivilla
      on     P-0515
      git id d993af2a20623fcf9dc867341fb6902d395c0ec9
      with   GNU Fortran Ubuntu 12.3.0-1ubuntu1~23.04 12.3.0
lambda-values      =  0.90000 0.10000

Qdyn version 6.0.11 , git id=d993af2a20623fcf9dc867341fb6902d395c0ec9 initialising
List of excluded atom groups
No QCP section found, will not try to use RPMD.

Listing of restraining data:
./RRDiol/RRDiol.top                                                             

---------------------------- Reading topology file ---------------------------
Number of MD steps =       200  Stepsize (fs)    =     1.000
 Not being verbose in temperature print out
No. of solute atoms     =       4755
No. of solvent atoms    =       1269
Solvent dielectric*1000 =     80100
Current date 2024- 1- 3 and time 18:40:49

Welcome in qdyn modification date 20231121

 Q6, Copyright © 2017 Johan Åqvist, John Marelius, Shina Caroline Lynn Kamerlin and Paul Bauer
 Q6 comes with ABSOLUTELY NO WARRANTY.  This is free software, and you are welcome
 to redistribute it under certain conditions. For details, add the --help flag.
---------------------------- Reading topology file ---------------------------
Target temperature =    300.00  T-relax time     =    100.00
 No thermostat chosen. Berendsen thermostat will be used.
./RRDiol/RRDiol.top                                                             

----------------------- Reading input from relax_007.inp ----------------------
No. of solute atoms     =       4755
No. of solvent atoms    =       1269
Solvent dielectric*1000 =     80100
 Leap frog integrator used by default.
Solute and solvent atoms coupled separately to heat bath.
May redefine groups in later section
./RRDiol/RRDiol.top                                                             

No. of solute atoms     =       4755
No. of solvent atoms    =       1269
Solvent dielectric*1000 =     80100
 Using Shake as the constraint algorithm
Shake constraints on solvent bonds to hydrogens : on 
Shake constraints on solute bonds to any atoms : off
Nonbonded method   = LRF Taylor expansion outside cut-off
Using default temperature coupling groups
Boundary: sphere
Cut-off radii for non-bonded interactions:
Solute-solute:     10.00
Solvent-solvent:   10.00
Solute-solvent:    10.00
Q-atom-non-Q-atom: 99.00
LRF:               99.00
Number of MD steps =       200  Stepsize (fs)    =     1.000
 Not being verbose in temperature print out
 Radius of inner restrained shell set to 85% of exclusion shell radius.
Radius of inner restrained shell       =       0.850
Polarization force update at default 10/ps
Update every  100 steps
temperature print-out interval set to default.
Target temperature =    300.00  T-relax time     =    100.00
 No thermostat chosen. Berendsen thermostat will be used.
Non-bonded pair list update interval   =      30
Energy summary print-out interval      =     200
Temperature print-out interval         =      10
Trajectory write interval              =     200
No energy file written.
All atoms will be included in the trajectory.
 Leap frog integrator used by default.
Solute and solvent atoms coupled separately to heat bath.
Topology file      = RRDiol.top
Initial coord. file= relax_006.re
Final coord. file  = relax_007.re
May redefine groups in later section
Trajectory file    = relax_007.dcd
FEP input file     = RRD_Diol.fep

lambda-values      =  0.90000 0.10000

List of excluded atom groups
No QCP section found, will not try to use RPMD.

 Using Shake as the constraint algorithm
Shake constraints on solvent bonds to hydrogens : on 
Shake constraints on solute bonds to any atoms : off
Listing of restraining data:
Nonbonded method   = LRF Taylor expansion outside cut-off
Using default temperature coupling groups
Boundary: sphere
Cut-off radii for non-bonded interactions:
Solute-solute:     10.00
Solvent-solvent:   10.00
Solute-solvent:    10.00
Q-atom-non-Q-atom: 99.00
LRF:               99.00
---------------------------- Reading topology file ---------------------------
 Radius of inner restrained shell set to 85% of exclusion shell radius.
Radius of inner restrained shell       =       0.850
Polarization force update at default 10/ps
Update every  100 steps
temperature print-out interval set to default.
./RRDiol/RRDiol.top                                                             

Non-bonded pair list update interval   =      30
Energy summary print-out interval      =     200
Temperature print-out interval         =      10
Trajectory write interval              =     200
No energy file written.
All atoms will be included in the trajectory.
No. of solute atoms     =       4755
No. of solvent atoms    =       1269
Topology file      = RRDiol.top
Initial coord. file= relax_006.re
Final coord. file  = relax_007.re
Solvent dielectric*1000 =     80100
Trajectory file    = relax_007.dcd
FEP input file     = RRD_Diol.fep

lambda-values      =  0.90000 0.10000

List of excluded atom groups
No QCP section found, will not try to use RPMD.

Listing of restraining data:
---------------------------- Reading topology file ---------------------------
./RRDiol/RRDiol.top                                                             

No. of solute atoms     =       4755
No. of solvent atoms    =       1269
Solvent dielectric*1000 =     80100
No. of coordinates      =      18072
No. of atom type codes  =       6024
No. of solute bonds     =       4810
No. of solvent bonds    =       1269
No. of coordinates      =      18072
No. of atom type codes  =       6024
No. of solute bonds     =       4810
No. of solvent bonds    =       1269
No. of solute angles    =       8715
No. of solvent angles   =        423
No. of solute angles    =       8715
No. of solvent angles   =        423
No. of coordinates      =      18072
No. of coordinates      =      18072
No. of coordinates      =      18072
No. of coordinates      =      18072
No. of atom type codes  =       6024
No. of solute bonds     =       4810
No. of solvent bonds    =       1269
No. of atom type codes  =       6024
No. of solute bonds     =       4810
No. of solvent bonds    =       1269
No. of atom type codes  =       6024
No. of solute bonds     =       4810
No. of atom type codes  =       6024
No. of solute bonds     =       4810
No. of solvent bonds    =       1269
No. of solvent bonds    =       1269
No. of solute torsions  =      16781
No. of solvent torsions =          0
No. of solute angles    =       8715
No. of solvent angles   =        423
No. of solute angles    =       8715
No. of solvent angles   =        423
No. of solute angles    =       8715
No. of solvent angles   =        423
No. of solute angles    =       8715
No. of solvent angles   =        423
No. of solute torsions  =      16781
No. of solvent torsions =          0
No. of solute torsions  =      16781
No. of solvent torsions =          0
No. of solute torsions  =      16781
No. of solvent torsions =          0
No. of solute torsions  =      16781
No. of solvent torsions =          0
No. of solute torsions  =      16781
No. of solvent torsions =          0
No. of solute impropers =        951
No. of solvent impropers=          0
No. of atomic charges   =       6024
No. of solute chargegrps=        675
No. of solvent chargegps=        423
No. of solute impropers =        951
No. of solvent impropers=          0
No. of solute impropers =        951
No. of solvent impropers=          0
Charge group cut-off    : Switching atoms
vdW  rule [ 1=G / 2=A ] =          1
El-static 1-4 damping   =      0.500
Coulomb constant        =   332.0000
No. of atom types       =        111
No. of LJ type 2 pairs  =          0
No. of heavy atoms      =       2803
No. of 1-4 neighbours   =      12665
No. of atomic charges   =       6024
No. of solute chargegrps=        675
No. of solvent chargegps=        423
Charge group cut-off    : Switching atoms
vdW  rule [ 1=G / 2=A ] =          1
El-static 1-4 damping   =      0.500
Coulomb constant        =   332.0000
No. of atom types       =        111
No. of LJ type 2 pairs  =          0
No. of heavy atoms      =       2803
No. of 1-4 neighbours   =      12665
No. of atomic charges   =       6024
No. of solute chargegrps=        675
No. of solvent chargegps=        423
No. long-range 1-4 nbrs =          6
No. of nbor exclusions  =      15217
Charge group cut-off    : Switching atoms
vdW  rule [ 1=G / 2=A ] =          1
El-static 1-4 damping   =      0.500
Coulomb constant        =   332.0000
No. of atom types       =        111
No. of LJ type 2 pairs  =          0
No. of heavy atoms      =       2803
No. of 1-4 neighbours   =      12665
No. long-range 1-4 nbrs =          6
No. of nbor exclusions  =      15217
No. of long-range excls =          0
No. of residues         =        725
No of solute residues   =        302
No. of molecules        =        428
Atom type names         =        111
SYBYL atom types        =        111
Boundary: sphere
Exclusion radius        =     20.000
Eff. solvent radius     =     19.620
Solvent density         =   0.03350000
Solute centre           =      8.301    -6.381    -2.992
Solvent centre          =      8.301    -6.381    -2.992
No. of excluded atoms   =       2491
Molecular topology read successfully.

Found      539 solute atoms in the restrained shell region ( 17.00 to  20.00)
----------------------------- Reading restart file ----------------------------
Total number of atoms        =    6024
Number of waters encountered =     423

----------------------------- Reading Q atom list ----------------------------
No. of fep/evb states    =     2
No. of fep/evb atoms     =    43
Atom nos.:  4699  4700  4701  4702  4703  4704  4705  4706  4707  4708
Atom nos.:  4709  4710  4711  4712  4713  4714  4715  4716  4717  4718
Atom nos.:  4719  4720  4721  4722  4723  4724  4725  4754  4753  4755
Atom nos.:  1490  1491  1492  1493  1487  1488  1489  1984  1985  1986
Atom nos.:  1981  1982  1983
--------------------------- Reading fep/evb strategy --------------------------

No. of changing charges  =    43
Effective Q-atom charges for all Q-atoms
Q atom    charge in state 1 state 2
     1               -0.249  -0.708
     2               -0.109   0.369
     3                0.228  -0.046
     4               -0.215  -0.148
     5               -0.124  -0.158
     6               -0.175  -0.123
     7               -0.124  -0.158
     8               -0.215  -0.148
     9               -0.109   0.368
    10                0.227  -0.046
    11               -0.215  -0.148
    12               -0.124  -0.158
    13               -0.175  -0.123
    14               -0.124  -0.158
    15               -0.215  -0.148
    16                0.133  -0.002
    17                0.147   0.150
    18                0.143   0.138
    19                0.146   0.133
    20                0.143   0.138
    21                0.147   0.150
    22                0.133  -0.003
    23                0.147   0.150
    24                0.143   0.138
    25                0.146   0.133
    26                0.143   0.138
    27                0.147   0.150
    28                0.417   0.450
    29               -0.834  -0.709
    30                0.417   0.414
    31                0.520   0.700
    32               -0.530  -0.800
    33               -0.440  -0.800
    34                0.450   0.415
    35               -0.120  -0.220
    36                0.060   0.060
    37                0.060   0.060
    38                0.700   0.520
    39               -0.800  -0.530
    40               -0.800  -0.440
    41               -0.220  -0.120
    42                0.060   0.060
    43                0.060   0.060

   SUM               -1.000  -1.000

No. of Q-atom types  =    66
Name            Ai      Bi      Ci     ai Ai(1-4) Bi(1-4)    Mass
sto.O99     445.12   18.25    1.00  2.50   314.75   12.91   16.00
rrd.O99     760.64   25.04    1.00  2.50   537.86   17.71   16.00
sto.C98     944.52   22.03    1.00  2.50   667.88   15.58   12.01
rrd.C98     944.52   22.03    1.00  2.50   667.88   15.58   12.01
sto.C96    1059.13   23.67    1.00  2.50   748.92   16.74   12.01
rrd.C96    1059.13   23.67    1.00  2.50   748.92   16.74   12.01
sto.C1     1059.13   23.67    1.00  2.50   748.92   16.74   12.01
rrd.C1     1059.13   23.67    1.00  2.50   748.92   16.74   12.01
sto.C2     1059.13   23.67    1.00  2.50   748.92   16.74   12.01
rrd.C2     1059.13   23.67    1.00  2.50   748.92   16.74   12.01
sto.C3     1059.13   23.67    1.00  2.50   748.92   16.74   12.01
rrd.C3     1059.13   23.67    1.00  2.50   748.92   16.74   12.01
sto.C4     1059.13   23.67    1.00  2.50   748.92   16.74   12.01
rrd.C4     1059.13   23.67    1.00  2.50   748.92   16.74   12.01
No. of long-range excls =          0
sto.C5     1059.13   23.67    1.00  2.50   748.92   16.74   12.01
rrd.C5     1059.13   23.67    1.00  2.50   748.92   16.74   12.01
sto.C99     944.52   22.03    1.00  2.50   667.88   15.58   12.01
rrd.C99     944.52   22.03    1.00  2.50   667.88   15.58   12.01
sto.C97    1059.13   23.67    1.00  2.50   748.92   16.74   12.01
rrd.C97    1059.13   23.67    1.00  2.50   748.92   16.74   12.01
sto.C10    1059.13   23.67    1.00  2.50   748.92   16.74   12.01
rrd.C10    1059.13   23.67    1.00  2.50   748.92   16.74   12.01
sto.C11    1059.13   23.67    1.00  2.50   748.92   16.74   12.01
rrd.C11    1059.13   23.67    1.00  2.50   748.92   16.74   12.01
sto.C12    1059.13   23.67    1.00  2.50   748.92   16.74   12.01
rrd.C12    1059.13   23.67    1.00  2.50   748.92   16.74   12.01
sto.C13    1059.13   23.67    1.00  2.50   748.92   16.74   12.01
rrd.C13    1059.13   23.67    1.00  2.50   748.92   16.74   12.01
sto.C14    1059.13   23.67    1.00  2.50   748.92   16.74   12.01
rrd.C14    1059.13   23.67    1.00  2.50   748.92   16.74   12.01
No. of residues         =        725
sto.H98      84.57    5.41    1.00  2.50    59.80    3.83    1.01
No of solute residues   =        302
rrd.H98      84.57    5.41    1.00  2.50    59.80    3.83    1.01
sto.H1       69.58    4.91    1.00  2.50    49.20    3.47    1.01
rrd.H1       69.58    4.91    1.00  2.50    49.20    3.47    1.01
sto.H2       69.58    4.91    1.00  2.50    49.20    3.47    1.01
rrd.H2       69.58    4.91    1.00  2.50    49.20    3.47    1.01
sto.H3       69.58    4.91    1.00  2.50    49.20    3.47    1.01
rrd.H3       69.58    4.91    1.00  2.50    49.20    3.47    1.01
No. of molecules        =        428
sto.H4       69.58    4.91    1.00  2.50    49.20    3.47    1.01
rrd.H4       69.58    4.91    1.00  2.50    49.20    3.47    1.01
sto.H5       69.58    4.91    1.00  2.50    49.20    3.47    1.01
Atom type names         =        111
rrd.H5       69.58    4.91    1.00  2.50    49.20    3.47    1.01
sto.H99      84.57    5.41    1.00  2.50    59.80    3.83    1.01
rrd.H99      84.57    5.41    1.00  2.50    59.80    3.83    1.01
SYBYL atom types        =        111
sto.H10      69.58    4.91    1.00  2.50    49.20    3.47    1.01
Boundary: sphere
rrd.H10      69.58    4.91    1.00  2.50    49.20    3.47    1.01
Exclusion radius        =     20.000
Eff. solvent radius     =     19.620
Solvent density         =   0.03350000
sto.H11      69.58    4.91    1.00  2.50    49.20    3.47    1.01
Solute centre           =      8.301    -6.381    -2.992
rrd.H11      69.58    4.91    1.00  2.50    49.20    3.47    1.01
Solvent centre          =      8.301    -6.381    -2.992
sto.H12      69.58    4.91    1.00  2.50    49.20    3.47    1.01
rrd.H12      69.58    4.91    1.00  2.50    49.20    3.47    1.01
sto.H13      69.58    4.91    1.00  2.50    49.20    3.47    1.01
rrd.H13      69.58    4.91    1.00  2.50    49.20    3.47    1.01
sto.H14      69.58    4.91    1.00  2.50    49.20    3.47    1.01
rrd.H14      69.58    4.91    1.00  2.50    49.20    3.47    1.01
HW            0.00    0.00    1.00  2.50     0.00    0.00    1.01
HO            0.00    0.00    1.00  2.50     0.00    0.00    1.01
OW          762.89   24.39    1.00  2.50   539.44   17.25   16.00
rrd.O88     760.64   25.04    1.00  2.50   537.86   17.71   16.00
rrd.H88       0.01    0.04    1.00  2.50     0.00    0.03    1.01
C2         1802.24   34.18    1.00  2.50  1274.38   24.17   12.01
ODE         601.15   22.27    1.00  2.50   425.08   15.75   16.00
O2          616.44   23.77    1.00  2.50   435.89   16.81   16.00
O1          616.44   23.77    1.00  2.50   435.89   16.81   16.00
rrd.H89       0.01    0.04    1.00  2.50     0.00    0.03    1.01
No. of excluded atoms   =       2491
Molecular topology read successfully.

CT          944.52   22.03    1.00  2.50   667.88   15.58   12.01
HC           84.57    5.41    1.00  2.50    59.80    3.83    1.01

Assigning Q-atom types to all Q atoms:
Q atom    atom type in  state 1  state 2
     1                  sto.O99  rrd.O99 
     2                  sto.C98  rrd.C98 
     3                  sto.C96  rrd.C96 
     4                  sto.C1   rrd.C1  
     5                  sto.C2   rrd.C2  
     6                  sto.C3   rrd.C3  
Found      539 solute atoms in the restrained shell region ( 17.00 to  20.00)
     7                  sto.C4   rrd.C4  
     8                  sto.C5   rrd.C5  
     9                  sto.C99  rrd.C99 
    10                  sto.C97  rrd.C97 
    11                  sto.C10  rrd.C10 
    12                  sto.C11  rrd.C11 
    13                  sto.C12  rrd.C12 
    14                  sto.C13  rrd.C13 
    15                  sto.C14  rrd.C14 
    16                  sto.H98  rrd.H98 
    17                  sto.H1   rrd.H1  
    18                  sto.H2   rrd.H2  
    19                  sto.H3   rrd.H3  
    20                  sto.H4   rrd.H4  
    21                  sto.H5   rrd.H5  
    22                  sto.H99  rrd.H99 
    23                  sto.H10  rrd.H10 
    24                  sto.H11  rrd.H11 
    25                  sto.H12  rrd.H12 
    26                  sto.H13  rrd.H13 
    27                  sto.H14  rrd.H14 
    28                  HW       HO      
    29                  OW       rrd.O88 
    30                  HW       rrd.H88 
    31                  C2       C2      
    32                  ODE      O2      
    33                  O1       O2      
    34                  HO       rrd.H89 
    35                  CT       CT      
    36                  HC       HC      
    37                  HC       HC      
    38                  C2       C2      
    39                  O2       ODE     
    40                  O2       O1      
    41                  CT       CT      
    42                  HC       HC      
    43                  HC       HC      

No. of soft repulsion non-bonded pairs =     7
q-atom_i q-atom_j
       1        2
      28       30
      29       28
      32       34
      39       28
       2       29
       1       34

Q-bond types:
type #  Morse E_diss    alpha       b0  Harmonic force_k 
----------------------------- Reading restart file ----------------------------
>>>>> ERROR: Read error at line  1 of section [bond_types                              ]

!!!!!!!!!!!!!!!!!!!!!!!!!!!!! ABNORMAL TERMINATION !!!!!!!!!!!!!!!!!!!!!!!!!!!!
 restart file written at step           0
No. of solute impropers =        951
No. of solvent impropers=          0
No. of solute impropers =        951
No. of solvent impropers=          0
No. of solute impropers =        951
No. of solvent impropers=          0
No. long-range 1-4 nbrs =          6
No. of nbor exclusions  =      15217
Total number of atoms        =    6024
Number of waters encountered =     423

----------------------------- Reading Q atom list ----------------------------
!!!!!!!!!!!!!!!!!!!!!!!!!!!!!!!!!!!!!!!!!!!!!!!!!!!!!!!!!!!!!!!!!!!!!!!!!!!!!!!
ABNORMAL TERMINATION of Q
Terminating due to failure to load FEP file.
!!!!!!!!!!!!!!!!!!!!!!!!!!!!!!!!!!!!!!!!!!!!!!!!!!!!!!!!!!!!!!!!!!!!!!!!!!!!!!!
No. of fep/evb states    =     2
No. of fep/evb atoms     =    43
Atom nos.:  4699  4700  4701  4702  4703  4704  4705  4706  4707  4708
Atom nos.:  4709  4710  4711  4712  4713  4714  4715  4716  4717  4718
Atom nos.:  4719  4720  4721  4722  4723  4724  4725  4754  4753  4755
Atom nos.:  1490  1491  1492  1493  1487  1488  1489  1984  1985  1986
Atom nos.:  1981  1982  1983
--------------------------- Reading fep/evb strategy --------------------------

No. of changing charges  =    43
Effective Q-atom charges for all Q-atoms
Q atom    charge in state 1 state 2
     1               -0.249  -0.708
     2               -0.109   0.369
     3                0.228  -0.046
     4               -0.215  -0.148
     5               -0.124  -0.158
     6               -0.175  -0.123
     7               -0.124  -0.158
     8               -0.215  -0.148
     9               -0.109   0.368
    10                0.227  -0.046
    11               -0.215  -0.148
    12               -0.124  -0.158
    13               -0.175  -0.123
    14               -0.124  -0.158
    15               -0.215  -0.148
    16                0.133  -0.002
    17                0.147   0.150
    18                0.143   0.138
    19                0.146   0.133
    20                0.143   0.138
    21                0.147   0.150
    22                0.133  -0.003
    23                0.147   0.150
    24                0.143   0.138
    25                0.146   0.133
    26                0.143   0.138
    27                0.147   0.150
    28                0.417   0.450
    29               -0.834  -0.709
    30                0.417   0.414
    31                0.520   0.700
    32               -0.530  -0.800
    33               -0.440  -0.800
    34                0.450   0.415
    35               -0.120  -0.220
    36                0.060   0.060
    37                0.060   0.060
    38                0.700   0.520
    39               -0.800  -0.530
    40               -0.800  -0.440
    41               -0.220  -0.120
    42                0.060   0.060
    43                0.060   0.060

   SUM               -1.000  -1.000

No. of Q-atom types  =    66
Name            Ai      Bi      Ci     ai Ai(1-4) Bi(1-4)    Mass
sto.O99     445.12   18.25    1.00  2.50   314.75   12.91   16.00
rrd.O99     760.64   25.04    1.00  2.50   537.86   17.71   16.00
sto.C98     944.52   22.03    1.00  2.50   667.88   15.58   12.01
rrd.C98     944.52   22.03    1.00  2.50   667.88   15.58   12.01
sto.C96    1059.13   23.67    1.00  2.50   748.92   16.74   12.01
rrd.C96    1059.13   23.67    1.00  2.50   748.92   16.74   12.01
sto.C1     1059.13   23.67    1.00  2.50   748.92   16.74   12.01
rrd.C1     1059.13   23.67    1.00  2.50   748.92   16.74   12.01
sto.C2     1059.13   23.67    1.00  2.50   748.92   16.74   12.01
rrd.C2     1059.13   23.67    1.00  2.50   748.92   16.74   12.01
sto.C3     1059.13   23.67    1.00  2.50   748.92   16.74   12.01
rrd.C3     1059.13   23.67    1.00  2.50   748.92   16.74   12.01
sto.C4     1059.13   23.67    1.00  2.50   748.92   16.74   12.01
rrd.C4     1059.13   23.67    1.00  2.50   748.92   16.74   12.01
sto.C5     1059.13   23.67    1.00  2.50   748.92   16.74   12.01
rrd.C5     1059.13   23.67    1.00  2.50   748.92   16.74   12.01
sto.C99     944.52   22.03    1.00  2.50   667.88   15.58   12.01
rrd.C99     944.52   22.03    1.00  2.50   667.88   15.58   12.01
sto.C97    1059.13   23.67    1.00  2.50   748.92   16.74   12.01
rrd.C97    1059.13   23.67    1.00  2.50   748.92   16.74   12.01
sto.C10    1059.13   23.67    1.00  2.50   748.92   16.74   12.01
rrd.C10    1059.13   23.67    1.00  2.50   748.92   16.74   12.01
sto.C11    1059.13   23.67    1.00  2.50   748.92   16.74   12.01
rrd.C11    1059.13   23.67    1.00  2.50   748.92   16.74   12.01
sto.C12    1059.13   23.67    1.00  2.50   748.92   16.74   12.01
rrd.C12    1059.13   23.67    1.00  2.50   748.92   16.74   12.01
sto.C13    1059.13   23.67    1.00  2.50   748.92   16.74   12.01
rrd.C13    1059.13   23.67    1.00  2.50   748.92   16.74   12.01
sto.C14    1059.13   23.67    1.00  2.50   748.92   16.74   12.01
rrd.C14    1059.13   23.67    1.00  2.50   748.92   16.74   12.01
sto.H98      84.57    5.41    1.00  2.50    59.80    3.83    1.01
rrd.H98      84.57    5.41    1.00  2.50    59.80    3.83    1.01
sto.H1       69.58    4.91    1.00  2.50    49.20    3.47    1.01
rrd.H1       69.58    4.91    1.00  2.50    49.20    3.47    1.01
sto.H2       69.58    4.91    1.00  2.50    49.20    3.47    1.01
rrd.H2       69.58    4.91    1.00  2.50    49.20    3.47    1.01
sto.H3       69.58    4.91    1.00  2.50    49.20    3.47    1.01
rrd.H3       69.58    4.91    1.00  2.50    49.20    3.47    1.01
sto.H4       69.58    4.91    1.00  2.50    49.20    3.47    1.01
rrd.H4       69.58    4.91    1.00  2.50    49.20    3.47    1.01
sto.H5       69.58    4.91    1.00  2.50    49.20    3.47    1.01
rrd.H5       69.58    4.91    1.00  2.50    49.20    3.47    1.01
sto.H99      84.57    5.41    1.00  2.50    59.80    3.83    1.01
rrd.H99      84.57    5.41    1.00  2.50    59.80    3.83    1.01
sto.H10      69.58    4.91    1.00  2.50    49.20    3.47    1.01
rrd.H10      69.58    4.91    1.00  2.50    49.20    3.47    1.01
sto.H11      69.58    4.91    1.00  2.50    49.20    3.47    1.01
rrd.H11      69.58    4.91    1.00  2.50    49.20    3.47    1.01
sto.H12      69.58    4.91    1.00  2.50    49.20    3.47    1.01
rrd.H12      69.58    4.91    1.00  2.50    49.20    3.47    1.01
sto.H13      69.58    4.91    1.00  2.50    49.20    3.47    1.01
rrd.H13      69.58    4.91    1.00  2.50    49.20    3.47    1.01
sto.H14      69.58    4.91    1.00  2.50    49.20    3.47    1.01
rrd.H14      69.58    4.91    1.00  2.50    49.20    3.47    1.01
HW            0.00    0.00    1.00  2.50     0.00    0.00    1.01
HO            0.00    0.00    1.00  2.50     0.00    0.00    1.01
OW          762.89   24.39    1.00  2.50   539.44   17.25   16.00
rrd.O88     760.64   25.04    1.00  2.50   537.86   17.71   16.00
rrd.H88       0.01    0.04    1.00  2.50     0.00    0.03    1.01
C2         1802.24   34.18    1.00  2.50  1274.38   24.17   12.01
ODE         601.15   22.27    1.00  2.50   425.08   15.75   16.00
O2          616.44   23.77    1.00  2.50   435.89   16.81   16.00
O1          616.44   23.77    1.00  2.50   435.89   16.81   16.00
rrd.H89       0.01    0.04    1.00  2.50     0.00    0.03    1.01
CT          944.52   22.03    1.00  2.50   667.88   15.58   12.01
HC           84.57    5.41    1.00  2.50    59.80    3.83    1.01

Assigning Q-atom types to all Q atoms:
Q atom    atom type in  state 1  state 2
     1                  sto.O99  rrd.O99 
     2                  sto.C98  rrd.C98 
     3                  sto.C96  rrd.C96 
     4                  sto.C1   rrd.C1  
     5                  sto.C2   rrd.C2  
     6                  sto.C3   rrd.C3  
     7                  sto.C4   rrd.C4  
     8                  sto.C5   rrd.C5  
     9                  sto.C99  rrd.C99 
    10                  sto.C97  rrd.C97 
    11                  sto.C10  rrd.C10 
    12                  sto.C11  rrd.C11 
    13                  sto.C12  rrd.C12 
    14                  sto.C13  rrd.C13 
    15                  sto.C14  rrd.C14 
    16                  sto.H98  rrd.H98 
    17                  sto.H1   rrd.H1  
    18                  sto.H2   rrd.H2  
    19                  sto.H3   rrd.H3  
    20                  sto.H4   rrd.H4  
    21                  sto.H5   rrd.H5  
    22                  sto.H99  rrd.H99 
    23                  sto.H10  rrd.H10 
    24                  sto.H11  rrd.H11 
    25                  sto.H12  rrd.H12 
    26                  sto.H13  rrd.H13 
    27                  sto.H14  rrd.H14 
    28                  HW       HO      
    29                  OW       rrd.O88 
    30                  HW       rrd.H88 
    31                  C2       C2      
    32                  ODE      O2      
    33                  O1       O2      
    34                  HO       rrd.H89 
    35                  CT       CT      
    36                  HC       HC      
    37                  HC       HC      
    38                  C2       C2      
    39                  O2       ODE     
    40                  O2       O1      
    41                  CT       CT      
    42                  HC       HC      
    43                  HC       HC      

No. of soft repulsion non-bonded pairs =     7
q-atom_i q-atom_j
       1        2
      28       30
      29       28
      32       34
      39       28
       2       29
       1       34

Q-bond types:
type #  Morse E_diss    alpha       b0  Harmonic force_k 
>>>>> ERROR: Read error at line  1 of section [bond_types                              ]

!!!!!!!!!!!!!!!!!!!!!!!!!!!!! ABNORMAL TERMINATION !!!!!!!!!!!!!!!!!!!!!!!!!!!!
 restart file written at step           0
No. of atomic charges   =       6024
No. of solute chargegrps=        675
No. of solvent chargegps=        423
No. of atomic charges   =       6024
No. of solute chargegrps=        675
No. of solvent chargegps=        423
No. of atomic charges   =       6024
No. of solute chargegrps=        675
No. of solvent chargegps=        423
!!!!!!!!!!!!!!!!!!!!!!!!!!!!!!!!!!!!!!!!!!!!!!!!!!!!!!!!!!!!!!!!!!!!!!!!!!!!!!!
ABNORMAL TERMINATION of Q
Terminating due to failure to load FEP file.
!!!!!!!!!!!!!!!!!!!!!!!!!!!!!!!!!!!!!!!!!!!!!!!!!!!!!!!!!!!!!!!!!!!!!!!!!!!!!!!
Charge group cut-off    : Switching atoms
vdW  rule [ 1=G / 2=A ] =          1
El-static 1-4 damping   =      0.500
Coulomb constant        =   332.0000
Charge group cut-off    : Switching atoms
vdW  rule [ 1=G / 2=A ] =          1
El-static 1-4 damping   =      0.500
Coulomb constant        =   332.0000
Charge group cut-off    : Switching atoms
vdW  rule [ 1=G / 2=A ] =          1
El-static 1-4 damping   =      0.500
Coulomb constant        =   332.0000
No. of atom types       =        111
No. of LJ type 2 pairs  =          0
No. of heavy atoms      =       2803
No. of 1-4 neighbours   =      12665
No. of atom types       =        111
No. of LJ type 2 pairs  =          0
No. of heavy atoms      =       2803
No. of 1-4 neighbours   =      12665
No. of atom types       =        111
No. of LJ type 2 pairs  =          0
No. of heavy atoms      =       2803
No. of 1-4 neighbours   =      12665
No. of long-range excls =          0
No. of residues         =        725
No of solute residues   =        302
No. of molecules        =        428
Atom type names         =        111
SYBYL atom types        =        111
Boundary: sphere
Exclusion radius        =     20.000
Eff. solvent radius     =     19.620
Solvent density         =   0.03350000
Solute centre           =      8.301    -6.381    -2.992
Solvent centre          =      8.301    -6.381    -2.992
No. of excluded atoms   =       2491
Molecular topology read successfully.

Found      539 solute atoms in the restrained shell region ( 17.00 to  20.00)
----------------------------- Reading restart file ----------------------------
Total number of atoms        =    6024
Number of waters encountered =     423

----------------------------- Reading Q atom list ----------------------------
No. of fep/evb states    =     2
No. of fep/evb atoms     =    43
Atom nos.:  4699  4700  4701  4702  4703  4704  4705  4706  4707  4708
Atom nos.:  4709  4710  4711  4712  4713  4714  4715  4716  4717  4718
Atom nos.:  4719  4720  4721  4722  4723  4724  4725  4754  4753  4755
Atom nos.:  1490  1491  1492  1493  1487  1488  1489  1984  1985  1986
Atom nos.:  1981  1982  1983
--------------------------- Reading fep/evb strategy --------------------------

No. of changing charges  =    43
Effective Q-atom charges for all Q-atoms
Q atom    charge in state 1 state 2
     1               -0.249  -0.708
     2               -0.109   0.369
     3                0.228  -0.046
     4               -0.215  -0.148
     5               -0.124  -0.158
     6               -0.175  -0.123
     7               -0.124  -0.158
     8               -0.215  -0.148
     9               -0.109   0.368
    10                0.227  -0.046
    11               -0.215  -0.148
    12               -0.124  -0.158
    13               -0.175  -0.123
    14               -0.124  -0.158
    15               -0.215  -0.148
    16                0.133  -0.002
    17                0.147   0.150
    18                0.143   0.138
    19                0.146   0.133
    20                0.143   0.138
    21                0.147   0.150
    22                0.133  -0.003
    23                0.147   0.150
    24                0.143   0.138
    25                0.146   0.133
    26                0.143   0.138
    27                0.147   0.150
    28                0.417   0.450
    29               -0.834  -0.709
    30                0.417   0.414
    31                0.520   0.700
    32               -0.530  -0.800
    33               -0.440  -0.800
    34                0.450   0.415
    35               -0.120  -0.220
    36                0.060   0.060
    37                0.060   0.060
    38                0.700   0.520
    39               -0.800  -0.530
    40               -0.800  -0.440
    41               -0.220  -0.120
    42                0.060   0.060
    43                0.060   0.060

   SUM               -1.000  -1.000

No. of Q-atom types  =    66
Name            Ai      Bi      Ci     ai Ai(1-4) Bi(1-4)    Mass
sto.O99     445.12   18.25    1.00  2.50   314.75   12.91   16.00
rrd.O99     760.64   25.04    1.00  2.50   537.86   17.71   16.00
sto.C98     944.52   22.03    1.00  2.50   667.88   15.58   12.01
rrd.C98     944.52   22.03    1.00  2.50   667.88   15.58   12.01
sto.C96    1059.13   23.67    1.00  2.50   748.92   16.74   12.01
rrd.C96    1059.13   23.67    1.00  2.50   748.92   16.74   12.01
sto.C1     1059.13   23.67    1.00  2.50   748.92   16.74   12.01
rrd.C1     1059.13   23.67    1.00  2.50   748.92   16.74   12.01
sto.C2     1059.13   23.67    1.00  2.50   748.92   16.74   12.01
rrd.C2     1059.13   23.67    1.00  2.50   748.92   16.74   12.01
sto.C3     1059.13   23.67    1.00  2.50   748.92   16.74   12.01
rrd.C3     1059.13   23.67    1.00  2.50   748.92   16.74   12.01
sto.C4     1059.13   23.67    1.00  2.50   748.92   16.74   12.01
rrd.C4     1059.13   23.67    1.00  2.50   748.92   16.74   12.01
sto.C5     1059.13   23.67    1.00  2.50   748.92   16.74   12.01
rrd.C5     1059.13   23.67    1.00  2.50   748.92   16.74   12.01
sto.C99     944.52   22.03    1.00  2.50   667.88   15.58   12.01
rrd.C99     944.52   22.03    1.00  2.50   667.88   15.58   12.01
sto.C97    1059.13   23.67    1.00  2.50   748.92   16.74   12.01
rrd.C97    1059.13   23.67    1.00  2.50   748.92   16.74   12.01
sto.C10    1059.13   23.67    1.00  2.50   748.92   16.74   12.01
rrd.C10    1059.13   23.67    1.00  2.50   748.92   16.74   12.01
sto.C11    1059.13   23.67    1.00  2.50   748.92   16.74   12.01
rrd.C11    1059.13   23.67    1.00  2.50   748.92   16.74   12.01
sto.C12    1059.13   23.67    1.00  2.50   748.92   16.74   12.01
rrd.C12    1059.13   23.67    1.00  2.50   748.92   16.74   12.01
sto.C13    1059.13   23.67    1.00  2.50   748.92   16.74   12.01
rrd.C13    1059.13   23.67    1.00  2.50   748.92   16.74   12.01
sto.C14    1059.13   23.67    1.00  2.50   748.92   16.74   12.01
rrd.C14    1059.13   23.67    1.00  2.50   748.92   16.74   12.01
sto.H98      84.57    5.41    1.00  2.50    59.80    3.83    1.01
rrd.H98      84.57    5.41    1.00  2.50    59.80    3.83    1.01
sto.H1       69.58    4.91    1.00  2.50    49.20    3.47    1.01
rrd.H1       69.58    4.91    1.00  2.50    49.20    3.47    1.01
sto.H2       69.58    4.91    1.00  2.50    49.20    3.47    1.01
rrd.H2       69.58    4.91    1.00  2.50    49.20    3.47    1.01
sto.H3       69.58    4.91    1.00  2.50    49.20    3.47    1.01
rrd.H3       69.58    4.91    1.00  2.50    49.20    3.47    1.01
sto.H4       69.58    4.91    1.00  2.50    49.20    3.47    1.01
rrd.H4       69.58    4.91    1.00  2.50    49.20    3.47    1.01
sto.H5       69.58    4.91    1.00  2.50    49.20    3.47    1.01
rrd.H5       69.58    4.91    1.00  2.50    49.20    3.47    1.01
sto.H99      84.57    5.41    1.00  2.50    59.80    3.83    1.01
rrd.H99      84.57    5.41    1.00  2.50    59.80    3.83    1.01
sto.H10      69.58    4.91    1.00  2.50    49.20    3.47    1.01
rrd.H10      69.58    4.91    1.00  2.50    49.20    3.47    1.01
sto.H11      69.58    4.91    1.00  2.50    49.20    3.47    1.01
rrd.H11      69.58    4.91    1.00  2.50    49.20    3.47    1.01
sto.H12      69.58    4.91    1.00  2.50    49.20    3.47    1.01
rrd.H12      69.58    4.91    1.00  2.50    49.20    3.47    1.01
sto.H13      69.58    4.91    1.00  2.50    49.20    3.47    1.01
rrd.H13      69.58    4.91    1.00  2.50    49.20    3.47    1.01
sto.H14      69.58    4.91    1.00  2.50    49.20    3.47    1.01
rrd.H14      69.58    4.91    1.00  2.50    49.20    3.47    1.01
HW            0.00    0.00    1.00  2.50     0.00    0.00    1.01
HO            0.00    0.00    1.00  2.50     0.00    0.00    1.01
OW          762.89   24.39    1.00  2.50   539.44   17.25   16.00
rrd.O88     760.64   25.04    1.00  2.50   537.86   17.71   16.00
rrd.H88       0.01    0.04    1.00  2.50     0.00    0.03    1.01
C2         1802.24   34.18    1.00  2.50  1274.38   24.17   12.01
ODE         601.15   22.27    1.00  2.50   425.08   15.75   16.00
O2          616.44   23.77    1.00  2.50   435.89   16.81   16.00
O1          616.44   23.77    1.00  2.50   435.89   16.81   16.00
rrd.H89       0.01    0.04    1.00  2.50     0.00    0.03    1.01
CT          944.52   22.03    1.00  2.50   667.88   15.58   12.01
HC           84.57    5.41    1.00  2.50    59.80    3.83    1.01

Assigning Q-atom types to all Q atoms:
Q atom    atom type in  state 1  state 2
     1                  sto.O99  rrd.O99 
     2                  sto.C98  rrd.C98 
     3                  sto.C96  rrd.C96 
     4                  sto.C1   rrd.C1  
     5                  sto.C2   rrd.C2  
     6                  sto.C3   rrd.C3  
     7                  sto.C4   rrd.C4  
     8                  sto.C5   rrd.C5  
     9                  sto.C99  rrd.C99 
    10                  sto.C97  rrd.C97 
    11                  sto.C10  rrd.C10 
    12                  sto.C11  rrd.C11 
    13                  sto.C12  rrd.C12 
    14                  sto.C13  rrd.C13 
    15                  sto.C14  rrd.C14 
    16                  sto.H98  rrd.H98 
    17                  sto.H1   rrd.H1  
    18                  sto.H2   rrd.H2  
    19                  sto.H3   rrd.H3  
    20                  sto.H4   rrd.H4  
    21                  sto.H5   rrd.H5  
    22                  sto.H99  rrd.H99 
    23                  sto.H10  rrd.H10 
    24                  sto.H11  rrd.H11 
    25                  sto.H12  rrd.H12 
    26                  sto.H13  rrd.H13 
    27                  sto.H14  rrd.H14 
    28                  HW       HO      
    29                  OW       rrd.O88 
    30                  HW       rrd.H88 
    31                  C2       C2      
    32                  ODE      O2      
    33                  O1       O2      
    34                  HO       rrd.H89 
    35                  CT       CT      
    36                  HC       HC      
    37                  HC       HC      
    38                  C2       C2      
    39                  O2       ODE     
    40                  O2       O1      
    41                  CT       CT      
    42                  HC       HC      
    43                  HC       HC      

No. of soft repulsion non-bonded pairs =     7
q-atom_i q-atom_j
       1        2
      28       30
      29       28
      32       34
      39       28
       2       29
       1       34

Q-bond types:
type #  Morse E_diss    alpha       b0  Harmonic force_k 
>>>>> ERROR: Read error at line  1 of section [bond_types                              ]

!!!!!!!!!!!!!!!!!!!!!!!!!!!!! ABNORMAL TERMINATION !!!!!!!!!!!!!!!!!!!!!!!!!!!!
 restart file written at step           0
!!!!!!!!!!!!!!!!!!!!!!!!!!!!!!!!!!!!!!!!!!!!!!!!!!!!!!!!!!!!!!!!!!!!!!!!!!!!!!!
ABNORMAL TERMINATION of Q
Terminating due to failure to load FEP file.
!!!!!!!!!!!!!!!!!!!!!!!!!!!!!!!!!!!!!!!!!!!!!!!!!!!!!!!!!!!!!!!!!!!!!!!!!!!!!!!
No. long-range 1-4 nbrs =          6
No. of nbor exclusions  =      15217
No. long-range 1-4 nbrs =          6
No. of nbor exclusions  =      15217
No. long-range 1-4 nbrs =          6
No. of nbor exclusions  =      15217
No. of long-range excls =          0
No. of residues         =        725
No of solute residues   =        302
No. of molecules        =        428
Atom type names         =        111
SYBYL atom types        =        111
Boundary: sphere
Exclusion radius        =     20.000
Eff. solvent radius     =     19.620
Solvent density         =   0.03350000
Solute centre           =      8.301    -6.381    -2.992
Solvent centre          =      8.301    -6.381    -2.992
No. of excluded atoms   =       2491
Molecular topology read successfully.

Found      539 solute atoms in the restrained shell region ( 17.00 to  20.00)
----------------------------- Reading restart file ----------------------------
Total number of atoms        =    6024
Number of waters encountered =     423

----------------------------- Reading Q atom list ----------------------------
No. of fep/evb states    =     2
No. of fep/evb atoms     =    43
Atom nos.:  4699  4700  4701  4702  4703  4704  4705  4706  4707  4708
Atom nos.:  4709  4710  4711  4712  4713  4714  4715  4716  4717  4718
Atom nos.:  4719  4720  4721  4722  4723  4724  4725  4754  4753  4755
Atom nos.:  1490  1491  1492  1493  1487  1488  1489  1984  1985  1986
Atom nos.:  1981  1982  1983
--------------------------- Reading fep/evb strategy --------------------------

No. of changing charges  =    43
No. of long-range excls =          0
Effective Q-atom charges for all Q-atoms
Q atom    charge in state 1 state 2
No. of long-range excls =          0
     1               -0.249  -0.708
     2               -0.109   0.369
     3                0.228  -0.046
     4               -0.215  -0.148
     5               -0.124  -0.158
     6               -0.175  -0.123
     7               -0.124  -0.158
     8               -0.215  -0.148
     9               -0.109   0.368
    10                0.227  -0.046
    11               -0.215  -0.148
    12               -0.124  -0.158
    13               -0.175  -0.123
    14               -0.124  -0.158
    15               -0.215  -0.148
    16                0.133  -0.002
    17                0.147   0.150
    18                0.143   0.138
    19                0.146   0.133
    20                0.143   0.138
    21                0.147   0.150
    22                0.133  -0.003
    23                0.147   0.150
    24                0.143   0.138
    25                0.146   0.133
    26                0.143   0.138
    27                0.147   0.150
    28                0.417   0.450
    29               -0.834  -0.709
    30                0.417   0.414
    31                0.520   0.700
    32               -0.530  -0.800
    33               -0.440  -0.800
    34                0.450   0.415
    35               -0.120  -0.220
    36                0.060   0.060
    37                0.060   0.060
    38                0.700   0.520
    39               -0.800  -0.530
    40               -0.800  -0.440
    41               -0.220  -0.120
    42                0.060   0.060
    43                0.060   0.060

   SUM               -1.000  -1.000

No. of Q-atom types  =    66
Name            Ai      Bi      Ci     ai Ai(1-4) Bi(1-4)    Mass
sto.O99     445.12   18.25    1.00  2.50   314.75   12.91   16.00
rrd.O99     760.64   25.04    1.00  2.50   537.86   17.71   16.00
sto.C98     944.52   22.03    1.00  2.50   667.88   15.58   12.01
rrd.C98     944.52   22.03    1.00  2.50   667.88   15.58   12.01
sto.C96    1059.13   23.67    1.00  2.50   748.92   16.74   12.01
rrd.C96    1059.13   23.67    1.00  2.50   748.92   16.74   12.01
sto.C1     1059.13   23.67    1.00  2.50   748.92   16.74   12.01
rrd.C1     1059.13   23.67    1.00  2.50   748.92   16.74   12.01
sto.C2     1059.13   23.67    1.00  2.50   748.92   16.74   12.01
rrd.C2     1059.13   23.67    1.00  2.50   748.92   16.74   12.01
sto.C3     1059.13   23.67    1.00  2.50   748.92   16.74   12.01
rrd.C3     1059.13   23.67    1.00  2.50   748.92   16.74   12.01
sto.C4     1059.13   23.67    1.00  2.50   748.92   16.74   12.01
rrd.C4     1059.13   23.67    1.00  2.50   748.92   16.74   12.01
sto.C5     1059.13   23.67    1.00  2.50   748.92   16.74   12.01
rrd.C5     1059.13   23.67    1.00  2.50   748.92   16.74   12.01
sto.C99     944.52   22.03    1.00  2.50   667.88   15.58   12.01
rrd.C99     944.52   22.03    1.00  2.50   667.88   15.58   12.01
sto.C97    1059.13   23.67    1.00  2.50   748.92   16.74   12.01
rrd.C97    1059.13   23.67    1.00  2.50   748.92   16.74   12.01
sto.C10    1059.13   23.67    1.00  2.50   748.92   16.74   12.01
rrd.C10    1059.13   23.67    1.00  2.50   748.92   16.74   12.01
No. of residues         =        725
No of solute residues   =        302
sto.C11    1059.13   23.67    1.00  2.50   748.92   16.74   12.01
rrd.C11    1059.13   23.67    1.00  2.50   748.92   16.74   12.01
No. of residues         =        725
No of solute residues   =        302
sto.C12    1059.13   23.67    1.00  2.50   748.92   16.74   12.01
rrd.C12    1059.13   23.67    1.00  2.50   748.92   16.74   12.01
sto.C13    1059.13   23.67    1.00  2.50   748.92   16.74   12.01
rrd.C13    1059.13   23.67    1.00  2.50   748.92   16.74   12.01
sto.C14    1059.13   23.67    1.00  2.50   748.92   16.74   12.01
rrd.C14    1059.13   23.67    1.00  2.50   748.92   16.74   12.01
sto.H98      84.57    5.41    1.00  2.50    59.80    3.83    1.01
rrd.H98      84.57    5.41    1.00  2.50    59.80    3.83    1.01
sto.H1       69.58    4.91    1.00  2.50    49.20    3.47    1.01
rrd.H1       69.58    4.91    1.00  2.50    49.20    3.47    1.01
sto.H2       69.58    4.91    1.00  2.50    49.20    3.47    1.01
rrd.H2       69.58    4.91    1.00  2.50    49.20    3.47    1.01
No. of molecules        =        428
sto.H3       69.58    4.91    1.00  2.50    49.20    3.47    1.01
rrd.H3       69.58    4.91    1.00  2.50    49.20    3.47    1.01
sto.H4       69.58    4.91    1.00  2.50    49.20    3.47    1.01
No. of molecules        =        428
rrd.H4       69.58    4.91    1.00  2.50    49.20    3.47    1.01
Atom type names         =        111
sto.H5       69.58    4.91    1.00  2.50    49.20    3.47    1.01
Atom type names         =        111
rrd.H5       69.58    4.91    1.00  2.50    49.20    3.47    1.01
SYBYL atom types        =        111
Boundary: sphere
sto.H99      84.57    5.41    1.00  2.50    59.80    3.83    1.01
rrd.H99      84.57    5.41    1.00  2.50    59.80    3.83    1.01
SYBYL atom types        =        111
sto.H10      69.58    4.91    1.00  2.50    49.20    3.47    1.01
Boundary: sphere
Exclusion radius        =     20.000
Eff. solvent radius     =     19.620
Solvent density         =   0.03350000
rrd.H10      69.58    4.91    1.00  2.50    49.20    3.47    1.01
Exclusion radius        =     20.000
Eff. solvent radius     =     19.620
Solvent density         =   0.03350000
Solute centre           =      8.301    -6.381    -2.992
Solvent centre          =      8.301    -6.381    -2.992
sto.H11      69.58    4.91    1.00  2.50    49.20    3.47    1.01
Solute centre           =      8.301    -6.381    -2.992
Solvent centre          =      8.301    -6.381    -2.992
rrd.H11      69.58    4.91    1.00  2.50    49.20    3.47    1.01
sto.H12      69.58    4.91    1.00  2.50    49.20    3.47    1.01
rrd.H12      69.58    4.91    1.00  2.50    49.20    3.47    1.01
sto.H13      69.58    4.91    1.00  2.50    49.20    3.47    1.01
rrd.H13      69.58    4.91    1.00  2.50    49.20    3.47    1.01
sto.H14      69.58    4.91    1.00  2.50    49.20    3.47    1.01
rrd.H14      69.58    4.91    1.00  2.50    49.20    3.47    1.01
HW            0.00    0.00    1.00  2.50     0.00    0.00    1.01
HO            0.00    0.00    1.00  2.50     0.00    0.00    1.01
OW          762.89   24.39    1.00  2.50   539.44   17.25   16.00
rrd.O88     760.64   25.04    1.00  2.50   537.86   17.71   16.00
rrd.H88       0.01    0.04    1.00  2.50     0.00    0.03    1.01
C2         1802.24   34.18    1.00  2.50  1274.38   24.17   12.01
ODE         601.15   22.27    1.00  2.50   425.08   15.75   16.00
O2          616.44   23.77    1.00  2.50   435.89   16.81   16.00
O1          616.44   23.77    1.00  2.50   435.89   16.81   16.00
rrd.H89       0.01    0.04    1.00  2.50     0.00    0.03    1.01
CT          944.52   22.03    1.00  2.50   667.88   15.58   12.01
HC           84.57    5.41    1.00  2.50    59.80    3.83    1.01

Assigning Q-atom types to all Q atoms:
Q atom    atom type in  state 1  state 2
     1                  sto.O99  rrd.O99 
     2                  sto.C98  rrd.C98 
     3                  sto.C96  rrd.C96 
     4                  sto.C1   rrd.C1  
     5                  sto.C2   rrd.C2  
     6                  sto.C3   rrd.C3  
     7                  sto.C4   rrd.C4  
     8                  sto.C5   rrd.C5  
     9                  sto.C99  rrd.C99 
    10                  sto.C97  rrd.C97 
    11                  sto.C10  rrd.C10 
    12                  sto.C11  rrd.C11 
    13                  sto.C12  rrd.C12 
    14                  sto.C13  rrd.C13 
    15                  sto.C14  rrd.C14 
    16                  sto.H98  rrd.H98 
    17                  sto.H1   rrd.H1  
    18                  sto.H2   rrd.H2  
    19                  sto.H3   rrd.H3  
    20                  sto.H4   rrd.H4  
    21                  sto.H5   rrd.H5  
    22                  sto.H99  rrd.H99 
    23                  sto.H10  rrd.H10 
    24                  sto.H11  rrd.H11 
    25                  sto.H12  rrd.H12 
    26                  sto.H13  rrd.H13 
    27                  sto.H14  rrd.H14 
    28                  HW       HO      
    29                  OW       rrd.O88 
    30                  HW       rrd.H88 
    31                  C2       C2      
    32                  ODE      O2      
    33                  O1       O2      
    34                  HO       rrd.H89 
    35                  CT       CT      
    36                  HC       HC      
    37                  HC       HC      
    38                  C2       C2      
    39                  O2       ODE     
    40                  O2       O1      
No. of excluded atoms   =       2491
Molecular topology read successfully.

    41                  CT       CT      
    42                  HC       HC      
    43                  HC       HC      

No. of soft repulsion non-bonded pairs =     7
q-atom_i q-atom_j
       1        2
No. of excluded atoms   =       2491
Molecular topology read successfully.

      28       30
      29       28
      32       34
      39       28
       2       29
       1       34

Q-bond types:
type #  Morse E_diss    alpha       b0  Harmonic force_k 
>>>>> ERROR: Read error at line  1 of section [bond_types                              ]

!!!!!!!!!!!!!!!!!!!!!!!!!!!!! ABNORMAL TERMINATION !!!!!!!!!!!!!!!!!!!!!!!!!!!!
 restart file written at step           0
Found      539 solute atoms in the restrained shell region ( 17.00 to  20.00)
Found      539 solute atoms in the restrained shell region ( 17.00 to  20.00)
----------------------------- Reading restart file ----------------------------
----------------------------- Reading restart file ----------------------------
!!!!!!!!!!!!!!!!!!!!!!!!!!!!!!!!!!!!!!!!!!!!!!!!!!!!!!!!!!!!!!!!!!!!!!!!!!!!!!!
ABNORMAL TERMINATION of Q
Terminating due to failure to load FEP file.
!!!!!!!!!!!!!!!!!!!!!!!!!!!!!!!!!!!!!!!!!!!!!!!!!!!!!!!!!!!!!!!!!!!!!!!!!!!!!!!
Total number of atoms        =    6024
Total number of atoms        =    6024
Number of waters encountered =     423

Number of waters encountered =     423

----------------------------- Reading Q atom list ----------------------------
----------------------------- Reading Q atom list ----------------------------
No. of fep/evb states    =     2
No. of fep/evb states    =     2
No. of fep/evb atoms     =    43
No. of fep/evb atoms     =    43
Atom nos.:  4699  4700  4701  4702  4703  4704  4705  4706  4707  4708
Atom nos.:  4709  4710  4711  4712  4713  4714  4715  4716  4717  4718
Atom nos.:  4719  4720  4721  4722  4723  4724  4725  4754  4753  4755
Atom nos.:  1490  1491  1492  1493  1487  1488  1489  1984  1985  1986
Atom nos.:  4699  4700  4701  4702  4703  4704  4705  4706  4707  4708
Atom nos.:  4709  4710  4711  4712  4713  4714  4715  4716  4717  4718
Atom nos.:  4719  4720  4721  4722  4723  4724  4725  4754  4753  4755
Atom nos.:  1490  1491  1492  1493  1487  1488  1489  1984  1985  1986
Atom nos.:  1981  1982  1983
Atom nos.:  1981  1982  1983
--------------------------- Reading fep/evb strategy --------------------------

No. of changing charges  =    43
--------------------------- Reading fep/evb strategy --------------------------

No. of changing charges  =    43
Effective Q-atom charges for all Q-atoms
Effective Q-atom charges for all Q-atoms
Q atom    charge in state 1 state 2
Q atom    charge in state 1 state 2
     1               -0.249  -0.708
     2               -0.109   0.369
     1               -0.249  -0.708
     2               -0.109   0.369
     3                0.228  -0.046
     3                0.228  -0.046
     4               -0.215  -0.148
     5               -0.124  -0.158
     6               -0.175  -0.123
     4               -0.215  -0.148
     5               -0.124  -0.158
     6               -0.175  -0.123
     7               -0.124  -0.158
     7               -0.124  -0.158
     8               -0.215  -0.148
     9               -0.109   0.368
    10                0.227  -0.046
     8               -0.215  -0.148
     9               -0.109   0.368
    10                0.227  -0.046
    11               -0.215  -0.148
    11               -0.215  -0.148
    12               -0.124  -0.158
    13               -0.175  -0.123
    14               -0.124  -0.158
    12               -0.124  -0.158
    13               -0.175  -0.123
    14               -0.124  -0.158
    15               -0.215  -0.148
    15               -0.215  -0.148
    16                0.133  -0.002
    17                0.147   0.150
    18                0.143   0.138
    16                0.133  -0.002
    17                0.147   0.150
    18                0.143   0.138
    19                0.146   0.133
    19                0.146   0.133
    20                0.143   0.138
    21                0.147   0.150
    22                0.133  -0.003
    20                0.143   0.138
    21                0.147   0.150
    22                0.133  -0.003
    23                0.147   0.150
    23                0.147   0.150
    24                0.143   0.138
    25                0.146   0.133
    26                0.143   0.138
    24                0.143   0.138
    25                0.146   0.133
    26                0.143   0.138
    27                0.147   0.150
    27                0.147   0.150
    28                0.417   0.450
    29               -0.834  -0.709
    30                0.417   0.414
    28                0.417   0.450
    29               -0.834  -0.709
    30                0.417   0.414
    31                0.520   0.700
    31                0.520   0.700
    32               -0.530  -0.800
    33               -0.440  -0.800
    32               -0.530  -0.800
    33               -0.440  -0.800
    34                0.450   0.415
    34                0.450   0.415
    35               -0.120  -0.220
    36                0.060   0.060
    37                0.060   0.060
    35               -0.120  -0.220
    36                0.060   0.060
    37                0.060   0.060
    38                0.700   0.520
    38                0.700   0.520
    39               -0.800  -0.530
    40               -0.800  -0.440
    41               -0.220  -0.120
    39               -0.800  -0.530
    40               -0.800  -0.440
    41               -0.220  -0.120
    42                0.060   0.060
    42                0.060   0.060
    43                0.060   0.060

    43                0.060   0.060

   SUM               -1.000  -1.000

   SUM               -1.000  -1.000

No. of Q-atom types  =    66
Name            Ai      Bi      Ci     ai Ai(1-4) Bi(1-4)    Mass
No. of Q-atom types  =    66
Name            Ai      Bi      Ci     ai Ai(1-4) Bi(1-4)    Mass
sto.O99     445.12   18.25    1.00  2.50   314.75   12.91   16.00
sto.O99     445.12   18.25    1.00  2.50   314.75   12.91   16.00
rrd.O99     760.64   25.04    1.00  2.50   537.86   17.71   16.00
rrd.O99     760.64   25.04    1.00  2.50   537.86   17.71   16.00
sto.C98     944.52   22.03    1.00  2.50   667.88   15.58   12.01
sto.C98     944.52   22.03    1.00  2.50   667.88   15.58   12.01
rrd.C98     944.52   22.03    1.00  2.50   667.88   15.58   12.01
rrd.C98     944.52   22.03    1.00  2.50   667.88   15.58   12.01
sto.C96    1059.13   23.67    1.00  2.50   748.92   16.74   12.01
sto.C96    1059.13   23.67    1.00  2.50   748.92   16.74   12.01
rrd.C96    1059.13   23.67    1.00  2.50   748.92   16.74   12.01
rrd.C96    1059.13   23.67    1.00  2.50   748.92   16.74   12.01
sto.C1     1059.13   23.67    1.00  2.50   748.92   16.74   12.01
sto.C1     1059.13   23.67    1.00  2.50   748.92   16.74   12.01
rrd.C1     1059.13   23.67    1.00  2.50   748.92   16.74   12.01
rrd.C1     1059.13   23.67    1.00  2.50   748.92   16.74   12.01
sto.C2     1059.13   23.67    1.00  2.50   748.92   16.74   12.01
sto.C2     1059.13   23.67    1.00  2.50   748.92   16.74   12.01
rrd.C2     1059.13   23.67    1.00  2.50   748.92   16.74   12.01
rrd.C2     1059.13   23.67    1.00  2.50   748.92   16.74   12.01
sto.C3     1059.13   23.67    1.00  2.50   748.92   16.74   12.01
sto.C3     1059.13   23.67    1.00  2.50   748.92   16.74   12.01
rrd.C3     1059.13   23.67    1.00  2.50   748.92   16.74   12.01
rrd.C3     1059.13   23.67    1.00  2.50   748.92   16.74   12.01
sto.C4     1059.13   23.67    1.00  2.50   748.92   16.74   12.01
sto.C4     1059.13   23.67    1.00  2.50   748.92   16.74   12.01
rrd.C4     1059.13   23.67    1.00  2.50   748.92   16.74   12.01
rrd.C4     1059.13   23.67    1.00  2.50   748.92   16.74   12.01
sto.C5     1059.13   23.67    1.00  2.50   748.92   16.74   12.01
sto.C5     1059.13   23.67    1.00  2.50   748.92   16.74   12.01
rrd.C5     1059.13   23.67    1.00  2.50   748.92   16.74   12.01
rrd.C5     1059.13   23.67    1.00  2.50   748.92   16.74   12.01
sto.C99     944.52   22.03    1.00  2.50   667.88   15.58   12.01
sto.C99     944.52   22.03    1.00  2.50   667.88   15.58   12.01
rrd.C99     944.52   22.03    1.00  2.50   667.88   15.58   12.01
rrd.C99     944.52   22.03    1.00  2.50   667.88   15.58   12.01
sto.C97    1059.13   23.67    1.00  2.50   748.92   16.74   12.01
sto.C97    1059.13   23.67    1.00  2.50   748.92   16.74   12.01
rrd.C97    1059.13   23.67    1.00  2.50   748.92   16.74   12.01
rrd.C97    1059.13   23.67    1.00  2.50   748.92   16.74   12.01
sto.C10    1059.13   23.67    1.00  2.50   748.92   16.74   12.01
sto.C10    1059.13   23.67    1.00  2.50   748.92   16.74   12.01
rrd.C10    1059.13   23.67    1.00  2.50   748.92   16.74   12.01
rrd.C10    1059.13   23.67    1.00  2.50   748.92   16.74   12.01
sto.C11    1059.13   23.67    1.00  2.50   748.92   16.74   12.01
sto.C11    1059.13   23.67    1.00  2.50   748.92   16.74   12.01
rrd.C11    1059.13   23.67    1.00  2.50   748.92   16.74   12.01
rrd.C11    1059.13   23.67    1.00  2.50   748.92   16.74   12.01
sto.C12    1059.13   23.67    1.00  2.50   748.92   16.74   12.01
sto.C12    1059.13   23.67    1.00  2.50   748.92   16.74   12.01
rrd.C12    1059.13   23.67    1.00  2.50   748.92   16.74   12.01
rrd.C12    1059.13   23.67    1.00  2.50   748.92   16.74   12.01
sto.C13    1059.13   23.67    1.00  2.50   748.92   16.74   12.01
sto.C13    1059.13   23.67    1.00  2.50   748.92   16.74   12.01
rrd.C13    1059.13   23.67    1.00  2.50   748.92   16.74   12.01
rrd.C13    1059.13   23.67    1.00  2.50   748.92   16.74   12.01
sto.C14    1059.13   23.67    1.00  2.50   748.92   16.74   12.01
sto.C14    1059.13   23.67    1.00  2.50   748.92   16.74   12.01
rrd.C14    1059.13   23.67    1.00  2.50   748.92   16.74   12.01
rrd.C14    1059.13   23.67    1.00  2.50   748.92   16.74   12.01
sto.H98      84.57    5.41    1.00  2.50    59.80    3.83    1.01
sto.H98      84.57    5.41    1.00  2.50    59.80    3.83    1.01
rrd.H98      84.57    5.41    1.00  2.50    59.80    3.83    1.01
rrd.H98      84.57    5.41    1.00  2.50    59.80    3.83    1.01
sto.H1       69.58    4.91    1.00  2.50    49.20    3.47    1.01
sto.H1       69.58    4.91    1.00  2.50    49.20    3.47    1.01
rrd.H1       69.58    4.91    1.00  2.50    49.20    3.47    1.01
rrd.H1       69.58    4.91    1.00  2.50    49.20    3.47    1.01
sto.H2       69.58    4.91    1.00  2.50    49.20    3.47    1.01
sto.H2       69.58    4.91    1.00  2.50    49.20    3.47    1.01
rrd.H2       69.58    4.91    1.00  2.50    49.20    3.47    1.01
rrd.H2       69.58    4.91    1.00  2.50    49.20    3.47    1.01
sto.H3       69.58    4.91    1.00  2.50    49.20    3.47    1.01
sto.H3       69.58    4.91    1.00  2.50    49.20    3.47    1.01
rrd.H3       69.58    4.91    1.00  2.50    49.20    3.47    1.01
rrd.H3       69.58    4.91    1.00  2.50    49.20    3.47    1.01
sto.H4       69.58    4.91    1.00  2.50    49.20    3.47    1.01
sto.H4       69.58    4.91    1.00  2.50    49.20    3.47    1.01
rrd.H4       69.58    4.91    1.00  2.50    49.20    3.47    1.01
rrd.H4       69.58    4.91    1.00  2.50    49.20    3.47    1.01
sto.H5       69.58    4.91    1.00  2.50    49.20    3.47    1.01
sto.H5       69.58    4.91    1.00  2.50    49.20    3.47    1.01
rrd.H5       69.58    4.91    1.00  2.50    49.20    3.47    1.01
rrd.H5       69.58    4.91    1.00  2.50    49.20    3.47    1.01
sto.H99      84.57    5.41    1.00  2.50    59.80    3.83    1.01
sto.H99      84.57    5.41    1.00  2.50    59.80    3.83    1.01
rrd.H99      84.57    5.41    1.00  2.50    59.80    3.83    1.01
rrd.H99      84.57    5.41    1.00  2.50    59.80    3.83    1.01
sto.H10      69.58    4.91    1.00  2.50    49.20    3.47    1.01
sto.H10      69.58    4.91    1.00  2.50    49.20    3.47    1.01
rrd.H10      69.58    4.91    1.00  2.50    49.20    3.47    1.01
rrd.H10      69.58    4.91    1.00  2.50    49.20    3.47    1.01
sto.H11      69.58    4.91    1.00  2.50    49.20    3.47    1.01
sto.H11      69.58    4.91    1.00  2.50    49.20    3.47    1.01
rrd.H11      69.58    4.91    1.00  2.50    49.20    3.47    1.01
rrd.H11      69.58    4.91    1.00  2.50    49.20    3.47    1.01
sto.H12      69.58    4.91    1.00  2.50    49.20    3.47    1.01
sto.H12      69.58    4.91    1.00  2.50    49.20    3.47    1.01
rrd.H12      69.58    4.91    1.00  2.50    49.20    3.47    1.01
rrd.H12      69.58    4.91    1.00  2.50    49.20    3.47    1.01
sto.H13      69.58    4.91    1.00  2.50    49.20    3.47    1.01
sto.H13      69.58    4.91    1.00  2.50    49.20    3.47    1.01
rrd.H13      69.58    4.91    1.00  2.50    49.20    3.47    1.01
rrd.H13      69.58    4.91    1.00  2.50    49.20    3.47    1.01
sto.H14      69.58    4.91    1.00  2.50    49.20    3.47    1.01
sto.H14      69.58    4.91    1.00  2.50    49.20    3.47    1.01
rrd.H14      69.58    4.91    1.00  2.50    49.20    3.47    1.01
rrd.H14      69.58    4.91    1.00  2.50    49.20    3.47    1.01
HW            0.00    0.00    1.00  2.50     0.00    0.00    1.01
HW            0.00    0.00    1.00  2.50     0.00    0.00    1.01
HO            0.00    0.00    1.00  2.50     0.00    0.00    1.01
HO            0.00    0.00    1.00  2.50     0.00    0.00    1.01
OW          762.89   24.39    1.00  2.50   539.44   17.25   16.00
OW          762.89   24.39    1.00  2.50   539.44   17.25   16.00
rrd.O88     760.64   25.04    1.00  2.50   537.86   17.71   16.00
rrd.O88     760.64   25.04    1.00  2.50   537.86   17.71   16.00
rrd.H88       0.01    0.04    1.00  2.50     0.00    0.03    1.01
rrd.H88       0.01    0.04    1.00  2.50     0.00    0.03    1.01
C2         1802.24   34.18    1.00  2.50  1274.38   24.17   12.01
C2         1802.24   34.18    1.00  2.50  1274.38   24.17   12.01
ODE         601.15   22.27    1.00  2.50   425.08   15.75   16.00
ODE         601.15   22.27    1.00  2.50   425.08   15.75   16.00
O2          616.44   23.77    1.00  2.50   435.89   16.81   16.00
O2          616.44   23.77    1.00  2.50   435.89   16.81   16.00
O1          616.44   23.77    1.00  2.50   435.89   16.81   16.00
O1          616.44   23.77    1.00  2.50   435.89   16.81   16.00
rrd.H89       0.01    0.04    1.00  2.50     0.00    0.03    1.01
rrd.H89       0.01    0.04    1.00  2.50     0.00    0.03    1.01
CT          944.52   22.03    1.00  2.50   667.88   15.58   12.01
CT          944.52   22.03    1.00  2.50   667.88   15.58   12.01
HC           84.57    5.41    1.00  2.50    59.80    3.83    1.01
HC           84.57    5.41    1.00  2.50    59.80    3.83    1.01

Assigning Q-atom types to all Q atoms:

Assigning Q-atom types to all Q atoms:
Q atom    atom type in  state 1  state 2
Q atom    atom type in  state 1  state 2
     1                  sto.O99  rrd.O99 
     1                  sto.O99  rrd.O99 
     2                  sto.C98  rrd.C98 
     2                  sto.C98  rrd.C98 
     3                  sto.C96  rrd.C96 
     3                  sto.C96  rrd.C96 
     4                  sto.C1   rrd.C1  
     4                  sto.C1   rrd.C1  
     5                  sto.C2   rrd.C2  
     5                  sto.C2   rrd.C2  
     6                  sto.C3   rrd.C3  
     6                  sto.C3   rrd.C3  
     7                  sto.C4   rrd.C4  
     7                  sto.C4   rrd.C4  
     8                  sto.C5   rrd.C5  
     8                  sto.C5   rrd.C5  
     9                  sto.C99  rrd.C99 
     9                  sto.C99  rrd.C99 
    10                  sto.C97  rrd.C97 
    10                  sto.C97  rrd.C97 
    11                  sto.C10  rrd.C10 
    11                  sto.C10  rrd.C10 
    12                  sto.C11  rrd.C11 
    13                  sto.C12  rrd.C12 
    12                  sto.C11  rrd.C11 
    13                  sto.C12  rrd.C12 
    14                  sto.C13  rrd.C13 
    14                  sto.C13  rrd.C13 
    15                  sto.C14  rrd.C14 
    16                  sto.H98  rrd.H98 
    15                  sto.C14  rrd.C14 
    16                  sto.H98  rrd.H98 
    17                  sto.H1   rrd.H1  
    17                  sto.H1   rrd.H1  
    18                  sto.H2   rrd.H2  
    19                  sto.H3   rrd.H3  
    18                  sto.H2   rrd.H2  
    19                  sto.H3   rrd.H3  
    20                  sto.H4   rrd.H4  
    21                  sto.H5   rrd.H5  
    20                  sto.H4   rrd.H4  
    21                  sto.H5   rrd.H5  
    22                  sto.H99  rrd.H99 
    23                  sto.H10  rrd.H10 
    22                  sto.H99  rrd.H99 
    23                  sto.H10  rrd.H10 
    24                  sto.H11  rrd.H11 
    24                  sto.H11  rrd.H11 
    25                  sto.H12  rrd.H12 
    25                  sto.H12  rrd.H12 
    26                  sto.H13  rrd.H13 
    26                  sto.H13  rrd.H13 
    27                  sto.H14  rrd.H14 
    27                  sto.H14  rrd.H14 
    28                  HW       HO      
    28                  HW       HO      
    29                  OW       rrd.O88 
    29                  OW       rrd.O88 
    30                  HW       rrd.H88 
    30                  HW       rrd.H88 
    31                  C2       C2      
    32                  ODE      O2      
    31                  C2       C2      
    32                  ODE      O2      
    33                  O1       O2      
    34                  HO       rrd.H89 
    33                  O1       O2      
    34                  HO       rrd.H89 
    35                  CT       CT      
    35                  CT       CT      
    36                  HC       HC      
    36                  HC       HC      
    37                  HC       HC      
    37                  HC       HC      
    38                  C2       C2      
    39                  O2       ODE     
    38                  C2       C2      
    39                  O2       ODE     
    40                  O2       O1      
    41                  CT       CT      
    40                  O2       O1      
    41                  CT       CT      
    42                  HC       HC      
    42                  HC       HC      
    43                  HC       HC      
    43                  HC       HC      

No. of soft repulsion non-bonded pairs =     7

No. of soft repulsion non-bonded pairs =     7
q-atom_i q-atom_j
       1        2
q-atom_i q-atom_j
       1        2
      28       30
      28       30
      29       28
      32       34
      29       28
      32       34
      39       28
      39       28
       2       29
       1       34
       2       29
       1       34

Q-bond types:
type #  Morse E_diss    alpha       b0  Harmonic force_k 

Q-bond types:
type #  Morse E_diss    alpha       b0  Harmonic force_k 
>>>>> ERROR: Read error at line  1 of section [bond_types                              ]
>>>>> ERROR: Read error at line  1 of section [bond_types                              ]

!!!!!!!!!!!!!!!!!!!!!!!!!!!!! ABNORMAL TERMINATION !!!!!!!!!!!!!!!!!!!!!!!!!!!!
 restart file written at step           0

!!!!!!!!!!!!!!!!!!!!!!!!!!!!! ABNORMAL TERMINATION !!!!!!!!!!!!!!!!!!!!!!!!!!!!
 restart file written at step           0
!!!!!!!!!!!!!!!!!!!!!!!!!!!!!!!!!!!!!!!!!!!!!!!!!!!!!!!!!!!!!!!!!!!!!!!!!!!!!!!
!!!!!!!!!!!!!!!!!!!!!!!!!!!!!!!!!!!!!!!!!!!!!!!!!!!!!!!!!!!!!!!!!!!!!!!!!!!!!!!
ABNORMAL TERMINATION of Q
Terminating due to failure to load FEP file.
ABNORMAL TERMINATION of Q
Terminating due to failure to load FEP file.
!!!!!!!!!!!!!!!!!!!!!!!!!!!!!!!!!!!!!!!!!!!!!!!!!!!!!!!!!!!!!!!!!!!!!!!!!!!!!!!
!!!!!!!!!!!!!!!!!!!!!!!!!!!!!!!!!!!!!!!!!!!!!!!!!!!!!!!!!!!!!!!!!!!!!!!!!!!!!!!
