
Build and version information

Build number 6.0.11
Build date   20231011
Built:       
      by     p315462
      on     login1
      git id adc28a635c78993922188615a73366ace3402081
      with   GNU Fortran GCC 11.3.0
Qdyn version 6.0.11 , git id=adc28a635c78993922188615a73366ace3402081 initialising
Current date 2023-12-20 and time 15:23:30

Welcome in qdyn modification date 20231011

 Q6, Copyright © 2017 Johan Åqvist, John Marelius, Shina Caroline Lynn Kamerlin and Paul Bauer
 Q6 comes with ABSOLUTELY NO WARRANTY.  This is free software, and you are welcome
 to redistribute it under certain conditions. For details, add the --help flag.
----------------------- Reading input from relax_001.inp ----------------------
Number of MD steps =       200  Stepsize (fs)    =     1.000
 Not being verbose in temperature print out
Target temperature =      0.10  T-relax time     =      1.00
 No thermostat chosen. Berendsen thermostat will be used.
 Leap frog integrator used by default.
Solute and solvent atoms coupled separately to heat bath.
May redefine groups in later section
Generating seed from system time, please set seed manually to reproduce results
Initial velocities will be generated from Maxwell distribution:
Maxwell temperature=      0.10 Random number seed=      8747
 Using Shake as the constraint algorithm
Shake constraints on solute bonds to any atoms : off
Nonbonded method   = LRF Taylor expansion outside cut-off
Using default temperature coupling groups
Boundary: sphere
Cut-off radii for non-bonded interactions:
Solute-solute:      5.00
Solvent-solvent:    5.00
Solute-solvent:     5.00
Q-atom-non-Q-atom: 99.00
LRF:               99.00
 Radius of inner restrained shell set to 85% of exclusion shell radius.
Radius of inner restrained shell       =       0.850
Polarization force update at default 10/ps
Update every  100 steps
temperature print-out interval set to default.
Non-bonded pair list update interval   =      30
Energy summary print-out interval      =     100
Temperature print-out interval         =      10
Trajectory write interval              =     100
No energy file written.
All atoms will be included in the trajectory.
Topology file      = RRDiol.top
Initial coordinates taken from topology.
Final coord. file  = relax_001.re
Trajectory file    = relax_001.dcd
FEP input file     = RRD_Diol.fep

lambda-values      =  0.90000 0.10000

List of excluded atom groups
No QCP section found, will not try to use RPMD.

Listing of restraining data:
---------------------------- Reading topology file ---------------------------
RRDiol.top                                                                      

No. of solute atoms     =       4755
No. of solvent atoms    =       1269
Solvent dielectric*1000 =     80100
No. of coordinates      =      18072
No. of atom type codes  =       6024
No. of solute bonds     =       4810
No. of solvent bonds    =       1269
No. of solute angles    =       8715
No. of solvent angles   =        423
No. of solute torsions  =      16781
No. of solvent torsions =          0
No. of solute impropers =        951
No. of solvent impropers=          0
No. of atomic charges   =       6024
No. of solute chargegrps=        675
No. of solvent chargegps=        423
Charge group cut-off    : Switching atoms
vdW  rule [ 1=G / 2=A ] =          1
El-static 1-4 damping   =      0.500
Coulomb constant        =   332.0000
No. of atom types       =        111
No. of LJ type 2 pairs  =          0
No. of heavy atoms      =       2803
No. of 1-4 neighbours   =      12665
No. long-range 1-4 nbrs =          6
No. of nbor exclusions  =      15217
No. of long-range excls =          0
No. of residues         =        725
No of solute residues   =        302
No. of molecules        =        428
Atom type names         =        111
SYBYL atom types        =        111
Boundary: sphere
Exclusion radius        =     20.000
Eff. solvent radius     =     19.620
Solvent density         =   0.03350000
Solute centre           =      8.301    -6.381    -2.992
Solvent centre          =      8.301    -6.381    -2.992
No. of excluded atoms   =       2491
Molecular topology read successfully.

Found      539 solute atoms in the restrained shell region ( 17.00 to  20.00)
----------------------------- Reading Q atom list ----------------------------
No. of fep/evb states    =     2
No. of fep/evb atoms     =    43
Atom nos.:  4699  4700  4701  4702  4703  4704  4705  4706  4707  4708
Atom nos.:  4709  4710  4711  4712  4713  4714  4715  4716  4717  4718
Atom nos.:  4719  4720  4721  4722  4723  4724  4725  4754  4753  4755
Atom nos.:  1490  1491  1492  1493  1487  1488  1489  1984  1985  1986
Atom nos.:  1981  1982  1983
--------------------------- Reading fep/evb strategy --------------------------

No. of changing charges  =    43
Effective Q-atom charges for all Q-atoms
Q atom    charge in state 1 state 2
     1               -0.249  -0.708
     2               -0.109   0.369
     3                0.228  -0.046
     4               -0.215  -0.148
     5               -0.124  -0.158
     6               -0.175  -0.123
     7               -0.124  -0.158
     8               -0.215  -0.148
     9               -0.109   0.368
    10                0.227  -0.046
    11               -0.215  -0.148
    12               -0.124  -0.158
    13               -0.175  -0.123
    14               -0.124  -0.158
    15               -0.215  -0.148
    16                0.133  -0.002
    17                0.147   0.150
    18                0.143   0.138
    19                0.146   0.133
    20                0.143   0.138
    21                0.147   0.150
    22                0.133  -0.003
    23                0.147   0.150
    24                0.143   0.138
    25                0.146   0.133
    26                0.143   0.138
    27                0.147   0.150
    28                0.417   0.450
    29               -0.834  -0.709
    30                0.417   0.414
    31                0.520   0.700
    32               -0.530  -0.800
    33               -0.440  -0.800
    34                0.450   0.415
    35               -0.120  -0.220
    36                0.060   0.060
    37                0.060   0.060
    38                0.700   0.520
    39               -0.800  -0.530
    40               -0.800  -0.440
    41               -0.220  -0.120
    42                0.060   0.060
    43                0.060   0.060

   SUM               -1.000  -1.000

No. of Q-atom types  =    66
Name            Ai      Bi      Ci     ai Ai(1-4) Bi(1-4)    Mass
sto.O99     445.12   18.25  170.00  2.50   314.75   12.91   16.00
rrd.O99     760.64   25.04  180.00  2.50   537.86   17.71   16.00
sto.C98     944.52   22.03  190.00  2.50   667.88   15.58   12.01
rrd.C98     944.52   22.03  110.00  2.50   667.88   15.58   12.01
sto.C96    1059.13   23.67    1.00  2.50   748.92   16.74   12.01
rrd.C96    1059.13   23.67    1.00  2.50   748.92   16.74   12.01
sto.C1     1059.13   23.67    1.00  2.50   748.92   16.74   12.01
rrd.C1     1059.13   23.67    1.00  2.50   748.92   16.74   12.01
sto.C2     1059.13   23.67    1.00  2.50   748.92   16.74   12.01
rrd.C2     1059.13   23.67    1.00  2.50   748.92   16.74   12.01
sto.C3     1059.13   23.67    1.00  2.50   748.92   16.74   12.01
rrd.C3     1059.13   23.67    1.00  2.50   748.92   16.74   12.01
sto.C4     1059.13   23.67    1.00  2.50   748.92   16.74   12.01
rrd.C4     1059.13   23.67    1.00  2.50   748.92   16.74   12.01
sto.C5     1059.13   23.67    1.00  2.50   748.92   16.74   12.01
rrd.C5     1059.13   23.67    1.00  2.50   748.92   16.74   12.01
sto.C99     944.52   22.03    1.00  2.50   667.88   15.58   12.01
rrd.C99     944.52   22.03    1.00  2.50   667.88   15.58   12.01
sto.C97    1059.13   23.67    1.00  2.50   748.92   16.74   12.01
rrd.C97    1059.13   23.67    1.00  2.50   748.92   16.74   12.01
sto.C10    1059.13   23.67    1.00  2.50   748.92   16.74   12.01
rrd.C10    1059.13   23.67    1.00  2.50   748.92   16.74   12.01
sto.C11    1059.13   23.67    1.00  2.50   748.92   16.74   12.01
rrd.C11    1059.13   23.67    1.00  2.50   748.92   16.74   12.01
sto.C12    1059.13   23.67    1.00  2.50   748.92   16.74   12.01
rrd.C12    1059.13   23.67    1.00  2.50   748.92   16.74   12.01
sto.C13    1059.13   23.67    1.00  2.50   748.92   16.74   12.01
rrd.C13    1059.13   23.67    1.00  2.50   748.92   16.74   12.01
sto.C14    1059.13   23.67    1.00  2.50   748.92   16.74   12.01
rrd.C14    1059.13   23.67    1.00  2.50   748.92   16.74   12.01
sto.H98      84.57    5.41    1.00  2.50    59.80    3.83    1.01
rrd.H98      84.57    5.41    1.00  2.50    59.80    3.83    1.01
sto.H1       69.58    4.91    1.00  2.50    49.20    3.47    1.01
rrd.H1       69.58    4.91    1.00  2.50    49.20    3.47    1.01
sto.H2       69.58    4.91    1.00  2.50    49.20    3.47    1.01
rrd.H2       69.58    4.91    1.00  2.50    49.20    3.47    1.01
sto.H3       69.58    4.91    1.00  2.50    49.20    3.47    1.01
rrd.H3       69.58    4.91    1.00  2.50    49.20    3.47    1.01
sto.H4       69.58    4.91    1.00  2.50    49.20    3.47    1.01
rrd.H4       69.58    4.91    1.00  2.50    49.20    3.47    1.01
sto.H5       69.58    4.91    1.00  2.50    49.20    3.47    1.01
rrd.H5       69.58    4.91    1.00  2.50    49.20    3.47    1.01
sto.H99      84.57    5.41    1.00  2.50    59.80    3.83    1.01
rrd.H99      84.57    5.41    1.00  2.50    59.80    3.83    1.01
sto.H10      69.58    4.91    1.00  2.50    49.20    3.47    1.01
rrd.H10      69.58    4.91    1.00  2.50    49.20    3.47    1.01
sto.H11      69.58    4.91    1.00  2.50    49.20    3.47    1.01
rrd.H11      69.58    4.91    1.00  2.50    49.20    3.47    1.01
sto.H12      69.58    4.91    1.00  2.50    49.20    3.47    1.01
rrd.H12      69.58    4.91    1.00  2.50    49.20    3.47    1.01
sto.H13      69.58    4.91    1.00  2.50    49.20    3.47    1.01
rrd.H13      69.58    4.91    1.00  2.50    49.20    3.47    1.01
sto.H14      69.58    4.91    1.00  2.50    49.20    3.47    1.01
rrd.H14      69.58    4.91    1.00  2.50    49.20    3.47    1.01
HW            0.00    0.00    1.00  2.50     0.00    0.00    1.01
HO            0.00    0.00    1.00  2.50     0.00    0.00    1.01
OW          762.89   24.39    1.00  2.50   539.44   17.25   16.00
rrd.O88     760.64   25.04  180.00  2.50   537.86   17.71   16.00
rrd.H88       0.01    0.04  160.00  2.50     0.00    0.03    1.01
C2         1802.24   34.18    1.00  2.50  1274.38   24.17   12.01
ODE         601.15   22.27    1.00  2.50   425.08   15.75   16.00
O2          616.44   23.77    1.00  2.50   435.89   16.81   16.00
O1          616.44   23.77    1.00  2.50   435.89   16.81   16.00
rrd.H89       0.01    0.04  165.00  2.50     0.00    0.03    1.01
CT          944.52   22.03    1.00  2.50   667.88   15.58   12.01
HC           84.57    5.41    1.00  2.50    59.80    3.83    1.01

Assigning Q-atom types to all Q atoms:
Q atom    atom type in  state 1  state 2
     1                  sto.O99  rrd.O99 
     2                  sto.C98  rrd.C98 
     3                  sto.C96  rrd.C96 
     4                  sto.C1   rrd.C1  
     5                  sto.C2   rrd.C2  
     6                  sto.C3   rrd.C3  
     7                  sto.C4   rrd.C4  
     8                  sto.C5   rrd.C5  
     9                  sto.C99  rrd.C99 
    10                  sto.C97  rrd.C97 
    11                  sto.C10  rrd.C10 
    12                  sto.C11  rrd.C11 
    13                  sto.C12  rrd.C12 
    14                  sto.C13  rrd.C13 
    15                  sto.C14  rrd.C14 
    16                  sto.H98  rrd.H98 
    17                  sto.H1   rrd.H1  
    18                  sto.H2   rrd.H2  
    19                  sto.H3   rrd.H3  
    20                  sto.H4   rrd.H4  
    21                  sto.H5   rrd.H5  
    22                  sto.H99  rrd.H99 
    23                  sto.H10  rrd.H10 
    24                  sto.H11  rrd.H11 
    25                  sto.H12  rrd.H12 
    26                  sto.H13  rrd.H13 
    27                  sto.H14  rrd.H14 
    28                  HW       HO      
    29                  OW       rrd.O88 
    30                  HW       rrd.H88 
    31                  C2       C2      
    32                  ODE      O2      
    33                  O1       O2      
    34                  HO       rrd.H89 
    35                  CT       CT      
    36                  HC       HC      
    37                  HC       HC      
    38                  C2       C2      
    39                  O2       ODE     
    40                  O2       O1      
    41                  CT       CT      
    42                  HC       HC      
    43                  HC       HC      

No. of soft repulsion non-bonded pairs =     7
q-atom_i q-atom_j
       1        2
      28       30
      29       28
      32       34
      39       28
       2       29
       1       34

Q-bond types:
type #  Morse E_diss    alpha       b0  Harmonic force_k 
     1        670.00     1.87     1.43
     2        104.00     1.99     0.74
     3        102.00     2.26     0.96
     4        102.00     2.20     0.87
     5        670.00     1.87     1.41
     6        640.00     2.26     0.94
     7       1312.00     1.87     1.25
     8        900.00     1.87     1.36
     9       1140.00     1.87     1.23
    10        570.00     1.60     1.49
    11        634.00     1.60     1.51
    12        520.00     1.60     1.51
    13        536.00     1.60     1.53
    14        680.00     1.80     1.09
    15        680.00     1.80     1.09
    16        570.00     1.60     1.49
    17        634.00     1.60     1.51
    18        680.00     1.80     1.09
    19        680.00     1.80     1.09
    20        670.00     1.87     1.43
    21        640.00     1.87     1.41
    22       1106.00     2.26     0.96
    23       1106.00     2.26     0.94


No. of changing bonds    =    18
atom_i atom_j   bond type in state 1 state 2
  4699   4700                      1       0
  4754   4755                      2       0
  4753   4754                      3       0
  1491   1493                      4       0
  1985   4754                      0       4
  4700   4753                      0       5
  1493   4699                      0       6
  1984   1985                      7       8
  1984   1986                      7       9
  4700   4701                     10      11
  4700   4707                     12      13
  4700   4714                     14      15
  4707   4708                     16      17
  4707   4720                     18      19
  4699   4707                     20      21
  4753   4755                     22      23
  1490   1491                      8       7
  1490   1492                      9       7

Q-angle types:
type #       force-k   theta0
     1         30.00    59.15
     2        170.00   111.86
     3         30.00    60.43
     4        100.00   114.28
     5        200.00   104.52
     6          0.00   127.74
     7         70.00   113.00
     8        180.00   112.52
     9        110.00   108.50
    10        100.00   109.50
    11         70.00   109.50
    12        110.00   108.50
    13        140.00   117.00
    14        160.00   120.40
    15        130.00   119.88
    16        140.00   112.17
    17        120.00   121.76
    18        140.00   120.00
    19        120.00   121.76
    20        140.00   120.00
    21        130.00   119.88
    22        140.00   112.17
    23         75.00   117.20
    24         75.00   110.70
    25        120.00   121.76
    26        140.00   120.00
    27        120.00   121.76
    28        140.00   120.00
    29         75.00   117.20
    30         75.00   110.70
    31        170.00   111.86
    32        180.00   112.52
    33         30.00    60.43
    34        100.00   109.50
    35        100.00   114.28
    36         70.00   109.50


No. of changing angles   =    27
atom_i atom_j atom_k    angle type in state 1 state 2
  4700   4699   4707                        1       0
  4699   4700   4701                        2       0
  4699   4700   4707                        3       0
  4699   4700   4714                        4       0
  4754   4753   4755                        5       0
  4753   4754   4755                        6       0
  4753   4755   4754                        6       0
  1490   1491   1493                        7       0
  1984   1985   4754                        0       7
  4701   4700   4753                        0       8
  4700   4753   4755                        0       9
  4707   4700   4753                        0      10
  4714   4700   4753                        0      11
  1493   4699   4707                        0      12
  1981   1984   1986                       13      14
  4701   4700   4707                       15      16
  4700   4701   4702                       17      18
  4700   4701   4706                       19      20
  4700   4707   4708                       21      22
  4700   4707   4720                       23      24
  4707   4708   4709                       25      26
  4707   4708   4713                       27      28
  4707   4700   4714                       29      30
  4699   4707   4708                       31      32
  4699   4707   4700                       33      34
  4699   4707   4720                       35      36
  1487   1490   1492                       14      13

Q-torsion types:
type #       force-k     mult    delta
     1          0.38     3.00     0.00
     2          0.38     3.00     0.00
     3          0.37     3.00     0.00
     4          0.37     3.00     0.00
     5          0.65     1.00     0.00
     6          0.15     2.00   180.00
     7          0.21     3.00     0.00
     8          0.65     1.00     0.00
     9          0.15     2.00   180.00
    10          0.21     3.00     0.00
    11         -0.64     1.00     0.00
    12         -0.04     2.00   180.00
    13          0.20     3.00     0.00
    14          0.23     3.00     0.00
    15          1.50     1.00     0.00
    16          2.45     2.00   180.00
    17          2.45     2.00   180.00
    18          0.14     2.00   180.00
    19          0.00     3.00     0.00
    20          0.14     2.00   180.00
    21          0.00     3.00     0.00
    22          0.32     1.00     0.00
    23         -0.12     2.00   180.00
    24          0.39     3.00     0.00
    25          1.13     1.00     0.00
    26         -1.01     2.00   180.00
    27         -0.12     1.00     0.00
    28         -0.09     2.00   180.00
    29          0.21     3.00     0.00
    30          0.19     3.00     0.00
    31          0.23     3.00     0.00
    32          3.75     1.00     0.00
    33          0.32     1.00     0.00
    34         -0.12     2.00   180.00
    35          0.39     3.00     0.00
    36         -0.12     1.00     0.00
    37         -0.09     2.00   180.00
    38          0.21     3.00     0.00
    39          0.19     3.00     0.00
    40          0.00     1.00     0.00
    41          0.00     2.00   180.00
    42          0.65     1.00     0.00
    43          0.15     2.00   180.00
    44          0.21     3.00     0.00
    45          0.14     2.00   180.00
    46          0.00     3.00     0.00
    47          0.65     1.00     0.00
    48          0.15     2.00   180.00
    49          0.21     3.00     0.00
    50          0.14     2.00   180.00
    51          0.00     3.00     0.00
    52         -0.64     1.00     0.00
    53         -0.04     2.00   180.00
    54          0.20     3.00     0.00
    55          1.13     1.00     0.00
    56         -1.01     2.00   180.00


No. of changing torsions =    65
atom_i atom_j atom_k atom_l    torsion type in state 1 state 2
  4701   4700   4699   4707                          1       0
  4700   4699   4707   4708                          2       0
  4700   4699   4707   4720                          3       0
  4707   4699   4700   4714                          4       0
  4699   4700   4701   4702                          5       0
  4699   4700   4701   4702                          6       0
  4699   4700   4701   4702                          7       0
  4699   4700   4701   4706                          8       0
  4699   4700   4701   4706                          9       0
  4699   4700   4701   4706                         10       0
  4699   4700   4707   4708                         11       0
  4699   4700   4707   4708                         12       0
  4699   4700   4707   4708                         13       0
  4699   4700   4707   4720                         14       0
  1487   1490   1491   1493                         15       0
  1487   1490   1491   1493                         16       0
  1492   1490   1491   1493                         17       0
  1981   1984   1985   4754                          0      15
  1981   1984   1985   4754                          0      16
  1986   1984   1985   4754                          0      17
  4702   4701   4700   4753                          0      18
  4702   4701   4700   4753                          0      19
  4706   4701   4700   4753                          0      20
  4706   4701   4700   4753                          0      21
  4701   4700   4753   4755                          0      22
  4701   4700   4753   4755                          0      23
  4701   4700   4753   4755                          0      24
  4708   4707   4700   4753                          0      25
  4708   4707   4700   4753                          0      26
  4707   4700   4753   4755                          0      27
  4707   4700   4753   4755                          0      28
  4707   4700   4753   4755                          0      29
  4714   4700   4753   4755                          0      30
  4720   4707   4700   4753                          0      31
  4699   4707   4700   4753                          0      32
  1493   4699   4707   4708                          0      33
  1493   4699   4707   4708                          0      34
  1493   4699   4707   4708                          0      35
  1493   4699   4707   4700                          0      36
  1493   4699   4707   4700                          0      37
  1493   4699   4707   4700                          0      38
  1493   4699   4707   4720                          0      39
  1982   1981   1984   1986                         40       0
  1982   1981   1984   1986                          0      41
  1983   1981   1984   1986                         40       0
  1983   1981   1984   1986                          0      41
  4699   4707   4708   4709                         42       0
  4699   4707   4708   4709                         43       0
  4699   4707   4708   4709                         44       0
  4699   4707   4708   4709                          0      45
  4699   4707   4708   4709                          0      46
  4699   4707   4708   4713                         47       0
  4699   4707   4708   4713                         48       0
  4699   4707   4708   4713                         49       0
  4699   4707   4708   4713                          0      50
  4699   4707   4708   4713                          0      51
  4699   4707   4700   4701                         52       0
  4699   4707   4700   4701                         53       0
  4699   4707   4700   4701                         54       0
  4699   4707   4700   4701                          0      55
  4699   4707   4700   4701                          0      56
  1488   1487   1490   1492                         41       0
  1488   1487   1490   1492                          0      40
  1489   1487   1490   1492                         41       0
  1489   1487   1490   1492                          0      40

No. of offdiagonal (Hij) functions =     1
state_i state_j atom_k atom_l     Aij mu_ij
      1       2     13     14    1.00  0.45
No softcore section found. Using normal LJ potentials.

---------------- Removing redefined interactions from topology ---------------
type      atom1 atom2 atom3 atom4
bond       1490  1491
bond       1490  1492
bond       1491  1493
bond       1984  1985
bond       1984  1986
bond       4699  4700
bond       4699  4707
bond       4700  4701
bond       4700  4707
bond       4700  4714
bond       4707  4708
bond       4707  4720
bond       4753  4754
bond       4753  4755
bond       4754  4755
angle      1487  1490  1492
angle      1490  1491  1493
angle      1981  1984  1986
angle      4700  4699  4707
angle      4699  4700  4701
angle      4699  4700  4707
angle      4699  4700  4714
angle      4699  4707  4700
angle      4699  4707  4708
angle      4699  4707  4720
angle      4701  4700  4707
angle      4700  4701  4702
angle      4700  4701  4706
angle      4707  4700  4714
angle      4700  4707  4708
angle      4700  4707  4720
angle      4707  4708  4709
angle      4707  4708  4713
angle      4754  4753  4755
torsion    1488  1487  1490  1492
torsion    1489  1487  1490  1492
torsion    1487  1490  1491  1493
torsion    1487  1490  1491  1493
torsion    1492  1490  1491  1493
torsion    1982  1981  1984  1986
torsion    1983  1981  1984  1986
torsion    4707  4699  4700  4701
torsion    4707  4699  4700  4714
torsion    4700  4699  4707  4708
torsion    4700  4699  4707  4720
torsion    4699  4700  4701  4702
torsion    4699  4700  4701  4702
torsion    4699  4700  4701  4702
torsion    4699  4700  4701  4706
torsion    4699  4700  4701  4706
torsion    4699  4700  4701  4706
torsion    4699  4700  4707  4708
torsion    4699  4700  4707  4708
torsion    4699  4700  4707  4708
torsion    4699  4700  4707  4720
torsion    4701  4700  4707  4699
torsion    4701  4700  4707  4699
torsion    4701  4700  4707  4699
torsion    4699  4707  4708  4709
torsion    4699  4707  4708  4709
torsion    4699  4707  4708  4709
torsion    4699  4707  4708  4713
torsion    4699  4707  4708  4713
torsion    4699  4707  4708  4713

---------------------------- Initialising dynamics ---------------------------
Total charge of non-Q atoms             =      -5.34
Total charge of excluded atoms          =      -0.66
Total charge of system                  =      -6.34
Target water sphere radius              =      19.62
Surface inward harmonic force constant  =      60.00
Surface attraction well depth           =       0.85
Surface attraction well width           =       0.48
Water polarisation restraints           : ON, Born correction enabled
Radial polarisation force constant      =      20.00

Setting up 3 water shells for polarisation restraints.
Shell #    outer radius    inner radius
      1           19.62           19.12
      2           19.12           18.12
      3           18.12           16.62
>>>> ERROR: Charge group  303 is too large for cut-off of    5.000
>>>> ERROR: Switch atom is 1268
>>>> ERROR: Charge group maximum distance is    4.532
>>>> ERROR: Charge group  507 is too large for cut-off of    5.000
>>>> ERROR: Switch atom is 2076
>>>> ERROR: Charge group maximum distance is    4.539
>>>> ERROR: Charge group  558 is too large for cut-off of    5.000
>>>> ERROR: Switch atom is 2255
>>>> ERROR: Charge group maximum distance is    4.363
>>>> ERROR: Charge group  664 is too large for cut-off of    5.000
>>>> ERROR: Switch atom is 4339
>>>> ERROR: Charge group maximum distance is    4.537
>>>> ERROR: Charge group  671 is too large for cut-off of    5.000
>>>> ERROR: Switch atom is 4518
>>>> ERROR: Charge group maximum distance is    4.524

!!!!!!!!!!!!!!!!!!!!!!!!!!!!! ABNORMAL TERMINATION !!!!!!!!!!!!!!!!!!!!!!!!!!!!
 restart file written at step           0
!!!!!!!!!!!!!!!!!!!!!!!!!!!!!!!!!!!!!!!!!!!!!!!!!!!!!!!!!!!!!!!!!!!!!!!!!!!!!!!
ABNORMAL TERMINATION of Q
Terminating due to Too large charge group
!!!!!!!!!!!!!!!!!!!!!!!!!!!!!!!!!!!!!!!!!!!!!!!!!!!!!!!!!!!!!!!!!!!!!!!!!!!!!!!
