
Build and version information

Build number 6.0.38
Build date   20240104
Built:       
      by     jordivilla
      on     P-0515
      git id d993af2a20623fcf9dc867341fb6902d395c0ec9
      with   GNU Fortran Ubuntu 13.2.0-4ubuntu3 13.2.0
qprep version 6.0.38 , git id=d993af2a20623fcf9dc867341fb6902d395c0ec9 initialising
Current date 2024- 1- 4 and time 15:16: 9

Welcome in qprep modification date 20240104

 Q6, Copyright © 2017 Johan Åqvist, John Marelius, Shina Caroline Lynn Kamerlin and Paul Bauer
 Q6 comes with ABSOLUTELY NO WARRANTY.  This is free software, and you are welcome
 to redistribute it under certain conditions. For details, add the --help flag.

------------------------- Reading input from prep2.inp ------------------------
Preferences (use set command to change):
 1. solvent_pack                           2.4000
 2. solvent_names                                                                                                                                                                                                                              
 3. solute_density                         0.0579
 4. random_seed_solute                     179857
 5. random_seed_solvent                    758971

Reading molecular library qoplsaareal.lib

name  atoms  net Q  bonds  rules   imps Q-grps
ALA      10   0.00      9      0      2      3
ARG      24   1.00     23      2      6      4
ARN      23   0.00     22      2      5      5
ASN      14   0.00     13      1      4      5
ASP      12  -1.00     11      0      3      3
ASH      13   0.00     12      1      3      4
CYS      11   0.00     10      0      2      3
CYX      10   0.00      9      0      2      3
GLN      17   0.00     16      1      4      6
GLU      15  -1.00     14      0      3      4
GLH      16   0.00     15      1      3      5
GLY       7   0.00      6      0      2      2
HIP      18   1.00     18      0      7      3
HID      17   0.00     17      0      6      3
HIE      17   0.00     17      0      6      3
ILE      19   0.00     18      0      2      6
LEU      19   0.00     18      0      2      6
LYS      22   1.00     21      0      2      6
LYN      21   0.00     20      0      2      6
MET      17   0.00     16      0      2      4
PHE      20   0.00     20      0      8      8
PRO      14   0.00     14      0      2      4
SER      11  -0.00     10      0      2      3
THR      14  -0.00     13      0      2      4
TRP      24   0.00     25      0     11      8
TYR      21   0.00     21      0      8      8
VAL      16   0.00     15      0      2      5
NTE      21   1.00     20      0      1      6
HOH       3   0.00      3      0      0      1
SPC       3   0.00      3      0      0      1
K+        1   1.00      0      0      0    none, creating default
MG2+      1   2.00      0      0      0    none, creating default

Accumulated no. of library entries loaded =  32


Reading molecular library ./Stilbene_oxide/Stilbene_Oxidetest.lib

name  atoms  net Q  bonds  rules   imps Q-grps
STO      27   0.00     29      0     12      3

Accumulated no. of library entries loaded =  33


Reading molecular library ./RRDiol/RRD_Product.lib

name  atoms  net Q  bonds  rules   imps Q-grps
RRD      30  -0.00     31      0     12      1

Accumulated no. of library entries loaded =  34


Reading molecular library ./ff/H2O.lib

name  atoms  net Q  bonds  rules   imps Q-grps
HO2       3   0.00      3      0      0      1

Accumulated no. of library entries loaded =  35


Reading force field parameter file.
Forcefield name:               Q-OPLSAA
Forcefield type:               AMBER
Lennard-Jones combination rule:GEOMETRIC
Scaling of 1-4 electrostatics: 0.500
Cut-off rule:                  switching atoms
Improper potential:            PERIODIC
Improper generation:           EXPLICIT
 Coulomb constant is set to the default value of 332.
Read  111 atom types
>>>>> WARNING: No SYBYL name for one or more atom types.
Read    0 atom type alias names
Read    0 LJ type 2 pairs
Read  151 bond types
Read   45 unique bond parameters
>>>>> WARNING: No SYBYL bond type for one or more bond types.
Read  289 angle types
Read   84  unique angle parameters
Read  621 torsion types
Read  170 unique torsion parameters
Read   78 improper types
Force field parameters successfully read.


PDB file contains  2380 atoms.
The number of atoms in the topology will be  4757
molecule    1: NTE     5 - ARG   148
molecule    2: ILE     5 - SER   159
molecule    3: STO   160
molecule    4: HO2   162
molecule    5: STO   161

Successfully read PDB file with    5 molecules,
  302 residues totally (  302 in solute).
 4757 atoms totally ( 4757 in solute).

Sequence listing:

NTE  GLU  GLN  PRO  ARG  TRP  ALA  SER  LYS  ASP  PRO  ALA  ALA  GLY  LYS  ALA 
SER  THR  PRO  ASP  GLU  LYS  ILE  VAL  LEU  GLU  PHE  MET  ASP  ALA  LEU  THR 
SER  ASN  ASP  ALA  ALA  LYS  LEU  ILE  LYS  TYR  PHE  ALA  GLU  ASP  THR  MET 
TYR  GLN  ASN  MET  PRO  LEU  PRO  PRO  ALA  TYR  GLY  ARG  ASP  ALA  VAL  GLU 
GLN  THR  LEU  ALA  GLY  LEU  PHE  LYS  VAL  MET  SER  ILE  ASP  ALA  VAL  GLU 
VAL  PHE  HIP  ILE  GLY  SER  SER  LYS  GLY  LEU  VAL  PHE  THR  GLU  ARG  VAL 
ASH  VAL  LEU  ARG  ALA  LEU  PRO  THR  GLY  LYS  SER  TYR  ASN  LEU  SER  ILE 
LEU  GLY  VAL  PHE  GLN  LEU  THR  ASP  GLY  LYS  ILE  THR  GLY  TRP  ARG  ASP 
TYR  PHE  ASP  LEU  ARG  GLU  PHE  GLU  GLU  ALA  VAL  ASP  LEU  PRO  LEU  ARG 
ILE  GLU  GLN  PRO  ARG  TRP  ALA  SER  LYS  ASP  PRO  ALA  ALA  GLY  LYS  ALA 
SER  THR  PRO  ASP  GLU  LYS  ILE  VAL  LEU  GLU  PHE  MET  ASP  ALA  LEU  THR 
SER  ASN  ASP  ALA  ALA  LYS  LEU  ILE  LYS  TYR  PHE  ALA  GLU  ASP  THR  MET 
TYR  GLN  ASN  MET  PRO  LEU  PRO  PRO  ALA  TYR  GLY  ARG  ASP  ALA  VAL  GLU 
GLN  THR  LEU  ALA  GLY  LEU  PHE  LYS  VAL  MET  SER  ILE  ASP  ALA  VAL  GLU 
VAL  PHE  HIP  ILE  GLY  SER  SER  LYS  GLY  LEU  VAL  PHE  THR  GLU  ARG  VAL 
ASH  VAL  LEU  ARG  ALA  LEU  PRO  THR  GLY  LYS  SER  TYR  ASN  LEU  SER  ILE 
LEU  GLY  VAL  PHE  GLN  LEU  THR  ASP  GLY  LYS  ILE  THR  GLY  TRP  ARG  ASP 
TYR  PHE  ASP  LEU  ARG  GLU  PHE  GLU  GLU  ALA  VAL  ASP  LEU  PRO  LEU  ARG 
GLY  LYS  LEU  GLY  PRO  GLU  GLN  LYS  LEU  ILE  SER  STO  HO2  STO 


Simulation sphere centre                   :      8.301  -6.381  -2.992
Simulation radius                          :     20.000

Solvation sphere centre                   :      8.301  -6.381  -2.992
Library entry used to generate solvent  :       HOH 
Radius of solvent sphere                =      20.00 A
Grid spacing                            =       3.10 A 
No. of solvent molecules in the sphere:  1141
Minimum distance to solute heavy atoms:  2.40 A
No. of solvent molecules to add to the system:   423
Assigned  6026 atom types.
Assigned  6026 atomic charges.
Made      4812 solute bonds.
Made         0 extra bonds.
Made      1269 solvent bonds.
Made      8720 solute angles.
Made       423 solvent angles.
Made     16787 solute torsions.
Made         0 solvent torsions.
Made       951 solute impropers.
Made         0 solvent impropers.
Made     12671 entries in the 1-4 neighbour list.
Made         6 entries in the long-range 1-4 neighbour list.
Made     15224 entries in list of excluded neighbours.
Made         0 entries in list of long-range excluded neighbours.
>>> WARNING: Positioning of hydrogen  2702 bound to atom  2701 didn't converge.
Potential is    3.249 kcal/mol.
>>> WARNING: Positioning of hydrogen  4081 bound to atom  4080 didn't converge.
Potential is    3.195 kcal/mol.
Made      2377 solute hydrogens.
Made       846 solvent hydrogens.
Made      675 solute  charge groups comprising a total of   2266 atoms.
Made      423 solvent charge groups comprising a total of   1269 atoms.
Skipped   717excluded charge groups comprising a total of   2491 atoms.
Effective water radius                     : 19.62
Topology successfully generated.


 bond atoms i-j code force-k  bond_0   dist.  energy
 1509 1492 1493   25  900.00    1.36    1.17   16.77
 3797 3755 3756   25  900.00    1.36    1.22    8.92
No. above Emax   =     2
< bond energy >  =     0.13



angle  atoms i--j--k code force-k   ang_0   angle  energy
 5418 2951 2950 2952    6   66.00  107.80   85.30    5.09
No. above Emax   =     1
< angle energy > =     0.11



 tors	atoms i--j--k--l code force-k   mult.   delta	 phi  energy
  363  113   99  100  101   68    6.53    2.00  180.00  136.67    6.15
  458  126  128  130  133   76    3.14   -1.00    0.00  -43.27    5.43
  881  244  246  248  251   76    3.14   -1.00    0.00   53.06    5.03
 1729  479  481  483  489   76    3.14   -1.00    0.00   37.30    5.64
 3589 1003 1005 1007 1013   76    3.14   -1.00    0.00  -43.13    5.43
 4660 1310 1312 1314 1317   76    3.14   -1.00    0.00   45.75    5.33
 4989 1407 1406 1408 1409   72    3.62    2.00  180.00   56.52    5.04
 5030 1416 1418 1420 1426   76    3.14   -1.00    0.00   47.97    5.24
 5693 1600 1602 1604 1610   76    3.14   -1.00    0.00   46.45    5.30
 6066 1708 1710 1712 1715   76    3.14   -1.00    0.00  -50.72    5.13
 6782 1910 1912 1914 1920   76    3.14   -1.00    0.00   26.78    5.94
 9722 2742 2744 2746 2752   76    3.14   -1.00    0.00   39.54    5.56
12653 3573 3575 3577 3580   76    3.14   -1.00    0.00   53.39    5.01
13686 3863 3865 3867 3873   76    3.14   -1.00    0.00   42.22    5.47
14775 4173 4175 4177 4183   76    3.14   -1.00    0.00   -5.62    6.26
16599 4690 4692 4694 4697   76    3.14   -1.00    0.00   31.44    5.82
No. above Emax	 =    16
< torsion energy > =     0.13



impr atoms i--j--k--l    code force-k   imp_0     phi  energy
No. above Emax		=     0
< impr. tors energy > =     0.18


---------------------------- Writing topology file ---------------------------
solute atoms                :   4757
solvent atoms               :   1269
solvent mol atoms           :      3
solvent dielectric as num*10:  80100
co-ordinates                :  18078
integer atom codes          :   6026
solute bonds                :   4812
solvent bonds               :   1269
bond parameters             :     34
solute angles               :   8720
solvent angles              :    423
angle parameters            :     56
torsions                    :  16787
torsion parameters          :    114
impropers                   :    951
improper parameters         :     38
charges                     :   6026
total charge of not excluded:  -5.34
charge groups               :   1098
atom type parameters        :    111
polar LJ pairs              :      0
neighbour list              :  12671
long-range neighbour list   :      6
neighbour exclusion list    :  15224
long-range exclusions       :      0
residues                    :    725
molecules                   :    428
Atom type names             :    111
SYBYL type information      :    111
excluded atom list          :   2491



PDB file successfully written.

